#
# There is insufficient memory for the Java Runtime Environment to continue.
# Native memory allocation (malloc) failed to allocate 2187216 bytes for Chunk::new
# Possible reasons:
#   The system is out of physical RAM or swap space
#   The process is running with CompressedOops enabled, and the Java Heap may be blocking the growth of the native heap
# Possible solutions:
#   Reduce memory load on the system
#   Increase physical memory or swap space
#   Check if swap backing store is full
#   Decrease Java heap size (-Xmx/-Xms)
#   Decrease number of Java threads
#   Decrease Java thread stack sizes (-Xss)
#   Set larger code cache with -XX:ReservedCodeCacheSize=
#   JVM is running with Unscaled Compressed Oops mode in which the Java heap is
#     placed in the first 4GB address space. The Java Heap base address is the
#     maximum limit for the native heap growth. Please use -XX:HeapBaseMinAddress
#     to set the Java Heap base and to place the Java Heap above 4GB virtual address.
# This output file may be truncated or incomplete.
#
#  Out of Memory Error (./open/src/hotspot/share/memory/arena.cpp:195), pid=27436, tid=11632
#
# JRE version: Java(TM) SE Runtime Environment (15.0.2+7) (build 15.0.2+7-27)
# Java VM: Java HotSpot(TM) 64-Bit Server VM (15.0.2+7-27, mixed mode, sharing, tiered, compressed oops, g1 gc, windows-amd64)
# No core dump will be written. Minidumps are not enabled by default on client versions of Windows
#

---------------  S U M M A R Y ------------

Command Line: --add-opens=java.base/java.util=ALL-UNNAMED --add-opens=java.base/java.lang=ALL-UNNAMED --add-opens=java.base/java.lang.invoke=ALL-UNNAMED --add-opens=java.prefs/java.util.prefs=ALL-UNNAMED -XX:MaxMetaspaceSize=256m -XX:+HeapDumpOnOutOfMemoryError -Xms256m -Xmx512m -Dfile.encoding=windows-1252 -Duser.country=US -Duser.language=en -Duser.variant org.gradle.launcher.daemon.bootstrap.GradleDaemon 6.9.1

Host: 11th Gen Intel(R) Core(TM) i5-1135G7 @ 2.40GHz, 8 cores, 11G,  Windows 10 , 64 bit Build 19041 (10.0.19041.1202)
Time: Tue Nov 23 11:26:54 2021 Greenwich Standard Time elapsed time: 3.226130 seconds (0d 0h 0m 3s)

---------------  T H R E A D  ---------------

Current thread (0x00000212bd5d9890):  JavaThread "C2 CompilerThread0" daemon [_thread_in_native, id=11632, stack(0x000000143ce00000,0x000000143cf00000)]


Current CompileTask:
C2:   3226 3267       4       jdk.internal.org.objectweb.asm.Frame::execute (2305 bytes)

Stack: [0x000000143ce00000,0x000000143cf00000]
Native frames: (J=compiled Java code, j=interpreted, Vv=VM code, C=native code)
V  [jvm.dll+0x62ae9a]
V  [jvm.dll+0x7817a9]
V  [jvm.dll+0x782f03]
V  [jvm.dll+0x783563]
V  [jvm.dll+0x216325]
V  [jvm.dll+0x97f3a]
V  [jvm.dll+0x9861c]
V  [jvm.dll+0x32e2a8]
V  [jvm.dll+0x2f768a]
V  [jvm.dll+0x2f6a4a]
V  [jvm.dll+0x1ea705]
V  [jvm.dll+0x1e996e]
V  [jvm.dll+0x178567]
V  [jvm.dll+0x1f9225]
V  [jvm.dll+0x1f72cc]
V  [jvm.dll+0x74495d]
V  [jvm.dll+0x73d75a]
V  [jvm.dll+0x629c56]
C  [ucrtbase.dll+0x21bb2]
C  [KERNEL32.DLL+0x17034]
C  [ntdll.dll+0x52651]


---------------  P R O C E S S  ---------------

Threads class SMR info:
_java_thread_list=0x00000212c024b510, length=31, elements={
0x00000212a232f210, 0x00000212bd5ba8a0, 0x00000212bd5bd390, 0x00000212bd5d7820,
0x00000212bd5d81e0, 0x00000212bd5d8ba0, 0x00000212bd5d9890, 0x00000212bd5da340,
0x00000212bd5dad40, 0x00000212be01ca70, 0x00000212be04d110, 0x00000212bf7a5a30,
0x00000212bfa5ac40, 0x00000212bec31170, 0x00000212bfa7b2a0, 0x00000212bfaa0d50,
0x00000212bfb1eb00, 0x00000212bfb0d0b0, 0x00000212bfb154b0, 0x00000212bfcc5a20,
0x00000212bfd27180, 0x00000212bfd26cb0, 0x00000212bfd284c0, 0x00000212bfd27650,
0x00000212bfd24fd0, 0x00000212bfd267e0, 0x00000212bfd27b20, 0x00000212bfd254a0,
0x00000212bfd28990, 0x00000212bfd25970, 0x00000212bfd25e40
}

Java Threads: ( => current thread )
  0x00000212a232f210 JavaThread "main" [_thread_blocked, id=12728, stack(0x000000143c200000,0x000000143c300000)]
  0x00000212bd5ba8a0 JavaThread "Reference Handler" daemon [_thread_blocked, id=28588, stack(0x000000143c900000,0x000000143ca00000)]
  0x00000212bd5bd390 JavaThread "Finalizer" daemon [_thread_blocked, id=9028, stack(0x000000143ca00000,0x000000143cb00000)]
  0x00000212bd5d7820 JavaThread "Signal Dispatcher" daemon [_thread_blocked, id=6864, stack(0x000000143cb00000,0x000000143cc00000)]
  0x00000212bd5d81e0 JavaThread "Attach Listener" daemon [_thread_blocked, id=5332, stack(0x000000143cc00000,0x000000143cd00000)]
  0x00000212bd5d8ba0 JavaThread "Service Thread" daemon [_thread_blocked, id=6896, stack(0x000000143cd00000,0x000000143ce00000)]
=>0x00000212bd5d9890 JavaThread "C2 CompilerThread0" daemon [_thread_in_native, id=11632, stack(0x000000143ce00000,0x000000143cf00000)]
  0x00000212bd5da340 JavaThread "C1 CompilerThread0" daemon [_thread_in_native_trans, id=28544, stack(0x000000143cf00000,0x000000143d000000)]
  0x00000212bd5dad40 JavaThread "Sweeper thread" daemon [_thread_blocked, id=12900, stack(0x000000143d000000,0x000000143d100000)]
  0x00000212be01ca70 JavaThread "Common-Cleaner" daemon [_thread_blocked, id=19196, stack(0x000000143d100000,0x000000143d200000)]
  0x00000212be04d110 JavaThread "Notification Thread" daemon [_thread_blocked, id=24968, stack(0x000000143d200000,0x000000143d300000)]
  0x00000212bf7a5a30 JavaThread "Daemon health stats" [_thread_blocked, id=3960, stack(0x000000143d900000,0x000000143da00000)]
  0x00000212bfa5ac40 JavaThread "Incoming local TCP Connector on port 63853" [_thread_in_native, id=16912, stack(0x000000143da00000,0x000000143db00000)]
  0x00000212bec31170 JavaThread "Daemon periodic checks" [_thread_blocked, id=14220, stack(0x000000143db00000,0x000000143dc00000)]
  0x00000212bfa7b2a0 JavaThread "Daemon" [_thread_blocked, id=3148, stack(0x000000143dc00000,0x000000143dd00000)]
  0x00000212bfaa0d50 JavaThread "Handler for socket connection from /127.0.0.1:63853 to /127.0.0.1:63854" [_thread_in_native, id=13044, stack(0x000000143dd00000,0x000000143de00000)]
  0x00000212bfb1eb00 JavaThread "Cancel handler" [_thread_blocked, id=19864, stack(0x000000143de00000,0x000000143df00000)]
  0x00000212bfb0d0b0 JavaThread "Daemon worker" [_thread_blocked, id=26568, stack(0x000000143df00000,0x000000143e000000)]
  0x00000212bfb154b0 JavaThread "Asynchronous log dispatcher for DefaultDaemonConnection: socket connection from /127.0.0.1:63853 to /127.0.0.1:63854" [_thread_blocked, id=22348, stack(0x000000143e000000,0x000000143e100000)]
  0x00000212bfcc5a20 JavaThread "Stdin handler" [_thread_blocked, id=20436, stack(0x000000143e100000,0x000000143e200000)]
  0x00000212bfd27180 JavaThread "Daemon client event forwarder" [_thread_blocked, id=22704, stack(0x000000143e200000,0x000000143e300000)]
  0x00000212bfd26cb0 JavaThread "Cache worker for file hash cache (C:\Users\User\.gradle\caches\6.9.1\fileHashes)" [_thread_blocked, id=12576, stack(0x000000143e300000,0x000000143e400000)]
  0x00000212bfd284c0 JavaThread "File lock request listener" [_thread_in_native, id=11508, stack(0x000000143e400000,0x000000143e500000)]
  0x00000212bfd27650 JavaThread "Cache worker for journal cache (C:\Users\User\.gradle\caches\journal-1)" [_thread_blocked, id=14088, stack(0x000000143e500000,0x000000143e600000)]
  0x00000212bfd24fd0 JavaThread "Cache worker for file hash cache (C:\Users\User\Downloads\Compressed\spring-starter-REST-demo\demo\.gradle\6.9.1\fileHashes)" [_thread_blocked, id=15740, stack(0x000000143e600000,0x000000143e700000)]
  0x00000212bfd267e0 JavaThread "Cache worker for checksums cache (C:\Users\User\Downloads\Compressed\spring-starter-REST-demo\demo\.gradle\checksums)" [_thread_blocked, id=4092, stack(0x000000143e700000,0x000000143e800000)]
  0x00000212bfd27b20 JavaThread "Cache worker for cache directory md-supplier (C:\Users\User\.gradle\caches\6.9.1\md-supplier)" [_thread_blocked, id=1556, stack(0x000000143e800000,0x000000143e900000)]
  0x00000212bfd254a0 JavaThread "Cache worker for cache directory md-rule (C:\Users\User\.gradle\caches\6.9.1\md-rule)" [_thread_blocked, id=7292, stack(0x000000143e900000,0x000000143ea00000)]
  0x00000212bfd28990 JavaThread "Cache worker for execution history cache (C:\Users\User\.gradle\caches\6.9.1\executionHistory)" [_thread_blocked, id=3216, stack(0x000000143ea00000,0x000000143eb00000)]
  0x00000212bfd25970 JavaThread "jar transforms" [_thread_in_native, id=23808, stack(0x000000143ee00000,0x000000143ef00000)]
  0x00000212bfd25e40 JavaThread "Cache worker for file content cache (C:\Users\User\.gradle\caches\6.9.1\fileContent)" [_thread_blocked, id=22616, stack(0x000000143ef00000,0x000000143f000000)]

Other Threads:
  0x00000212bd5b30f0 VMThread "VM Thread" [stack: 0x000000143c800000,0x000000143c900000] [id=18788]
  0x00000212be0515f0 WatcherThread [stack: 0x000000143d300000,0x000000143d400000] [id=27628]
  0x00000212a2357de0 GCTaskThread "GC Thread#0" [stack: 0x000000143c300000,0x000000143c400000] [id=26076]
  0x00000212be928be0 GCTaskThread "GC Thread#1" [stack: 0x000000143d400000,0x000000143d500000] [id=8612]
  0x00000212be9255b0 GCTaskThread "GC Thread#2" [stack: 0x000000143d500000,0x000000143d600000] [id=24024]
  0x00000212be928580 GCTaskThread "GC Thread#3" [stack: 0x000000143d600000,0x000000143d700000] [id=5988]
  0x00000212be928f10 GCTaskThread "GC Thread#4" [stack: 0x000000143d700000,0x000000143d800000] [id=740]
  0x00000212be9288b0 GCTaskThread "GC Thread#5" [stack: 0x000000143d800000,0x000000143d900000] [id=2776]
  0x00000212be925f40 GCTaskThread "GC Thread#6" [stack: 0x000000143eb00000,0x000000143ec00000] [id=28376]
  0x00000212be926c00 GCTaskThread "GC Thread#7" [stack: 0x000000143ec00000,0x000000143ed00000] [id=26956]
  0x00000212a235ef60 ConcurrentGCThread "G1 Main Marker" [stack: 0x000000143c400000,0x000000143c500000] [id=9032]
  0x00000212a235fa60 ConcurrentGCThread "G1 Conc#0" [stack: 0x000000143c500000,0x000000143c600000] [id=24572]
  0x00000212be927f20 ConcurrentGCThread "G1 Conc#1" [stack: 0x000000143ed00000,0x000000143ee00000] [id=25732]
  0x00000212a240dfa0 ConcurrentGCThread "G1 Refine#0" [stack: 0x000000143c600000,0x000000143c700000] [id=13128]
  0x00000212a240eab0 ConcurrentGCThread "G1 Young RemSet Sampling" [stack: 0x000000143c700000,0x000000143c800000] [id=20144]

Threads with active compile tasks:
C2 CompilerThread0     3239 3267       4       jdk.internal.org.objectweb.asm.Frame::execute (2305 bytes)
C1 CompilerThread0     3239 3700       2       org.objectweb.asm.Label::addForwardReference (102 bytes)

VM state: not at safepoint (normal execution)

VM Mutex/Monitor currently owned by a thread:  ([mutex/lock_event])
[0x00000212a23297a0] CodeCache_lock - owner thread: 0x0000000000000000

Heap address: 0x00000000e0000000, size: 512 MB, Compressed Oops mode: 32-bit
CDS archive(s) mapped at: [0x0000000800000000-0x0000000800b50000-0x0000000800b50000), size 11862016, SharedBaseAddress: 0x0000000800000000, ArchiveRelocationMode: 0.
Compressed class space mapped at: 0x0000000800b50000-0x0000000810350000, size: 260046848
Narrow klass base: 0x0000000800000000, Narrow klass shift: 3, Narrow klass range: 0x100000000

GC Precious Log:
 CPUs: 8 total, 8 available
 Memory: 12014M
 Large Page Support: Disabled
 NUMA Support: Disabled
 Compressed Oops: Enabled (32-bit)
 Heap Region Size: 1M
 Heap Min Capacity: 256M
 Heap Initial Capacity: 256M
 Heap Max Capacity: 512M
 Pre-touch: Disabled
 Parallel Workers: 8
 Concurrent Workers: 2
 Concurrent Refinement Workers: 8
 Periodic GC: Disabled

Heap:
 garbage-first heap   total 262144K, used 88744K [0x00000000e0000000, 0x0000000100000000)
  region size 1024K, 77 young (78848K), 10 survivors (10240K)
 Metaspace       used 33037K, capacity 33635K, committed 33840K, reserved 284672K
  class space    used 4231K, capacity 4425K, committed 4480K, reserved 253952K

Heap Regions: E=young(eden), S=young(survivor), O=old, HS=humongous(starts), HC=humongous(continues), CS=collection set, F=free, OA=open archive, CA=closed archive, TAMS=top-at-mark-start (previous, next)
|   0|0x00000000e0000000, 0x00000000e0100000, 0x00000000e0100000|100%| O|  |TAMS 0x00000000e0100000, 0x00000000e0000000| Untracked 
|   1|0x00000000e0100000, 0x00000000e0200000, 0x00000000e0200000|100%| O|  |TAMS 0x00000000e0200000, 0x00000000e0100000| Untracked 
|   2|0x00000000e0200000, 0x00000000e02f6800, 0x00000000e0300000| 96%| O|  |TAMS 0x00000000e02f6800, 0x00000000e0200000| Untracked 
|   3|0x00000000e0300000, 0x00000000e0400000, 0x00000000e0400000|100%|HS|  |TAMS 0x00000000e0400000, 0x00000000e0300000| Complete 
|   4|0x00000000e0400000, 0x00000000e0500000, 0x00000000e0500000|100%|HC|  |TAMS 0x00000000e0500000, 0x00000000e0400000| Complete 
|   5|0x00000000e0500000, 0x00000000e0600000, 0x00000000e0600000|100%|HC|  |TAMS 0x00000000e0600000, 0x00000000e0500000| Complete 
|   6|0x00000000e0600000, 0x00000000e0700000, 0x00000000e0700000|100%| O|  |TAMS 0x00000000e0700000, 0x00000000e0600000| Untracked 
|   7|0x00000000e0700000, 0x00000000e0800000, 0x00000000e0800000|100%| O|  |TAMS 0x00000000e0800000, 0x00000000e0700000| Untracked 
|   8|0x00000000e0800000, 0x00000000e0900000, 0x00000000e0900000|100%| O|  |TAMS 0x00000000e0900000, 0x00000000e0800000| Untracked 
|   9|0x00000000e0900000, 0x00000000e0a00000, 0x00000000e0a00000|100%|HS|  |TAMS 0x00000000e0900000, 0x00000000e0900000| Complete 
|  10|0x00000000e0a00000, 0x00000000e0b00000, 0x00000000e0b00000|100%|HS|  |TAMS 0x00000000e0a00000, 0x00000000e0a00000| Complete 
|  11|0x00000000e0b00000, 0x00000000e0c00000, 0x00000000e0c00000|100%|HC|  |TAMS 0x00000000e0b00000, 0x00000000e0b00000| Complete 
|  12|0x00000000e0c00000, 0x00000000e0c00000, 0x00000000e0d00000|  0%| F|  |TAMS 0x00000000e0c00000, 0x00000000e0c00000| Untracked 
|  13|0x00000000e0d00000, 0x00000000e0d00000, 0x00000000e0e00000|  0%| F|  |TAMS 0x00000000e0d00000, 0x00000000e0d00000| Untracked 
|  14|0x00000000e0e00000, 0x00000000e0e00000, 0x00000000e0f00000|  0%| F|  |TAMS 0x00000000e0e00000, 0x00000000e0e00000| Untracked 
|  15|0x00000000e0f00000, 0x00000000e0f00000, 0x00000000e1000000|  0%| F|  |TAMS 0x00000000e0f00000, 0x00000000e0f00000| Untracked 
|  16|0x00000000e1000000, 0x00000000e1000000, 0x00000000e1100000|  0%| F|  |TAMS 0x00000000e1000000, 0x00000000e1000000| Untracked 
|  17|0x00000000e1100000, 0x00000000e1100000, 0x00000000e1200000|  0%| F|  |TAMS 0x00000000e1100000, 0x00000000e1100000| Untracked 
|  18|0x00000000e1200000, 0x00000000e1200000, 0x00000000e1300000|  0%| F|  |TAMS 0x00000000e1200000, 0x00000000e1200000| Untracked 
|  19|0x00000000e1300000, 0x00000000e1300000, 0x00000000e1400000|  0%| F|  |TAMS 0x00000000e1300000, 0x00000000e1300000| Untracked 
|  20|0x00000000e1400000, 0x00000000e1400000, 0x00000000e1500000|  0%| F|  |TAMS 0x00000000e1400000, 0x00000000e1400000| Untracked 
|  21|0x00000000e1500000, 0x00000000e1500000, 0x00000000e1600000|  0%| F|  |TAMS 0x00000000e1500000, 0x00000000e1500000| Untracked 
|  22|0x00000000e1600000, 0x00000000e1600000, 0x00000000e1700000|  0%| F|  |TAMS 0x00000000e1600000, 0x00000000e1600000| Untracked 
|  23|0x00000000e1700000, 0x00000000e1700000, 0x00000000e1800000|  0%| F|  |TAMS 0x00000000e1700000, 0x00000000e1700000| Untracked 
|  24|0x00000000e1800000, 0x00000000e1800000, 0x00000000e1900000|  0%| F|  |TAMS 0x00000000e1800000, 0x00000000e1800000| Untracked 
|  25|0x00000000e1900000, 0x00000000e1900000, 0x00000000e1a00000|  0%| F|  |TAMS 0x00000000e1900000, 0x00000000e1900000| Untracked 
|  26|0x00000000e1a00000, 0x00000000e1a00000, 0x00000000e1b00000|  0%| F|  |TAMS 0x00000000e1a00000, 0x00000000e1a00000| Untracked 
|  27|0x00000000e1b00000, 0x00000000e1b00000, 0x00000000e1c00000|  0%| F|  |TAMS 0x00000000e1b00000, 0x00000000e1b00000| Untracked 
|  28|0x00000000e1c00000, 0x00000000e1c00000, 0x00000000e1d00000|  0%| F|  |TAMS 0x00000000e1c00000, 0x00000000e1c00000| Untracked 
|  29|0x00000000e1d00000, 0x00000000e1d00000, 0x00000000e1e00000|  0%| F|  |TAMS 0x00000000e1d00000, 0x00000000e1d00000| Untracked 
|  30|0x00000000e1e00000, 0x00000000e1e00000, 0x00000000e1f00000|  0%| F|  |TAMS 0x00000000e1e00000, 0x00000000e1e00000| Untracked 
|  31|0x00000000e1f00000, 0x00000000e1f00000, 0x00000000e2000000|  0%| F|  |TAMS 0x00000000e1f00000, 0x00000000e1f00000| Untracked 
|  32|0x00000000e2000000, 0x00000000e2000000, 0x00000000e2100000|  0%| F|  |TAMS 0x00000000e2000000, 0x00000000e2000000| Untracked 
|  33|0x00000000e2100000, 0x00000000e2100000, 0x00000000e2200000|  0%| F|  |TAMS 0x00000000e2100000, 0x00000000e2100000| Untracked 
|  34|0x00000000e2200000, 0x00000000e2200000, 0x00000000e2300000|  0%| F|  |TAMS 0x00000000e2200000, 0x00000000e2200000| Untracked 
|  35|0x00000000e2300000, 0x00000000e2300000, 0x00000000e2400000|  0%| F|  |TAMS 0x00000000e2300000, 0x00000000e2300000| Untracked 
|  36|0x00000000e2400000, 0x00000000e2400000, 0x00000000e2500000|  0%| F|  |TAMS 0x00000000e2400000, 0x00000000e2400000| Untracked 
|  37|0x00000000e2500000, 0x00000000e2500000, 0x00000000e2600000|  0%| F|  |TAMS 0x00000000e2500000, 0x00000000e2500000| Untracked 
|  38|0x00000000e2600000, 0x00000000e2600000, 0x00000000e2700000|  0%| F|  |TAMS 0x00000000e2600000, 0x00000000e2600000| Untracked 
|  39|0x00000000e2700000, 0x00000000e2700000, 0x00000000e2800000|  0%| F|  |TAMS 0x00000000e2700000, 0x00000000e2700000| Untracked 
|  40|0x00000000e2800000, 0x00000000e2800000, 0x00000000e2900000|  0%| F|  |TAMS 0x00000000e2800000, 0x00000000e2800000| Untracked 
|  41|0x00000000e2900000, 0x00000000e2900000, 0x00000000e2a00000|  0%| F|  |TAMS 0x00000000e2900000, 0x00000000e2900000| Untracked 
|  42|0x00000000e2a00000, 0x00000000e2a00000, 0x00000000e2b00000|  0%| F|  |TAMS 0x00000000e2a00000, 0x00000000e2a00000| Untracked 
|  43|0x00000000e2b00000, 0x00000000e2b00000, 0x00000000e2c00000|  0%| F|  |TAMS 0x00000000e2b00000, 0x00000000e2b00000| Untracked 
|  44|0x00000000e2c00000, 0x00000000e2c00000, 0x00000000e2d00000|  0%| F|  |TAMS 0x00000000e2c00000, 0x00000000e2c00000| Untracked 
|  45|0x00000000e2d00000, 0x00000000e2d00000, 0x00000000e2e00000|  0%| F|  |TAMS 0x00000000e2d00000, 0x00000000e2d00000| Untracked 
|  46|0x00000000e2e00000, 0x00000000e2e00000, 0x00000000e2f00000|  0%| F|  |TAMS 0x00000000e2e00000, 0x00000000e2e00000| Untracked 
|  47|0x00000000e2f00000, 0x00000000e2f00000, 0x00000000e3000000|  0%| F|  |TAMS 0x00000000e2f00000, 0x00000000e2f00000| Untracked 
|  48|0x00000000e3000000, 0x00000000e3000000, 0x00000000e3100000|  0%| F|  |TAMS 0x00000000e3000000, 0x00000000e3000000| Untracked 
|  49|0x00000000e3100000, 0x00000000e3100000, 0x00000000e3200000|  0%| F|  |TAMS 0x00000000e3100000, 0x00000000e3100000| Untracked 
|  50|0x00000000e3200000, 0x00000000e3200000, 0x00000000e3300000|  0%| F|  |TAMS 0x00000000e3200000, 0x00000000e3200000| Untracked 
|  51|0x00000000e3300000, 0x00000000e3300000, 0x00000000e3400000|  0%| F|  |TAMS 0x00000000e3300000, 0x00000000e3300000| Untracked 
|  52|0x00000000e3400000, 0x00000000e3400000, 0x00000000e3500000|  0%| F|  |TAMS 0x00000000e3400000, 0x00000000e3400000| Untracked 
|  53|0x00000000e3500000, 0x00000000e3500000, 0x00000000e3600000|  0%| F|  |TAMS 0x00000000e3500000, 0x00000000e3500000| Untracked 
|  54|0x00000000e3600000, 0x00000000e3600000, 0x00000000e3700000|  0%| F|  |TAMS 0x00000000e3600000, 0x00000000e3600000| Untracked 
|  55|0x00000000e3700000, 0x00000000e3700000, 0x00000000e3800000|  0%| F|  |TAMS 0x00000000e3700000, 0x00000000e3700000| Untracked 
|  56|0x00000000e3800000, 0x00000000e3800000, 0x00000000e3900000|  0%| F|  |TAMS 0x00000000e3800000, 0x00000000e3800000| Untracked 
|  57|0x00000000e3900000, 0x00000000e3900000, 0x00000000e3a00000|  0%| F|  |TAMS 0x00000000e3900000, 0x00000000e3900000| Untracked 
|  58|0x00000000e3a00000, 0x00000000e3a00000, 0x00000000e3b00000|  0%| F|  |TAMS 0x00000000e3a00000, 0x00000000e3a00000| Untracked 
|  59|0x00000000e3b00000, 0x00000000e3b00000, 0x00000000e3c00000|  0%| F|  |TAMS 0x00000000e3b00000, 0x00000000e3b00000| Untracked 
|  60|0x00000000e3c00000, 0x00000000e3c00000, 0x00000000e3d00000|  0%| F|  |TAMS 0x00000000e3c00000, 0x00000000e3c00000| Untracked 
|  61|0x00000000e3d00000, 0x00000000e3d00000, 0x00000000e3e00000|  0%| F|  |TAMS 0x00000000e3d00000, 0x00000000e3d00000| Untracked 
|  62|0x00000000e3e00000, 0x00000000e3e00000, 0x00000000e3f00000|  0%| F|  |TAMS 0x00000000e3e00000, 0x00000000e3e00000| Untracked 
|  63|0x00000000e3f00000, 0x00000000e3f00000, 0x00000000e4000000|  0%| F|  |TAMS 0x00000000e3f00000, 0x00000000e3f00000| Untracked 
|  64|0x00000000e4000000, 0x00000000e4000000, 0x00000000e4100000|  0%| F|  |TAMS 0x00000000e4000000, 0x00000000e4000000| Untracked 
|  65|0x00000000e4100000, 0x00000000e4100000, 0x00000000e4200000|  0%| F|  |TAMS 0x00000000e4100000, 0x00000000e4100000| Untracked 
|  66|0x00000000e4200000, 0x00000000e4200000, 0x00000000e4300000|  0%| F|  |TAMS 0x00000000e4200000, 0x00000000e4200000| Untracked 
|  67|0x00000000e4300000, 0x00000000e4300000, 0x00000000e4400000|  0%| F|  |TAMS 0x00000000e4300000, 0x00000000e4300000| Untracked 
|  68|0x00000000e4400000, 0x00000000e4400000, 0x00000000e4500000|  0%| F|  |TAMS 0x00000000e4400000, 0x00000000e4400000| Untracked 
|  69|0x00000000e4500000, 0x00000000e4500000, 0x00000000e4600000|  0%| F|  |TAMS 0x00000000e4500000, 0x00000000e4500000| Untracked 
|  70|0x00000000e4600000, 0x00000000e4600000, 0x00000000e4700000|  0%| F|  |TAMS 0x00000000e4600000, 0x00000000e4600000| Untracked 
|  71|0x00000000e4700000, 0x00000000e4700000, 0x00000000e4800000|  0%| F|  |TAMS 0x00000000e4700000, 0x00000000e4700000| Untracked 
|  72|0x00000000e4800000, 0x00000000e4800000, 0x00000000e4900000|  0%| F|  |TAMS 0x00000000e4800000, 0x00000000e4800000| Untracked 
|  73|0x00000000e4900000, 0x00000000e4900000, 0x00000000e4a00000|  0%| F|  |TAMS 0x00000000e4900000, 0x00000000e4900000| Untracked 
|  74|0x00000000e4a00000, 0x00000000e4a00000, 0x00000000e4b00000|  0%| F|  |TAMS 0x00000000e4a00000, 0x00000000e4a00000| Untracked 
|  75|0x00000000e4b00000, 0x00000000e4b00000, 0x00000000e4c00000|  0%| F|  |TAMS 0x00000000e4b00000, 0x00000000e4b00000| Untracked 
|  76|0x00000000e4c00000, 0x00000000e4c00000, 0x00000000e4d00000|  0%| F|  |TAMS 0x00000000e4c00000, 0x00000000e4c00000| Untracked 
|  77|0x00000000e4d00000, 0x00000000e4d00000, 0x00000000e4e00000|  0%| F|  |TAMS 0x00000000e4d00000, 0x00000000e4d00000| Untracked 
|  78|0x00000000e4e00000, 0x00000000e4e00000, 0x00000000e4f00000|  0%| F|  |TAMS 0x00000000e4e00000, 0x00000000e4e00000| Untracked 
|  79|0x00000000e4f00000, 0x00000000e4f00000, 0x00000000e5000000|  0%| F|  |TAMS 0x00000000e4f00000, 0x00000000e4f00000| Untracked 
|  80|0x00000000e5000000, 0x00000000e5000000, 0x00000000e5100000|  0%| F|  |TAMS 0x00000000e5000000, 0x00000000e5000000| Untracked 
|  81|0x00000000e5100000, 0x00000000e5100000, 0x00000000e5200000|  0%| F|  |TAMS 0x00000000e5100000, 0x00000000e5100000| Untracked 
|  82|0x00000000e5200000, 0x00000000e5200000, 0x00000000e5300000|  0%| F|  |TAMS 0x00000000e5200000, 0x00000000e5200000| Untracked 
|  83|0x00000000e5300000, 0x00000000e5300000, 0x00000000e5400000|  0%| F|  |TAMS 0x00000000e5300000, 0x00000000e5300000| Untracked 
|  84|0x00000000e5400000, 0x00000000e5400000, 0x00000000e5500000|  0%| F|  |TAMS 0x00000000e5400000, 0x00000000e5400000| Untracked 
|  85|0x00000000e5500000, 0x00000000e5500000, 0x00000000e5600000|  0%| F|  |TAMS 0x00000000e5500000, 0x00000000e5500000| Untracked 
|  86|0x00000000e5600000, 0x00000000e5600000, 0x00000000e5700000|  0%| F|  |TAMS 0x00000000e5600000, 0x00000000e5600000| Untracked 
|  87|0x00000000e5700000, 0x00000000e5700000, 0x00000000e5800000|  0%| F|  |TAMS 0x00000000e5700000, 0x00000000e5700000| Untracked 
|  88|0x00000000e5800000, 0x00000000e5800000, 0x00000000e5900000|  0%| F|  |TAMS 0x00000000e5800000, 0x00000000e5800000| Untracked 
|  89|0x00000000e5900000, 0x00000000e5900000, 0x00000000e5a00000|  0%| F|  |TAMS 0x00000000e5900000, 0x00000000e5900000| Untracked 
|  90|0x00000000e5a00000, 0x00000000e5a00000, 0x00000000e5b00000|  0%| F|  |TAMS 0x00000000e5a00000, 0x00000000e5a00000| Untracked 
|  91|0x00000000e5b00000, 0x00000000e5b00000, 0x00000000e5c00000|  0%| F|  |TAMS 0x00000000e5b00000, 0x00000000e5b00000| Untracked 
|  92|0x00000000e5c00000, 0x00000000e5c00000, 0x00000000e5d00000|  0%| F|  |TAMS 0x00000000e5c00000, 0x00000000e5c00000| Untracked 
|  93|0x00000000e5d00000, 0x00000000e5d00000, 0x00000000e5e00000|  0%| F|  |TAMS 0x00000000e5d00000, 0x00000000e5d00000| Untracked 
|  94|0x00000000e5e00000, 0x00000000e5e00000, 0x00000000e5f00000|  0%| F|  |TAMS 0x00000000e5e00000, 0x00000000e5e00000| Untracked 
|  95|0x00000000e5f00000, 0x00000000e5f00000, 0x00000000e6000000|  0%| F|  |TAMS 0x00000000e5f00000, 0x00000000e5f00000| Untracked 
|  96|0x00000000e6000000, 0x00000000e6000000, 0x00000000e6100000|  0%| F|  |TAMS 0x00000000e6000000, 0x00000000e6000000| Untracked 
|  97|0x00000000e6100000, 0x00000000e6100000, 0x00000000e6200000|  0%| F|  |TAMS 0x00000000e6100000, 0x00000000e6100000| Untracked 
|  98|0x00000000e6200000, 0x00000000e6200000, 0x00000000e6300000|  0%| F|  |TAMS 0x00000000e6200000, 0x00000000e6200000| Untracked 
|  99|0x00000000e6300000, 0x00000000e6300000, 0x00000000e6400000|  0%| F|  |TAMS 0x00000000e6300000, 0x00000000e6300000| Untracked 
| 100|0x00000000e6400000, 0x00000000e6400000, 0x00000000e6500000|  0%| F|  |TAMS 0x00000000e6400000, 0x00000000e6400000| Untracked 
| 101|0x00000000e6500000, 0x00000000e6500000, 0x00000000e6600000|  0%| F|  |TAMS 0x00000000e6500000, 0x00000000e6500000| Untracked 
| 102|0x00000000e6600000, 0x00000000e6600000, 0x00000000e6700000|  0%| F|  |TAMS 0x00000000e6600000, 0x00000000e6600000| Untracked 
| 103|0x00000000e6700000, 0x00000000e6700000, 0x00000000e6800000|  0%| F|  |TAMS 0x00000000e6700000, 0x00000000e6700000| Untracked 
| 104|0x00000000e6800000, 0x00000000e6800000, 0x00000000e6900000|  0%| F|  |TAMS 0x00000000e6800000, 0x00000000e6800000| Untracked 
| 105|0x00000000e6900000, 0x00000000e6900000, 0x00000000e6a00000|  0%| F|  |TAMS 0x00000000e6900000, 0x00000000e6900000| Untracked 
| 106|0x00000000e6a00000, 0x00000000e6a00000, 0x00000000e6b00000|  0%| F|  |TAMS 0x00000000e6a00000, 0x00000000e6a00000| Untracked 
| 107|0x00000000e6b00000, 0x00000000e6b00000, 0x00000000e6c00000|  0%| F|  |TAMS 0x00000000e6b00000, 0x00000000e6b00000| Untracked 
| 108|0x00000000e6c00000, 0x00000000e6c00000, 0x00000000e6d00000|  0%| F|  |TAMS 0x00000000e6c00000, 0x00000000e6c00000| Untracked 
| 109|0x00000000e6d00000, 0x00000000e6d00000, 0x00000000e6e00000|  0%| F|  |TAMS 0x00000000e6d00000, 0x00000000e6d00000| Untracked 
| 110|0x00000000e6e00000, 0x00000000e6e00000, 0x00000000e6f00000|  0%| F|  |TAMS 0x00000000e6e00000, 0x00000000e6e00000| Untracked 
| 111|0x00000000e6f00000, 0x00000000e6f00000, 0x00000000e7000000|  0%| F|  |TAMS 0x00000000e6f00000, 0x00000000e6f00000| Untracked 
| 112|0x00000000e7000000, 0x00000000e7000000, 0x00000000e7100000|  0%| F|  |TAMS 0x00000000e7000000, 0x00000000e7000000| Untracked 
| 113|0x00000000e7100000, 0x00000000e7100000, 0x00000000e7200000|  0%| F|  |TAMS 0x00000000e7100000, 0x00000000e7100000| Untracked 
| 114|0x00000000e7200000, 0x00000000e7200000, 0x00000000e7300000|  0%| F|  |TAMS 0x00000000e7200000, 0x00000000e7200000| Untracked 
| 115|0x00000000e7300000, 0x00000000e7300000, 0x00000000e7400000|  0%| F|  |TAMS 0x00000000e7300000, 0x00000000e7300000| Untracked 
| 116|0x00000000e7400000, 0x00000000e7400000, 0x00000000e7500000|  0%| F|  |TAMS 0x00000000e7400000, 0x00000000e7400000| Untracked 
| 117|0x00000000e7500000, 0x00000000e7500000, 0x00000000e7600000|  0%| F|  |TAMS 0x00000000e7500000, 0x00000000e7500000| Untracked 
| 118|0x00000000e7600000, 0x00000000e7600000, 0x00000000e7700000|  0%| F|  |TAMS 0x00000000e7600000, 0x00000000e7600000| Untracked 
| 119|0x00000000e7700000, 0x00000000e7700000, 0x00000000e7800000|  0%| F|  |TAMS 0x00000000e7700000, 0x00000000e7700000| Untracked 
| 120|0x00000000e7800000, 0x00000000e7800000, 0x00000000e7900000|  0%| F|  |TAMS 0x00000000e7800000, 0x00000000e7800000| Untracked 
| 121|0x00000000e7900000, 0x00000000e7900000, 0x00000000e7a00000|  0%| F|  |TAMS 0x00000000e7900000, 0x00000000e7900000| Untracked 
| 122|0x00000000e7a00000, 0x00000000e7a00000, 0x00000000e7b00000|  0%| F|  |TAMS 0x00000000e7a00000, 0x00000000e7a00000| Untracked 
| 123|0x00000000e7b00000, 0x00000000e7b00000, 0x00000000e7c00000|  0%| F|  |TAMS 0x00000000e7b00000, 0x00000000e7b00000| Untracked 
| 124|0x00000000e7c00000, 0x00000000e7c00000, 0x00000000e7d00000|  0%| F|  |TAMS 0x00000000e7c00000, 0x00000000e7c00000| Untracked 
| 125|0x00000000e7d00000, 0x00000000e7d00000, 0x00000000e7e00000|  0%| F|  |TAMS 0x00000000e7d00000, 0x00000000e7d00000| Untracked 
| 126|0x00000000e7e00000, 0x00000000e7e00000, 0x00000000e7f00000|  0%| F|  |TAMS 0x00000000e7e00000, 0x00000000e7e00000| Untracked 
| 127|0x00000000e7f00000, 0x00000000e7f00000, 0x00000000e8000000|  0%| F|  |TAMS 0x00000000e7f00000, 0x00000000e7f00000| Untracked 
| 128|0x00000000e8000000, 0x00000000e8000000, 0x00000000e8100000|  0%| F|  |TAMS 0x00000000e8000000, 0x00000000e8000000| Untracked 
| 129|0x00000000e8100000, 0x00000000e8100000, 0x00000000e8200000|  0%| F|  |TAMS 0x00000000e8100000, 0x00000000e8100000| Untracked 
| 130|0x00000000e8200000, 0x00000000e8200000, 0x00000000e8300000|  0%| F|  |TAMS 0x00000000e8200000, 0x00000000e8200000| Untracked 
| 131|0x00000000e8300000, 0x00000000e8300000, 0x00000000e8400000|  0%| F|  |TAMS 0x00000000e8300000, 0x00000000e8300000| Untracked 
| 132|0x00000000e8400000, 0x00000000e8400000, 0x00000000e8500000|  0%| F|  |TAMS 0x00000000e8400000, 0x00000000e8400000| Untracked 
| 133|0x00000000e8500000, 0x00000000e8500000, 0x00000000e8600000|  0%| F|  |TAMS 0x00000000e8500000, 0x00000000e8500000| Untracked 
| 134|0x00000000e8600000, 0x00000000e8600000, 0x00000000e8700000|  0%| F|  |TAMS 0x00000000e8600000, 0x00000000e8600000| Untracked 
| 135|0x00000000e8700000, 0x00000000e8700000, 0x00000000e8800000|  0%| F|  |TAMS 0x00000000e8700000, 0x00000000e8700000| Untracked 
| 136|0x00000000e8800000, 0x00000000e8800000, 0x00000000e8900000|  0%| F|  |TAMS 0x00000000e8800000, 0x00000000e8800000| Untracked 
| 137|0x00000000e8900000, 0x00000000e8900000, 0x00000000e8a00000|  0%| F|  |TAMS 0x00000000e8900000, 0x00000000e8900000| Untracked 
| 138|0x00000000e8a00000, 0x00000000e8a00000, 0x00000000e8b00000|  0%| F|  |TAMS 0x00000000e8a00000, 0x00000000e8a00000| Untracked 
| 139|0x00000000e8b00000, 0x00000000e8b00000, 0x00000000e8c00000|  0%| F|  |TAMS 0x00000000e8b00000, 0x00000000e8b00000| Untracked 
| 140|0x00000000e8c00000, 0x00000000e8c00000, 0x00000000e8d00000|  0%| F|  |TAMS 0x00000000e8c00000, 0x00000000e8c00000| Untracked 
| 141|0x00000000e8d00000, 0x00000000e8d00000, 0x00000000e8e00000|  0%| F|  |TAMS 0x00000000e8d00000, 0x00000000e8d00000| Untracked 
| 142|0x00000000e8e00000, 0x00000000e8e00000, 0x00000000e8f00000|  0%| F|  |TAMS 0x00000000e8e00000, 0x00000000e8e00000| Untracked 
| 143|0x00000000e8f00000, 0x00000000e8f00000, 0x00000000e9000000|  0%| F|  |TAMS 0x00000000e8f00000, 0x00000000e8f00000| Untracked 
| 144|0x00000000e9000000, 0x00000000e9000000, 0x00000000e9100000|  0%| F|  |TAMS 0x00000000e9000000, 0x00000000e9000000| Untracked 
| 145|0x00000000e9100000, 0x00000000e9100000, 0x00000000e9200000|  0%| F|  |TAMS 0x00000000e9100000, 0x00000000e9100000| Untracked 
| 146|0x00000000e9200000, 0x00000000e9200000, 0x00000000e9300000|  0%| F|  |TAMS 0x00000000e9200000, 0x00000000e9200000| Untracked 
| 147|0x00000000e9300000, 0x00000000e9300000, 0x00000000e9400000|  0%| F|  |TAMS 0x00000000e9300000, 0x00000000e9300000| Untracked 
| 148|0x00000000e9400000, 0x00000000e9400000, 0x00000000e9500000|  0%| F|  |TAMS 0x00000000e9400000, 0x00000000e9400000| Untracked 
| 149|0x00000000e9500000, 0x00000000e9500000, 0x00000000e9600000|  0%| F|  |TAMS 0x00000000e9500000, 0x00000000e9500000| Untracked 
| 150|0x00000000e9600000, 0x00000000e9600000, 0x00000000e9700000|  0%| F|  |TAMS 0x00000000e9600000, 0x00000000e9600000| Untracked 
| 151|0x00000000e9700000, 0x00000000e9700000, 0x00000000e9800000|  0%| F|  |TAMS 0x00000000e9700000, 0x00000000e9700000| Untracked 
| 152|0x00000000e9800000, 0x00000000e9800000, 0x00000000e9900000|  0%| F|  |TAMS 0x00000000e9800000, 0x00000000e9800000| Untracked 
| 153|0x00000000e9900000, 0x00000000e9900000, 0x00000000e9a00000|  0%| F|  |TAMS 0x00000000e9900000, 0x00000000e9900000| Untracked 
| 154|0x00000000e9a00000, 0x00000000e9a00000, 0x00000000e9b00000|  0%| F|  |TAMS 0x00000000e9a00000, 0x00000000e9a00000| Untracked 
| 155|0x00000000e9b00000, 0x00000000e9b00000, 0x00000000e9c00000|  0%| F|  |TAMS 0x00000000e9b00000, 0x00000000e9b00000| Untracked 
| 156|0x00000000e9c00000, 0x00000000e9c00000, 0x00000000e9d00000|  0%| F|  |TAMS 0x00000000e9c00000, 0x00000000e9c00000| Untracked 
| 157|0x00000000e9d00000, 0x00000000e9d00000, 0x00000000e9e00000|  0%| F|  |TAMS 0x00000000e9d00000, 0x00000000e9d00000| Untracked 
| 158|0x00000000e9e00000, 0x00000000e9e00000, 0x00000000e9f00000|  0%| F|  |TAMS 0x00000000e9e00000, 0x00000000e9e00000| Untracked 
| 159|0x00000000e9f00000, 0x00000000e9f00000, 0x00000000ea000000|  0%| F|  |TAMS 0x00000000e9f00000, 0x00000000e9f00000| Untracked 
| 160|0x00000000ea000000, 0x00000000ea000000, 0x00000000ea100000|  0%| F|  |TAMS 0x00000000ea000000, 0x00000000ea000000| Untracked 
| 161|0x00000000ea100000, 0x00000000ea100000, 0x00000000ea200000|  0%| F|  |TAMS 0x00000000ea100000, 0x00000000ea100000| Untracked 
| 162|0x00000000ea200000, 0x00000000ea200000, 0x00000000ea300000|  0%| F|  |TAMS 0x00000000ea200000, 0x00000000ea200000| Untracked 
| 163|0x00000000ea300000, 0x00000000ea3b3b80, 0x00000000ea400000| 70%| S|CS|TAMS 0x00000000ea300000, 0x00000000ea300000| Complete 
| 164|0x00000000ea400000, 0x00000000ea500000, 0x00000000ea500000|100%| S|CS|TAMS 0x00000000ea400000, 0x00000000ea400000| Complete 
| 165|0x00000000ea500000, 0x00000000ea600000, 0x00000000ea600000|100%| S|CS|TAMS 0x00000000ea500000, 0x00000000ea500000| Complete 
| 166|0x00000000ea600000, 0x00000000ea700000, 0x00000000ea700000|100%| S|CS|TAMS 0x00000000ea600000, 0x00000000ea600000| Complete 
| 167|0x00000000ea700000, 0x00000000ea800000, 0x00000000ea800000|100%| S|CS|TAMS 0x00000000ea700000, 0x00000000ea700000| Complete 
| 168|0x00000000ea800000, 0x00000000ea900000, 0x00000000ea900000|100%| S|CS|TAMS 0x00000000ea800000, 0x00000000ea800000| Complete 
| 169|0x00000000ea900000, 0x00000000eaa00000, 0x00000000eaa00000|100%| S|CS|TAMS 0x00000000ea900000, 0x00000000ea900000| Complete 
| 170|0x00000000eaa00000, 0x00000000eab00000, 0x00000000eab00000|100%| S|CS|TAMS 0x00000000eaa00000, 0x00000000eaa00000| Complete 
| 171|0x00000000eab00000, 0x00000000eac00000, 0x00000000eac00000|100%| S|CS|TAMS 0x00000000eab00000, 0x00000000eab00000| Complete 
| 172|0x00000000eac00000, 0x00000000ead00000, 0x00000000ead00000|100%| S|CS|TAMS 0x00000000eac00000, 0x00000000eac00000| Complete 
| 173|0x00000000ead00000, 0x00000000ead00000, 0x00000000eae00000|  0%| F|  |TAMS 0x00000000ead00000, 0x00000000ead00000| Untracked 
| 174|0x00000000eae00000, 0x00000000eae00000, 0x00000000eaf00000|  0%| F|  |TAMS 0x00000000eae00000, 0x00000000eae00000| Untracked 
| 175|0x00000000eaf00000, 0x00000000eaf00000, 0x00000000eb000000|  0%| F|  |TAMS 0x00000000eaf00000, 0x00000000eaf00000| Untracked 
| 176|0x00000000eb000000, 0x00000000eb000000, 0x00000000eb100000|  0%| F|  |TAMS 0x00000000eb000000, 0x00000000eb000000| Untracked 
| 177|0x00000000eb100000, 0x00000000eb100000, 0x00000000eb200000|  0%| F|  |TAMS 0x00000000eb100000, 0x00000000eb100000| Untracked 
| 178|0x00000000eb200000, 0x00000000eb200000, 0x00000000eb300000|  0%| F|  |TAMS 0x00000000eb200000, 0x00000000eb200000| Untracked 
| 179|0x00000000eb300000, 0x00000000eb300000, 0x00000000eb400000|  0%| F|  |TAMS 0x00000000eb300000, 0x00000000eb300000| Untracked 
| 180|0x00000000eb400000, 0x00000000eb400000, 0x00000000eb500000|  0%| F|  |TAMS 0x00000000eb400000, 0x00000000eb400000| Untracked 
| 181|0x00000000eb500000, 0x00000000eb500000, 0x00000000eb600000|  0%| F|  |TAMS 0x00000000eb500000, 0x00000000eb500000| Untracked 
| 182|0x00000000eb600000, 0x00000000eb600000, 0x00000000eb700000|  0%| F|  |TAMS 0x00000000eb600000, 0x00000000eb600000| Untracked 
| 183|0x00000000eb700000, 0x00000000eb700000, 0x00000000eb800000|  0%| F|  |TAMS 0x00000000eb700000, 0x00000000eb700000| Untracked 
| 184|0x00000000eb800000, 0x00000000eb800000, 0x00000000eb900000|  0%| F|  |TAMS 0x00000000eb800000, 0x00000000eb800000| Untracked 
| 185|0x00000000eb900000, 0x00000000eb900000, 0x00000000eba00000|  0%| F|  |TAMS 0x00000000eb900000, 0x00000000eb900000| Untracked 
| 186|0x00000000eba00000, 0x00000000eba00000, 0x00000000ebb00000|  0%| F|  |TAMS 0x00000000eba00000, 0x00000000eba00000| Untracked 
| 187|0x00000000ebb00000, 0x00000000ebb00000, 0x00000000ebc00000|  0%| F|  |TAMS 0x00000000ebb00000, 0x00000000ebb00000| Untracked 
| 188|0x00000000ebc00000, 0x00000000ebcb7af8, 0x00000000ebd00000| 71%| E|  |TAMS 0x00000000ebc00000, 0x00000000ebc00000| Complete 
| 189|0x00000000ebd00000, 0x00000000ebe00000, 0x00000000ebe00000|100%| E|CS|TAMS 0x00000000ebd00000, 0x00000000ebd00000| Complete 
| 190|0x00000000ebe00000, 0x00000000ebf00000, 0x00000000ebf00000|100%| E|CS|TAMS 0x00000000ebe00000, 0x00000000ebe00000| Complete 
| 191|0x00000000ebf00000, 0x00000000ec000000, 0x00000000ec000000|100%| E|CS|TAMS 0x00000000ebf00000, 0x00000000ebf00000| Complete 
| 192|0x00000000ec000000, 0x00000000ec100000, 0x00000000ec100000|100%| E|CS|TAMS 0x00000000ec000000, 0x00000000ec000000| Complete 
| 193|0x00000000ec100000, 0x00000000ec200000, 0x00000000ec200000|100%| E|CS|TAMS 0x00000000ec100000, 0x00000000ec100000| Complete 
| 194|0x00000000ec200000, 0x00000000ec300000, 0x00000000ec300000|100%| E|CS|TAMS 0x00000000ec200000, 0x00000000ec200000| Complete 
| 195|0x00000000ec300000, 0x00000000ec400000, 0x00000000ec400000|100%| E|CS|TAMS 0x00000000ec300000, 0x00000000ec300000| Complete 
| 196|0x00000000ec400000, 0x00000000ec500000, 0x00000000ec500000|100%| E|CS|TAMS 0x00000000ec400000, 0x00000000ec400000| Complete 
| 197|0x00000000ec500000, 0x00000000ec600000, 0x00000000ec600000|100%| E|CS|TAMS 0x00000000ec500000, 0x00000000ec500000| Complete 
| 198|0x00000000ec600000, 0x00000000ec700000, 0x00000000ec700000|100%| E|CS|TAMS 0x00000000ec600000, 0x00000000ec600000| Complete 
| 199|0x00000000ec700000, 0x00000000ec800000, 0x00000000ec800000|100%| E|CS|TAMS 0x00000000ec700000, 0x00000000ec700000| Complete 
| 200|0x00000000ec800000, 0x00000000ec900000, 0x00000000ec900000|100%| E|CS|TAMS 0x00000000ec800000, 0x00000000ec800000| Complete 
| 201|0x00000000ec900000, 0x00000000eca00000, 0x00000000eca00000|100%| E|CS|TAMS 0x00000000ec900000, 0x00000000ec900000| Complete 
| 202|0x00000000eca00000, 0x00000000ecb00000, 0x00000000ecb00000|100%| E|CS|TAMS 0x00000000eca00000, 0x00000000eca00000| Complete 
| 203|0x00000000ecb00000, 0x00000000ecc00000, 0x00000000ecc00000|100%| E|CS|TAMS 0x00000000ecb00000, 0x00000000ecb00000| Complete 
| 204|0x00000000ecc00000, 0x00000000ecd00000, 0x00000000ecd00000|100%| E|CS|TAMS 0x00000000ecc00000, 0x00000000ecc00000| Complete 
| 205|0x00000000ecd00000, 0x00000000ece00000, 0x00000000ece00000|100%| E|CS|TAMS 0x00000000ecd00000, 0x00000000ecd00000| Complete 
| 206|0x00000000ece00000, 0x00000000ecf00000, 0x00000000ecf00000|100%| E|CS|TAMS 0x00000000ece00000, 0x00000000ece00000| Complete 
| 207|0x00000000ecf00000, 0x00000000ed000000, 0x00000000ed000000|100%| E|CS|TAMS 0x00000000ecf00000, 0x00000000ecf00000| Complete 
| 208|0x00000000ed000000, 0x00000000ed100000, 0x00000000ed100000|100%| E|CS|TAMS 0x00000000ed000000, 0x00000000ed000000| Complete 
| 209|0x00000000ed100000, 0x00000000ed200000, 0x00000000ed200000|100%| E|CS|TAMS 0x00000000ed100000, 0x00000000ed100000| Complete 
| 210|0x00000000ed200000, 0x00000000ed300000, 0x00000000ed300000|100%| E|CS|TAMS 0x00000000ed200000, 0x00000000ed200000| Complete 
| 211|0x00000000ed300000, 0x00000000ed400000, 0x00000000ed400000|100%| E|CS|TAMS 0x00000000ed300000, 0x00000000ed300000| Complete 
| 212|0x00000000ed400000, 0x00000000ed500000, 0x00000000ed500000|100%| E|CS|TAMS 0x00000000ed400000, 0x00000000ed400000| Complete 
| 213|0x00000000ed500000, 0x00000000ed600000, 0x00000000ed600000|100%| E|CS|TAMS 0x00000000ed500000, 0x00000000ed500000| Complete 
| 214|0x00000000ed600000, 0x00000000ed700000, 0x00000000ed700000|100%| E|CS|TAMS 0x00000000ed600000, 0x00000000ed600000| Complete 
| 215|0x00000000ed700000, 0x00000000ed800000, 0x00000000ed800000|100%| E|CS|TAMS 0x00000000ed700000, 0x00000000ed700000| Complete 
| 216|0x00000000ed800000, 0x00000000ed900000, 0x00000000ed900000|100%| E|CS|TAMS 0x00000000ed800000, 0x00000000ed800000| Complete 
| 217|0x00000000ed900000, 0x00000000eda00000, 0x00000000eda00000|100%| E|CS|TAMS 0x00000000ed900000, 0x00000000ed900000| Complete 
| 218|0x00000000eda00000, 0x00000000edb00000, 0x00000000edb00000|100%| E|CS|TAMS 0x00000000eda00000, 0x00000000eda00000| Complete 
| 219|0x00000000edb00000, 0x00000000edc00000, 0x00000000edc00000|100%| E|  |TAMS 0x00000000edb00000, 0x00000000edb00000| Complete 
| 220|0x00000000edc00000, 0x00000000edd00000, 0x00000000edd00000|100%| E|CS|TAMS 0x00000000edc00000, 0x00000000edc00000| Complete 
| 221|0x00000000edd00000, 0x00000000ede00000, 0x00000000ede00000|100%| E|CS|TAMS 0x00000000edd00000, 0x00000000edd00000| Complete 
| 222|0x00000000ede00000, 0x00000000edf00000, 0x00000000edf00000|100%| E|CS|TAMS 0x00000000ede00000, 0x00000000ede00000| Complete 
| 223|0x00000000edf00000, 0x00000000ee000000, 0x00000000ee000000|100%| E|CS|TAMS 0x00000000edf00000, 0x00000000edf00000| Complete 
| 224|0x00000000ee000000, 0x00000000ee100000, 0x00000000ee100000|100%| E|CS|TAMS 0x00000000ee000000, 0x00000000ee000000| Complete 
| 225|0x00000000ee100000, 0x00000000ee200000, 0x00000000ee200000|100%| E|CS|TAMS 0x00000000ee100000, 0x00000000ee100000| Complete 
| 226|0x00000000ee200000, 0x00000000ee300000, 0x00000000ee300000|100%| E|CS|TAMS 0x00000000ee200000, 0x00000000ee200000| Complete 
| 227|0x00000000ee300000, 0x00000000ee400000, 0x00000000ee400000|100%| E|CS|TAMS 0x00000000ee300000, 0x00000000ee300000| Complete 
| 228|0x00000000ee400000, 0x00000000ee500000, 0x00000000ee500000|100%| E|CS|TAMS 0x00000000ee400000, 0x00000000ee400000| Complete 
| 229|0x00000000ee500000, 0x00000000ee600000, 0x00000000ee600000|100%| E|CS|TAMS 0x00000000ee500000, 0x00000000ee500000| Complete 
| 230|0x00000000ee600000, 0x00000000ee700000, 0x00000000ee700000|100%| E|CS|TAMS 0x00000000ee600000, 0x00000000ee600000| Complete 
| 231|0x00000000ee700000, 0x00000000ee800000, 0x00000000ee800000|100%| E|CS|TAMS 0x00000000ee700000, 0x00000000ee700000| Complete 
| 232|0x00000000ee800000, 0x00000000ee900000, 0x00000000ee900000|100%| E|CS|TAMS 0x00000000ee800000, 0x00000000ee800000| Complete 
| 233|0x00000000ee900000, 0x00000000eea00000, 0x00000000eea00000|100%| E|CS|TAMS 0x00000000ee900000, 0x00000000ee900000| Complete 
| 234|0x00000000eea00000, 0x00000000eeb00000, 0x00000000eeb00000|100%| E|CS|TAMS 0x00000000eea00000, 0x00000000eea00000| Complete 
| 235|0x00000000eeb00000, 0x00000000eec00000, 0x00000000eec00000|100%| E|CS|TAMS 0x00000000eeb00000, 0x00000000eeb00000| Complete 
| 236|0x00000000eec00000, 0x00000000eed00000, 0x00000000eed00000|100%| E|CS|TAMS 0x00000000eec00000, 0x00000000eec00000| Complete 
| 237|0x00000000eed00000, 0x00000000eee00000, 0x00000000eee00000|100%| E|CS|TAMS 0x00000000eed00000, 0x00000000eed00000| Complete 
| 238|0x00000000eee00000, 0x00000000eef00000, 0x00000000eef00000|100%| E|CS|TAMS 0x00000000eee00000, 0x00000000eee00000| Complete 
| 239|0x00000000eef00000, 0x00000000ef000000, 0x00000000ef000000|100%| E|CS|TAMS 0x00000000eef00000, 0x00000000eef00000| Complete 
| 240|0x00000000ef000000, 0x00000000ef100000, 0x00000000ef100000|100%| E|CS|TAMS 0x00000000ef000000, 0x00000000ef000000| Complete 
| 241|0x00000000ef100000, 0x00000000ef200000, 0x00000000ef200000|100%| E|CS|TAMS 0x00000000ef100000, 0x00000000ef100000| Complete 
| 242|0x00000000ef200000, 0x00000000ef300000, 0x00000000ef300000|100%| E|CS|TAMS 0x00000000ef200000, 0x00000000ef200000| Complete 
| 243|0x00000000ef300000, 0x00000000ef400000, 0x00000000ef400000|100%| E|CS|TAMS 0x00000000ef300000, 0x00000000ef300000| Complete 
| 244|0x00000000ef400000, 0x00000000ef500000, 0x00000000ef500000|100%| E|CS|TAMS 0x00000000ef400000, 0x00000000ef400000| Complete 
| 245|0x00000000ef500000, 0x00000000ef600000, 0x00000000ef600000|100%| E|CS|TAMS 0x00000000ef500000, 0x00000000ef500000| Complete 
| 246|0x00000000ef600000, 0x00000000ef700000, 0x00000000ef700000|100%| E|CS|TAMS 0x00000000ef600000, 0x00000000ef600000| Complete 
| 247|0x00000000ef700000, 0x00000000ef800000, 0x00000000ef800000|100%| E|CS|TAMS 0x00000000ef700000, 0x00000000ef700000| Complete 
| 248|0x00000000ef800000, 0x00000000ef900000, 0x00000000ef900000|100%| E|CS|TAMS 0x00000000ef800000, 0x00000000ef800000| Complete 
| 249|0x00000000ef900000, 0x00000000efa00000, 0x00000000efa00000|100%| E|CS|TAMS 0x00000000ef900000, 0x00000000ef900000| Complete 
| 250|0x00000000efa00000, 0x00000000efb00000, 0x00000000efb00000|100%| E|CS|TAMS 0x00000000efa00000, 0x00000000efa00000| Complete 
| 251|0x00000000efb00000, 0x00000000efc00000, 0x00000000efc00000|100%| E|CS|TAMS 0x00000000efb00000, 0x00000000efb00000| Complete 
| 252|0x00000000efc00000, 0x00000000efd00000, 0x00000000efd00000|100%| E|CS|TAMS 0x00000000efc00000, 0x00000000efc00000| Complete 
| 253|0x00000000efd00000, 0x00000000efe00000, 0x00000000efe00000|100%| E|CS|TAMS 0x00000000efd00000, 0x00000000efd00000| Complete 
| 254|0x00000000efe00000, 0x00000000eff00000, 0x00000000eff00000|100%| E|CS|TAMS 0x00000000efe00000, 0x00000000efe00000| Complete 
| 255|0x00000000eff00000, 0x00000000f0000000, 0x00000000f0000000|100%| E|CS|TAMS 0x00000000eff00000, 0x00000000eff00000| Complete 

Card table byte_map: [0x00000212b99b0000,0x00000212b9ab0000] _byte_map_base: 0x00000212b92b0000

Marking Bits (Prev, Next): (CMBitMap*) 0x00000212a23595b0, (CMBitMap*) 0x00000212a2359570
 Prev Bits: [0x00000212ba3b0000, 0x00000212babb0000)
 Next Bits: [0x00000212b9bb0000, 0x00000212ba3b0000)

Polling page: 0x00000212a01d0000

Metaspace:

Usage:
  Non-class:     28.53 MB capacity,    28.18 MB ( 99%) used,   306.16 KB (  1%) free+waste,    43.62 KB ( <1%) overhead. 
      Class:      4.32 MB capacity,     4.14 MB ( 96%) used,   169.36 KB (  4%) free+waste,    18.19 KB ( <1%) overhead. 
       Both:     32.85 MB capacity,    32.32 MB ( 98%) used,   475.52 KB (  1%) free+waste,    61.81 KB ( <1%) overhead. 

Virtual space:
  Non-class space:       30.00 MB reserved,      28.67 MB ( 96%) committed 
      Class space:      248.00 MB reserved,       4.38 MB (  2%) committed 
             Both:      278.00 MB reserved,      33.05 MB ( 12%) committed 

Chunk freelists:
   Non-Class:  22.00 KB
       Class:  23.00 KB
        Both:  45.00 KB

MaxMetaspaceSize: 256.00 MB
CompressedClassSpaceSize: 248.00 MB

CodeHeap 'non-profiled nmethods': size=120000Kb used=1558Kb max_used=1558Kb free=118442Kb
 bounds [0x00000212b2040000, 0x00000212b22b0000, 0x00000212b9570000]
CodeHeap 'profiled nmethods': size=120000Kb used=8003Kb max_used=8003Kb free=111996Kb
 bounds [0x00000212aab10000, 0x00000212ab2f0000, 0x00000212b2040000]
CodeHeap 'non-nmethods': size=5760Kb used=2316Kb max_used=2341Kb free=3444Kb
 bounds [0x00000212aa570000, 0x00000212aa7e0000, 0x00000212aab10000]
 total_blobs=4474 nmethods=3700 adapters=686
 compilation: enabled
              stopped_count=0, restarted_count=0
 full_count=0

Compilation events (20 events):
Event: 3.222 Thread 0x00000212bd5da340 nmethod 3679 0x00000212ab2c1590 code [0x00000212ab2c18c0, 0x00000212ab2c23c8]
Event: 3.222 Thread 0x00000212bd5da340 3680       2       org.gradle.groovy.scripts.internal.FileCacheBackedScriptClassCompiler$BuildScriptRemapper$MethodRenamer::visitLdcInsn (13 bytes)
Event: 3.222 Thread 0x00000212bd5da340 nmethod 3680 0x00000212ab2c2b10 code [0x00000212ab2c2cc0, 0x00000212ab2c2df8]
Event: 3.222 Thread 0x00000212bd5da340 3681       2       org.gradle.groovy.scripts.internal.FileCacheBackedScriptClassCompiler$BuildScriptRemapper::access$500 (6 bytes)
Event: 3.222 Thread 0x00000212bd5da340 nmethod 3681 0x00000212ab2c2f10 code [0x00000212ab2c30a0, 0x00000212ab2c31a8]
Event: 3.222 Thread 0x00000212bd5da340 3683       2       org.objectweb.asm.ClassReader::readLabel (20 bytes)
Event: 3.223 Thread 0x00000212bd5da340 nmethod 3683 0x00000212ab2c3290 code [0x00000212ab2c3440, 0x00000212ab2c36f8]
Event: 3.223 Thread 0x00000212bd5da340 3682       2       org.gradle.groovy.scripts.internal.FileCacheBackedScriptClassCompiler$BuildScriptRemapper$MethodRenamer::visitMethodInsn (29 bytes)
Event: 3.223 Thread 0x00000212bd5da340 nmethod 3682 0x00000212ab2c3890 code [0x00000212ab2c3a40, 0x00000212ab2c3c08]
Event: 3.223 Thread 0x00000212bd5da340 3678       2       org.objectweb.asm.SymbolTable::hash (7 bytes)
Event: 3.223 Thread 0x00000212bd5da340 nmethod 3678 0x00000212ab2c3d90 code [0x00000212ab2c3f20, 0x00000212ab2c3ff8]
Event: 3.223 Thread 0x00000212bd5da340 3685       1       java.time.LocalDateTime::toLocalDate (5 bytes)
Event: 3.223 Thread 0x00000212bd5da340 nmethod 3685 0x00000212b21c4790 code [0x00000212b21c4920, 0x00000212b21c49d8]
Event: 3.225 Thread 0x00000212bd5da340 3687       2       org.objectweb.asm.MethodVisitor::visitCode (15 bytes)
Event: 3.225 Thread 0x00000212bd5da340 nmethod 3687 0x00000212ab2c4090 code [0x00000212ab2c4220, 0x00000212ab2c4348]
Event: 3.225 Thread 0x00000212bd5da340 3688       2       org.objectweb.asm.MethodVisitor::visitMaxs (17 bytes)
Event: 3.225 Thread 0x00000212bd5da340 nmethod 3688 0x00000212ab2c4410 code [0x00000212ab2c45a0, 0x00000212ab2c46c8]
Event: 3.225 Thread 0x00000212bd5da340 3689       2       org.objectweb.asm.MethodVisitor::visitEnd (15 bytes)
Event: 3.225 Thread 0x00000212bd5da340 nmethod 3689 0x00000212ab2c4790 code [0x00000212ab2c4920, 0x00000212ab2c4a48]
Event: 3.225 Thread 0x00000212bd5da340 3690       2       java.io.File::getName (42 bytes)

GC Heap History (6 events):
Event: 0.458 GC heap before
{Heap before GC invocations=0 (full 0):
 garbage-first heap   total 262144K, used 28672K [0x00000000e0000000, 0x0000000100000000)
  region size 1024K, 23 young (23552K), 0 survivors (0K)
 Metaspace       used 3905K, capacity 6533K, committed 6656K, reserved 262144K
  class space    used 480K, capacity 727K, committed 768K, reserved 253952K
}
Event: 0.463 GC heap after
{Heap after GC invocations=1 (full 0):
 garbage-first heap   total 262144K, used 8765K [0x00000000e0000000, 0x0000000100000000)
  region size 1024K, 3 young (3072K), 3 survivors (3072K)
 Metaspace       used 3905K, capacity 6533K, committed 6656K, reserved 262144K
  class space    used 480K, capacity 727K, committed 768K, reserved 253952K
}
Event: 0.671 GC heap before
{Heap before GC invocations=1 (full 0):
 garbage-first heap   total 262144K, used 35389K [0x00000000e0000000, 0x0000000100000000)
  region size 1024K, 30 young (30720K), 3 survivors (3072K)
 Metaspace       used 4384K, capacity 6909K, committed 7040K, reserved 262144K
  class space    used 562K, capacity 831K, committed 896K, reserved 253952K
}
Event: 0.675 GC heap after
{Heap after GC invocations=2 (full 0):
 garbage-first heap   total 262144K, used 13274K [0x00000000e0000000, 0x0000000100000000)
  region size 1024K, 4 young (4096K), 4 survivors (4096K)
 Metaspace       used 4384K, capacity 6909K, committed 7040K, reserved 262144K
  class space    used 562K, capacity 831K, committed 896K, reserved 253952K
}
Event: 2.178 GC heap before
{Heap before GC invocations=2 (full 0):
 garbage-first heap   total 262144K, used 93146K [0x00000000e0000000, 0x0000000100000000)
  region size 1024K, 83 young (84992K), 4 survivors (4096K)
 Metaspace       used 20717K, capacity 21168K, committed 21296K, reserved 272384K
  class space    used 3022K, capacity 3175K, committed 3200K, reserved 253952K
}
Event: 2.185 GC heap after
{Heap after GC invocations=3 (full 0):
 garbage-first heap   total 262144K, used 19112K [0x00000000e0000000, 0x0000000100000000)
  region size 1024K, 10 young (10240K), 10 survivors (10240K)
 Metaspace       used 20717K, capacity 21168K, committed 21296K, reserved 272384K
  class space    used 3022K, capacity 3175K, committed 3200K, reserved 253952K
}

Deoptimization events (20 events):
Event: 3.046 Thread 0x00000212bfb0d0b0 Uncommon trap: trap_request=0xffffff45 fr.pc=0x00000212b2191a58 relative=0x00000000000002b8
Event: 3.046 Thread 0x00000212bfb0d0b0 Uncommon trap: reason=unstable_if action=reinterpret pc=0x00000212b2191a58 method=java.lang.Class.newInstance()Ljava/lang/Object; @ 24 c2
Event: 3.046 Thread 0x00000212bfb0d0b0 DEOPT PACKING pc=0x00000212b2191a58 sp=0x000000143dff89d0
Event: 3.046 Thread 0x00000212bfb0d0b0 DEOPT UNPACKING pc=0x00000212aa57852f sp=0x000000143dff89a0 mode 2
Event: 3.190 Thread 0x00000212bfd25970 Uncommon trap: trap_request=0xffffff45 fr.pc=0x00000212b20da328 relative=0x00000000000001e8
Event: 3.190 Thread 0x00000212bfd25970 Uncommon trap: reason=unstable_if action=reinterpret pc=0x00000212b20da328 method=java.util.StringTokenizer.scanToken(I)I @ 42 c2
Event: 3.190 Thread 0x00000212bfd25970 DEOPT PACKING pc=0x00000212b20da328 sp=0x000000143eefe4c0
Event: 3.190 Thread 0x00000212bfd25970 DEOPT UNPACKING pc=0x00000212aa57852f sp=0x000000143eefe450 mode 2
Event: 3.204 Thread 0x00000212bfd25970 Uncommon trap: trap_request=0xffffff45 fr.pc=0x00000212b20f24d4 relative=0x0000000000000614
Event: 3.204 Thread 0x00000212bfd25970 Uncommon trap: reason=unstable_if action=reinterpret pc=0x00000212b20f24d4 method=java.lang.StringLatin1.regionMatchesCI([BI[BII)Z @ 72 c2
Event: 3.204 Thread 0x00000212bfd25970 DEOPT PACKING pc=0x00000212b20f24d4 sp=0x000000143eefe560
Event: 3.204 Thread 0x00000212bfd25970 DEOPT UNPACKING pc=0x00000212aa57852f sp=0x000000143eefe428 mode 2
Event: 3.204 Thread 0x00000212bfd25970 Uncommon trap: trap_request=0xffffff45 fr.pc=0x00000212b20f17f0 relative=0x0000000000000430
Event: 3.204 Thread 0x00000212bfd25970 Uncommon trap: reason=unstable_if action=reinterpret pc=0x00000212b20f17f0 method=java.lang.StringLatin1.regionMatchesCI([BI[BII)Z @ 72 c2
Event: 3.204 Thread 0x00000212bfd25970 DEOPT PACKING pc=0x00000212b20f17f0 sp=0x000000143eefe500
Event: 3.204 Thread 0x00000212bfd25970 DEOPT UNPACKING pc=0x00000212aa57852f sp=0x000000143eefe490 mode 2
Event: 3.215 Thread 0x00000212bfd25970 Uncommon trap: trap_request=0xffffff45 fr.pc=0x00000212b2146108 relative=0x00000000000000e8
Event: 3.215 Thread 0x00000212bfd25970 Uncommon trap: reason=unstable_if action=reinterpret pc=0x00000212b2146108 method=org.objectweb.asm.ByteVector.putShort(I)Lorg/objectweb/asm/ByteVector; @ 13 c2
Event: 3.215 Thread 0x00000212bfd25970 DEOPT PACKING pc=0x00000212b2146108 sp=0x000000143eefe0d0
Event: 3.215 Thread 0x00000212bfd25970 DEOPT UNPACKING pc=0x00000212aa57852f sp=0x000000143eefe068 mode 2

Classes unloaded (0 events):
No events

Classes redefined (0 events):
No events

Internal exceptions (20 events):
Event: 2.616 Thread 0x00000212bfb0d0b0 Exception <a 'java/lang/ClassNotFoundException'{0x00000000ee8a1860}: groovy/lang/ScriptCustomizer> (0x00000000ee8a1860) 
thrown [./open/src/hotspot/share/classfile/systemDictionary.cpp, line 295]
Event: 2.616 Thread 0x00000212bfb0d0b0 Exception <a 'java/lang/ClassNotFoundException'{0x00000000ee8b2090}: org/gradle/groovy/scripts/ScriptCustomizer> (0x00000000ee8b2090) 
thrown [./open/src/hotspot/share/classfile/systemDictionary.cpp, line 295]
Event: 2.617 Thread 0x00000212bfb0d0b0 Exception <a 'java/lang/ClassNotFoundException'{0x00000000ee8c0bd8}: org/gradle/groovy/scripts/BasicScriptCustomizer> (0x00000000ee8c0bd8) 
thrown [./open/src/hotspot/share/classfile/systemDictionary.cpp, line 295]
Event: 2.617 Thread 0x00000212bfb0d0b0 Exception <a 'java/lang/ClassNotFoundException'{0x00000000ee8d5250}: org/gradle/groovy/scripts/DefaultScriptCustomizer> (0x00000000ee8d5250) 
thrown [./open/src/hotspot/share/classfile/systemDictionary.cpp, line 295]
Event: 2.619 Thread 0x00000212bfb0d0b0 Exception <a 'java/lang/ClassNotFoundException'{0x00000000ee70f5e8}: org/gradle/initialization/InitScriptCustomizer> (0x00000000ee70f5e8) 
thrown [./open/src/hotspot/share/classfile/systemDictionary.cpp, line 295]
Event: 2.619 Thread 0x00000212bfb0d0b0 Exception <a 'java/lang/ClassNotFoundException'{0x00000000ee71d040}: ijmapper_7gc8vtmeowga3sem0k6ykyb01Customizer> (0x00000000ee71d040) 
thrown [./open/src/hotspot/share/classfile/systemDictionary.cpp, line 295]
Event: 2.627 Thread 0x00000212bfb0d0b0 Exception <a 'java/lang/ClassNotFoundException'{0x00000000ee7aaab0}: org/gradle/internal/extensibility/DefaultExtraPropertiesExtensionBeanInfo> (0x00000000ee7aaab0) 
thrown [./open/src/hotspot/share/classfile/systemDictionary.cpp, line 295]
Event: 2.627 Thread 0x00000212bfb0d0b0 Exception <a 'java/lang/ClassNotFoundException'{0x00000000ee7b1be0}: org/gradle/internal/extensibility/DefaultExtraPropertiesExtensionCustomizer> (0x00000000ee7b1be0) 
thrown [./open/src/hotspot/share/classfile/systemDictionary.cpp, line 295]
Event: 2.651 Thread 0x00000212bfb0d0b0 Exception <a 'java/lang/ClassNotFoundException'{0x00000000ee5b73f8}: org/gradle/invocation/DefaultGradle_DecoratedBeanInfo> (0x00000000ee5b73f8) 
thrown [./open/src/hotspot/share/classfile/systemDictionary.cpp, line 295]
Event: 2.651 Thread 0x00000212bfb0d0b0 Exception <a 'java/lang/ClassNotFoundException'{0x00000000ee5c3a00}: org/gradle/invocation/DefaultGradleBeanInfo> (0x00000000ee5c3a00) 
thrown [./open/src/hotspot/share/classfile/systemDictionary.cpp, line 295]
Event: 2.652 Thread 0x00000212bfb0d0b0 Exception <a 'java/lang/ClassNotFoundException'{0x00000000ee5d0210}: org/gradle/api/internal/project/AbstractPluginAwareBeanInfo> (0x00000000ee5d0210) 
thrown [./open/src/hotspot/share/classfile/systemDictionary.cpp, line 295]
Event: 2.652 Thread 0x00000212bfb0d0b0 Exception <a 'java/lang/ClassNotFoundException'{0x00000000ee5dcc20}: org/gradle/api/internal/project/AbstractPluginAwareCustomizer> (0x00000000ee5dcc20) 
thrown [./open/src/hotspot/share/classfile/systemDictionary.cpp, line 295]
Event: 2.652 Thread 0x00000212bfb0d0b0 Exception <a 'java/lang/ClassNotFoundException'{0x00000000ee5ef390}: org/gradle/invocation/DefaultGradleCustomizer> (0x00000000ee5ef390) 
thrown [./open/src/hotspot/share/classfile/systemDictionary.cpp, line 295]
Event: 2.654 Thread 0x00000212bfb0d0b0 Exception <a 'java/lang/ClassNotFoundException'{0x00000000ee42aae8}: org/gradle/invocation/DefaultGradle_DecoratedCustomizer> (0x00000000ee42aae8) 
thrown [./open/src/hotspot/share/classfile/systemDictionary.cpp, line 295]
Event: 2.712 Thread 0x00000212bfb0d0b0 Exception <a 'java/lang/ClassNotFoundException'{0x00000000ee05aa78}: groovy/lang/Closure$1BeanInfo> (0x00000000ee05aa78) 
thrown [./open/src/hotspot/share/classfile/systemDictionary.cpp, line 295]
Event: 2.712 Thread 0x00000212bfb0d0b0 Exception <a 'java/lang/ClassNotFoundException'{0x00000000ee0662c8}: groovy/lang/ClosureBeanInfo> (0x00000000ee0662c8) 
thrown [./open/src/hotspot/share/classfile/systemDictionary.cpp, line 295]
Event: 2.712 Thread 0x00000212bfb0d0b0 Exception <a 'java/lang/ClassNotFoundException'{0x00000000ee071530}: groovy/lang/ClosureCustomizer> (0x00000000ee071530) 
thrown [./open/src/hotspot/share/classfile/systemDictionary.cpp, line 295]
Event: 2.714 Thread 0x00000212bfb0d0b0 Exception <a 'java/lang/ClassNotFoundException'{0x00000000ee099a28}: groovy/lang/Closure$1Customizer> (0x00000000ee099a28) 
thrown [./open/src/hotspot/share/classfile/systemDictionary.cpp, line 295]
Event: 2.881 Thread 0x00000212bfd25970 Exception <a 'sun/nio/fs/WindowsException'{0x00000000ef851ad0}> (0x00000000ef851ad0) 
thrown [./open/src/hotspot/share/prims/jni.cpp, line 578]
Event: 2.882 Thread 0x00000212bfd25970 Exception <a 'sun/nio/fs/WindowsException'{0x00000000ef851de0}> (0x00000000ef851de0) 
thrown [./open/src/hotspot/share/prims/jni.cpp, line 578]

Events (20 events):
Event: 3.187 loading class sun/nio/fs/WindowsChannelFactory$Flags
Event: 3.187 loading class sun/nio/fs/WindowsChannelFactory$Flags done
Event: 3.188 loading class sun/nio/ch/FileChannelImpl$Closer
Event: 3.188 loading class sun/nio/ch/FileChannelImpl$Closer done
Event: 3.188 loading class java/nio/channels/Channels
Event: 3.188 loading class java/nio/channels/Channels done
Event: 3.188 loading class sun/nio/ch/ChannelInputStream
Event: 3.189 loading class sun/nio/ch/ChannelInputStream done
Event: 3.196 Executing VM operation: HandshakeAllThreads
Event: 3.196 Executing VM operation: HandshakeAllThreads done
Event: 3.199 loading class java/time/zone/ZoneRulesProvider
Event: 3.199 loading class java/time/zone/ZoneRulesProvider done
Event: 3.199 loading class java/time/zone/ZoneRulesProvider$1
Event: 3.199 loading class java/time/zone/ZoneRulesProvider$1 done
Event: 3.199 loading class java/time/zone/TzdbZoneRulesProvider
Event: 3.200 loading class java/time/zone/TzdbZoneRulesProvider done
Event: 3.202 loading class java/time/zone/Ser
Event: 3.202 loading class java/time/zone/Ser done
Event: 3.203 loading class java/time/zone/ZoneOffsetTransition
Event: 3.203 loading class java/time/zone/ZoneOffsetTransition done


Dynamic libraries:
0x00007ff62f3a0000 - 0x00007ff62f3af000 	C:\Program Files\Java\jdk-15.0.2\bin\java.exe
0x00007ffc17090000 - 0x00007ffc17285000 	C:\WINDOWS\SYSTEM32\ntdll.dll
0x00007ffc16a00000 - 0x00007ffc16abe000 	C:\WINDOWS\System32\KERNEL32.DLL
0x00007ffc149b0000 - 0x00007ffc14c79000 	C:\WINDOWS\System32\KERNELBASE.dll
0x00007ffc14e50000 - 0x00007ffc14f50000 	C:\WINDOWS\System32\ucrtbase.dll
0x00007ffbe2190000 - 0x00007ffbe21a9000 	C:\Program Files\Java\jdk-15.0.2\bin\VCRUNTIME140.dll
0x00007ffbe22a0000 - 0x00007ffbe22b8000 	C:\Program Files\Java\jdk-15.0.2\bin\jli.dll
0x00007ffc15160000 - 0x00007ffc1520c000 	C:\WINDOWS\System32\ADVAPI32.dll
0x00007ffc16960000 - 0x00007ffc169fe000 	C:\WINDOWS\System32\msvcrt.dll
0x00007ffc16b20000 - 0x00007ffc16bbb000 	C:\WINDOWS\System32\sechost.dll
0x00007ffc15ea0000 - 0x00007ffc15fca000 	C:\WINDOWS\System32\RPCRT4.dll
0x00007ffc15fe0000 - 0x00007ffc16181000 	C:\WINDOWS\System32\USER32.dll
0x00007ffc15060000 - 0x00007ffc15082000 	C:\WINDOWS\System32\win32u.dll
0x00007ffbfe540000 - 0x00007ffbfe7da000 	C:\WINDOWS\WinSxS\amd64_microsoft.windows.common-controls_6595b64144ccf1df_6.0.19041.1110_none_60b5254171f9507e\COMCTL32.dll
0x00007ffc16190000 - 0x00007ffc161bb000 	C:\WINDOWS\System32\GDI32.dll
0x00007ffc14c80000 - 0x00007ffc14d8b000 	C:\WINDOWS\System32\gdi32full.dll
0x00007ffc14910000 - 0x00007ffc149ad000 	C:\WINDOWS\System32\msvcp_win.dll
0x00007ffc05cc0000 - 0x00007ffc05cca000 	C:\WINDOWS\SYSTEM32\VERSION.dll
0x00007ffc15800000 - 0x00007ffc15830000 	C:\WINDOWS\System32\IMM32.DLL
0x00007ffbf71d0000 - 0x00007ffbf71dc000 	C:\Program Files\Java\jdk-15.0.2\bin\vcruntime140_1.dll
0x00007ffbc0dc0000 - 0x00007ffbc0e51000 	C:\Program Files\Java\jdk-15.0.2\bin\msvcp140.dll
0x00007ffb84430000 - 0x00007ffb84f8e000 	C:\Program Files\Java\jdk-15.0.2\bin\server\jvm.dll
0x00007ffc15fd0000 - 0x00007ffc15fd8000 	C:\WINDOWS\System32\PSAPI.DLL
0x00007ffbf58e0000 - 0x00007ffbf5907000 	C:\WINDOWS\SYSTEM32\WINMM.dll
0x00007ffc0a780000 - 0x00007ffc0a789000 	C:\WINDOWS\SYSTEM32\WSOCK32.dll
0x00007ffc15c70000 - 0x00007ffc15cdb000 	C:\WINDOWS\System32\WS2_32.dll
0x00007ffc12ff0000 - 0x00007ffc13002000 	C:\WINDOWS\SYSTEM32\kernel.appcore.dll
0x00007ffbf65a0000 - 0x00007ffbf65aa000 	C:\Program Files\Java\jdk-15.0.2\bin\jimage.dll
0x00007ffc123f0000 - 0x00007ffc125d4000 	C:\WINDOWS\SYSTEM32\DBGHELP.DLL
0x00007ffbf5230000 - 0x00007ffbf525c000 	C:\WINDOWS\SYSTEM32\dbgcore.DLL
0x00007ffc14dc0000 - 0x00007ffc14e43000 	C:\WINDOWS\System32\bcryptPrimitives.dll
0x00007ffbe2160000 - 0x00007ffbe2185000 	C:\Program Files\Java\jdk-15.0.2\bin\java.dll
0x00007ffc16220000 - 0x00007ffc1695f000 	C:\WINDOWS\System32\SHELL32.dll
0x00007ffc12850000 - 0x00007ffc12fe0000 	C:\WINDOWS\SYSTEM32\windows.storage.dll
0x00007ffc15830000 - 0x00007ffc15b85000 	C:\WINDOWS\System32\combase.dll
0x00007ffc14120000 - 0x00007ffc1414c000 	C:\WINDOWS\SYSTEM32\Wldp.dll
0x00007ffc15330000 - 0x00007ffc153dd000 	C:\WINDOWS\System32\SHCORE.dll
0x00007ffc16ac0000 - 0x00007ffc16b15000 	C:\WINDOWS\System32\shlwapi.dll
0x00007ffc146f0000 - 0x00007ffc1470f000 	C:\WINDOWS\SYSTEM32\profapi.dll
0x00007ffbe2090000 - 0x00007ffbe20a9000 	C:\Program Files\Java\jdk-15.0.2\bin\net.dll
0x00007ffc0ed70000 - 0x00007ffc0ee78000 	C:\WINDOWS\SYSTEM32\WINHTTP.dll
0x00007ffc13f00000 - 0x00007ffc13f6a000 	C:\WINDOWS\system32\mswsock.dll
0x00007ffbe2070000 - 0x00007ffbe2082000 	C:\Program Files\Java\jdk-15.0.2\bin\nio.dll
0x00007ffbe1cd0000 - 0x00007ffbe1ce8000 	C:\Program Files\Java\jdk-15.0.2\bin\zip.dll
0x00007ffbefec0000 - 0x00007ffbefed0000 	C:\Program Files\Java\jdk-15.0.2\bin\verify.dll
0x00007ffc10ed0000 - 0x00007ffc10ef7000 	C:\Users\User\.gradle\native\e1d6ef7f7dcc3fd88c89a11ec53ec762bb8ba0a96d01ffa2cd45eb1d1d8dd5c5\windows-amd64\native-platform.dll
0x00007ffbd4450000 - 0x00007ffbd4594000 	C:\Users\User\.gradle\native\5664cfc778a61ccfe75a443a1ab52a65af34e5dc3c78e0209fed803814484fcb\windows-amd64\native-platform-file-events.dll
0x00007ffbe8760000 - 0x00007ffbe8769000 	C:\Program Files\Java\jdk-15.0.2\bin\management.dll
0x00007ffbe5f70000 - 0x00007ffbe5f7b000 	C:\Program Files\Java\jdk-15.0.2\bin\management_ext.dll
0x00007ffc14160000 - 0x00007ffc14178000 	C:\WINDOWS\SYSTEM32\CRYPTSP.dll
0x00007ffc13830000 - 0x00007ffc13864000 	C:\WINDOWS\system32\rsaenh.dll
0x00007ffc14d90000 - 0x00007ffc14db7000 	C:\WINDOWS\System32\bcrypt.dll
0x00007ffc14670000 - 0x00007ffc1469e000 	C:\WINDOWS\SYSTEM32\USERENV.dll
0x00007ffc14090000 - 0x00007ffc1409c000 	C:\WINDOWS\SYSTEM32\CRYPTBASE.dll
0x00007ffc13bc0000 - 0x00007ffc13bfb000 	C:\WINDOWS\SYSTEM32\IPHLPAPI.DLL
0x00007ffc16bc0000 - 0x00007ffc16bc8000 	C:\WINDOWS\System32\NSI.dll
0x00007ffc09130000 - 0x00007ffc09147000 	C:\WINDOWS\SYSTEM32\dhcpcsvc6.DLL
0x00007ffc09110000 - 0x00007ffc0912d000 	C:\WINDOWS\SYSTEM32\dhcpcsvc.DLL
0x00007ffc13c10000 - 0x00007ffc13cdc000 	C:\WINDOWS\SYSTEM32\DNSAPI.dll

dbghelp: loaded successfully - version: 4.0.5 - missing functions: none
symbol engine: initialized successfully - sym options: 0x614 - pdb path: .;C:\Program Files\Java\jdk-15.0.2\bin;C:\WINDOWS\SYSTEM32;C:\WINDOWS\WinSxS\amd64_microsoft.windows.common-controls_6595b64144ccf1df_6.0.19041.1110_none_60b5254171f9507e;C:\Program Files\Java\jdk-15.0.2\bin\server;C:\Users\User\.gradle\native\e1d6ef7f7dcc3fd88c89a11ec53ec762bb8ba0a96d01ffa2cd45eb1d1d8dd5c5\windows-amd64;C:\Users\User\.gradle\native\5664cfc778a61ccfe75a443a1ab52a65af34e5dc3c78e0209fed803814484fcb\windows-amd64

VM Arguments:
jvm_args: --add-opens=java.base/java.util=ALL-UNNAMED --add-opens=java.base/java.lang=ALL-UNNAMED --add-opens=java.base/java.lang.invoke=ALL-UNNAMED --add-opens=java.prefs/java.util.prefs=ALL-UNNAMED -XX:MaxMetaspaceSize=256m -XX:+HeapDumpOnOutOfMemoryError -Xms256m -Xmx512m -Dfile.encoding=windows-1252 -Duser.country=US -Duser.language=en -Duser.variant 
java_command: org.gradle.launcher.daemon.bootstrap.GradleDaemon 6.9.1
java_class_path (initial): C:\gradle-6.9.1\lib\gradle-launcher-6.9.1.jar
Launcher Type: SUN_STANDARD

[Global flags]
     intx CICompilerCount                          = 4                                         {product} {ergonomic}
   size_t CompressedClassSpaceSize                 = 260046848                                 {product} {ergonomic}
     uint ConcGCThreads                            = 2                                         {product} {ergonomic}
     uint G1ConcRefinementThreads                  = 8                                         {product} {ergonomic}
   size_t G1HeapRegionSize                         = 1048576                                   {product} {ergonomic}
    uintx GCDrainStackTargetSize                   = 64                                        {product} {ergonomic}
     bool HeapDumpOnOutOfMemoryError               = true                                   {manageable} {command line}
   size_t InitialHeapSize                          = 268435456                                 {product} {command line}
   size_t MarkStackSize                            = 4194304                                   {product} {ergonomic}
   size_t MaxHeapSize                              = 536870912                                 {product} {command line}
   size_t MaxMetaspaceSize                         = 268435456                                 {product} {command line}
   size_t MaxNewSize                               = 321912832                                 {product} {ergonomic}
   size_t MinHeapDeltaBytes                        = 1048576                                   {product} {ergonomic}
   size_t MinHeapSize                              = 268435456                                 {product} {command line}
    uintx NonNMethodCodeHeapSize                   = 5839372                                {pd product} {ergonomic}
    uintx NonProfiledCodeHeapSize                  = 122909434                              {pd product} {ergonomic}
    uintx ProfiledCodeHeapSize                     = 122909434                              {pd product} {ergonomic}
    uintx ReservedCodeCacheSize                    = 251658240                              {pd product} {ergonomic}
     bool SegmentedCodeCache                       = true                                      {product} {ergonomic}
   size_t SoftMaxHeapSize                          = 536870912                              {manageable} {ergonomic}
     bool UseCompressedClassPointers               = true                                 {lp64_product} {ergonomic}
     bool UseCompressedOops                        = true                                 {lp64_product} {ergonomic}
     bool UseG1GC                                  = true                                      {product} {ergonomic}
     bool UseLargePagesIndividualAllocation        = false                                  {pd product} {ergonomic}

Logging:
Log output configuration:
 #0: stdout all=warning uptime,level,tags
 #1: stderr all=off uptime,level,tags

Environment Variables:
JAVA_HOME=C:\Program Files\Java\jdk-15.0.2\
PATH=C:\Program Files\Java\jdk-15.0.2\\bin;C:\Program Files\Common Files\Oracle\Java\javapath;C:\Python39\Scripts\;C:\Python39\;C:\WINDOWS\system32;C:\WINDOWS;C:\WINDOWS\System32\Wbem;C:\WINDOWS\System32\WindowsPowerShell\v1.0\;C:\WINDOWS\System32\OpenSSH\;C:\Program Files\Git\cmd;C:\Program Files\nodejs\;C:\ProgramData\chocolatey\bin;C:\Program Files\Docker\Docker\resources\bin;C:\ProgramData\DockerDesktop\version-bin;C:\Program Files (x86)\sbt\bin;C:\Users\User\AppData\Local\Microsoft\WindowsApps;C:\Program Files\JetBrains\WebStorm 2021.2.2\bin;;C:\Users\User\AppData\Roaming\npm;C:\Program Files\JetBrains\IntelliJ IDEA 2021.2.2\bin;;C:\Program Files\JetBrains\DataGrip 2021.2.4\bin;;C:\Program Files\JetBrains\PyCharm 2021.2.3\bin;;C:\gradle-6.9.1\\bin;
USERNAME=User
OS=Windows_NT
PROCESSOR_IDENTIFIER=Intel64 Family 6 Model 140 Stepping 1, GenuineIntel



---------------  S Y S T E M  ---------------

OS:
 Windows 10 , 64 bit Build 19041 (10.0.19041.1202)
OS uptime: 8 days 1:29 hours
HyperV virtualization detected

CPU: total 8 (initial active 8) (4 cores per cpu, 2 threads per core) family 6 model 140 stepping 1 microcode 0x86, cmov, cx8, fxsr, mmx, sse, sse2, sse3, ssse3, sse4.1, sse4.2, popcnt, vzeroupper, avx, avx2, aes, clmul, erms, 3dnowpref, lzcnt, ht, tsc, tscinvbit, bmi1, bmi2, adx, avx512f, avx512dq, avx512cd, avx512bw, avx512vl, avx512_vpopcntdq, avx512_vpclmulqdq, avx512_vbmi, avx512_vbmi2, avx512_vaes, avx512_vnni, sha, fma, clflush, clflushopt, clwb

Memory: 4k page, system-wide physical 12014M (269M free)
TotalPageFile size 42459M (AvailPageFile size 6M)
current process WorkingSet (physical memory assigned to process): 235M, peak: 235M
current process commit charge ("private bytes"): 436M, peak: 438M

vm_info: Java HotSpot(TM) 64-Bit Server VM (15.0.2+7-27) for windows-amd64 JRE (15.0.2+7-27), built on Dec  7 2020 20:07:01 by "mach5one" with unknown MS VC++:1925

END.
