#
# There is insufficient memory for the Java Runtime Environment to continue.
# Native memory allocation (malloc) failed to allocate 392176 bytes for Chunk::new
# Possible reasons:
#   The system is out of physical RAM or swap space
#   The process is running with CompressedOops enabled, and the Java Heap may be blocking the growth of the native heap
# Possible solutions:
#   Reduce memory load on the system
#   Increase physical memory or swap space
#   Check if swap backing store is full
#   Decrease Java heap size (-Xmx/-Xms)
#   Decrease number of Java threads
#   Decrease Java thread stack sizes (-Xss)
#   Set larger code cache with -XX:ReservedCodeCacheSize=
#   JVM is running with Unscaled Compressed Oops mode in which the Java heap is
#     placed in the first 4GB address space. The Java Heap base address is the
#     maximum limit for the native heap growth. Please use -XX:HeapBaseMinAddress
#     to set the Java Heap base and to place the Java Heap above 4GB virtual address.
# This output file may be truncated or incomplete.
#
#  Out of Memory Error (./open/src/hotspot/share/memory/arena.cpp:195), pid=28272, tid=2360
#
# JRE version: Java(TM) SE Runtime Environment (15.0.2+7) (build 15.0.2+7-27)
# Java VM: Java HotSpot(TM) 64-Bit Server VM (15.0.2+7-27, mixed mode, sharing, tiered, compressed oops, g1 gc, windows-amd64)
# No core dump will be written. Minidumps are not enabled by default on client versions of Windows
#

---------------  S U M M A R Y ------------

Command Line: -XX:MaxMetaspaceSize=256m -XX:+HeapDumpOnOutOfMemoryError --add-opens=java.base/java.util=ALL-UNNAMED --add-opens=java.base/java.lang=ALL-UNNAMED --add-opens=java.base/java.lang.invoke=ALL-UNNAMED --add-opens=java.prefs/java.util.prefs=ALL-UNNAMED -Xms256m -Xmx512m -Dfile.encoding=windows-1252 -Duser.country=US -Duser.language=en -Duser.variant org.gradle.launcher.daemon.bootstrap.GradleDaemon 6.9.1

Host: 11th Gen Intel(R) Core(TM) i5-1135G7 @ 2.40GHz, 8 cores, 11G,  Windows 10 , 64 bit Build 19041 (10.0.19041.1202)
Time: Tue Nov 23 11:23:48 2021 Greenwich Standard Time elapsed time: 94.891782 seconds (0d 0h 1m 34s)

---------------  T H R E A D  ---------------

Current thread (0x000001929d5371f0):  JavaThread "C2 CompilerThread0" daemon [_thread_in_native, id=2360, stack(0x00000032f1b00000,0x00000032f1c00000)]


Current CompileTask:
C2:  94891 9232       4       org.codehaus.groovy.reflection.ParameterTypes::getParameterTypes (16 bytes)

Stack: [0x00000032f1b00000,0x00000032f1c00000]
Native frames: (J=compiled Java code, j=interpreted, Vv=VM code, C=native code)
V  [jvm.dll+0x62ae9a]
V  [jvm.dll+0x7817a9]
V  [jvm.dll+0x782f03]
V  [jvm.dll+0x783563]
V  [jvm.dll+0x216325]
V  [jvm.dll+0x97f3a]
V  [jvm.dll+0x9861c]
V  [jvm.dll+0x279f9f]
V  [jvm.dll+0x540794]
V  [jvm.dll+0x1f2cd4]
V  [jvm.dll+0x1ec348]
V  [jvm.dll+0x1e9867]
V  [jvm.dll+0x178567]
V  [jvm.dll+0x1f9225]
V  [jvm.dll+0x1f72cc]
V  [jvm.dll+0x74495d]
V  [jvm.dll+0x73d75a]
V  [jvm.dll+0x629c56]
C  [ucrtbase.dll+0x21bb2]
C  [KERNEL32.DLL+0x17034]
C  [ntdll.dll+0x52651]


---------------  P R O C E S S  ---------------

Threads class SMR info:
_java_thread_list=0x00000192a35b5d80, length=57, elements={
0x0000019282290190, 0x000001929d5162d0, 0x000001929d516db0, 0x000001929d533ab0,
0x000001929d535480, 0x000001929d535e40, 0x000001929d5371f0, 0x000001929d5386c0,
0x000001929d53c9d0, 0x000001929df7c830, 0x000001929df8b150, 0x000001929f30d760,
0x000001929f9efe90, 0x000001929fc575e0, 0x00000192a08af010, 0x00000192a07344a0,
0x000001929f6c18c0, 0x00000192a0348a30, 0x000001929f533040, 0x000001929f56e830,
0x000001929f56ed00, 0x000001929f56d9c0, 0x000001929f56e360, 0x000001929f56de90,
0x000001929f56bce0, 0x000001929f56c1b0, 0x000001929f56cb50, 0x000001929f56d4f0,
0x00000192a1419fc0, 0x00000192a141b300, 0x00000192a1417e10, 0x00000192a141a490,
0x00000192a1416ad0, 0x00000192a1413f80, 0x00000192a14182e0, 0x00000192a1418c80,
0x00000192a141ae30, 0x00000192a1417940, 0x00000192a1416fa0, 0x00000192a141b7d0,
0x00000192a14187b0, 0x00000192a1414920, 0x00000192a1419150, 0x00000192a1419af0,
0x00000192a141a960, 0x00000192a1414df0, 0x00000192a2c8fd80, 0x00000192a2c90720,
0x00000192a2c90bf0, 0x00000192a2c910c0, 0x00000192a2c91f30, 0x00000192a11eaf30,
0x00000192a11ea0c0, 0x00000192a11ea590, 0x00000192a11e9250, 0x00000192a11eaa60,
0x000001929eaaec50
}

Java Threads: ( => current thread )
  0x0000019282290190 JavaThread "main" [_thread_blocked, id=27356, stack(0x00000032f0f00000,0x00000032f1000000)]
  0x000001929d5162d0 JavaThread "Reference Handler" daemon [_thread_blocked, id=22832, stack(0x00000032f1600000,0x00000032f1700000)]
  0x000001929d516db0 JavaThread "Finalizer" daemon [_thread_blocked, id=7596, stack(0x00000032f1700000,0x00000032f1800000)]
  0x000001929d533ab0 JavaThread "Signal Dispatcher" daemon [_thread_blocked, id=4156, stack(0x00000032f1800000,0x00000032f1900000)]
  0x000001929d535480 JavaThread "Attach Listener" daemon [_thread_blocked, id=14832, stack(0x00000032f1900000,0x00000032f1a00000)]
  0x000001929d535e40 JavaThread "Service Thread" daemon [_thread_blocked, id=25908, stack(0x00000032f1a00000,0x00000032f1b00000)]
=>0x000001929d5371f0 JavaThread "C2 CompilerThread0" daemon [_thread_in_native, id=2360, stack(0x00000032f1b00000,0x00000032f1c00000)]
  0x000001929d5386c0 JavaThread "C1 CompilerThread0" daemon [_thread_blocked, id=23776, stack(0x00000032f1c00000,0x00000032f1d00000)]
  0x000001929d53c9d0 JavaThread "Sweeper thread" daemon [_thread_blocked, id=16680, stack(0x00000032f1d00000,0x00000032f1e00000)]
  0x000001929df7c830 JavaThread "Common-Cleaner" daemon [_thread_blocked, id=20304, stack(0x00000032f1e00000,0x00000032f1f00000)]
  0x000001929df8b150 JavaThread "Notification Thread" daemon [_thread_blocked, id=19540, stack(0x00000032f1f00000,0x00000032f2000000)]
  0x000001929f30d760 JavaThread "Daemon health stats" [_thread_blocked, id=18672, stack(0x00000032f2900000,0x00000032f2a00000)]
  0x000001929f9efe90 JavaThread "Incoming local TCP Connector on port 63468" [_thread_in_native, id=7652, stack(0x00000032f2200000,0x00000032f2300000)]
  0x000001929fc575e0 JavaThread "Daemon periodic checks" [_thread_blocked, id=2584, stack(0x00000032f2a00000,0x00000032f2b00000)]
  0x00000192a08af010 JavaThread "Daemon" [_thread_blocked, id=17164, stack(0x00000032f2b00000,0x00000032f2c00000)]
  0x00000192a07344a0 JavaThread "Handler for socket connection from /127.0.0.1:63468 to /127.0.0.1:63470" [_thread_in_native, id=20736, stack(0x00000032f2c00000,0x00000032f2d00000)]
  0x000001929f6c18c0 JavaThread "Cancel handler" [_thread_blocked, id=11452, stack(0x00000032f2d00000,0x00000032f2e00000)]
  0x00000192a0348a30 JavaThread "Daemon worker" [_thread_in_native, id=11240, stack(0x00000032f2e00000,0x00000032f2f00000)]
  0x000001929f533040 JavaThread "Asynchronous log dispatcher for DefaultDaemonConnection: socket connection from /127.0.0.1:63468 to /127.0.0.1:63470" [_thread_blocked, id=20956, stack(0x00000032f2f00000,0x00000032f3000000)]
  0x000001929f56e830 JavaThread "Daemon client event forwarder" [_thread_blocked, id=16652, stack(0x00000032f3100000,0x00000032f3200000)]
  0x000001929f56ed00 JavaThread "Cache worker for file hash cache (C:\Users\User\.gradle\caches\6.9.1\fileHashes)" [_thread_blocked, id=10060, stack(0x00000032f3200000,0x00000032f3300000)]
  0x000001929f56d9c0 JavaThread "File lock request listener" [_thread_in_native, id=15600, stack(0x00000032f3300000,0x00000032f3400000)]
  0x000001929f56e360 JavaThread "Cache worker for journal cache (C:\Users\User\.gradle\caches\journal-1)" [_thread_blocked, id=22876, stack(0x00000032f2100000,0x00000032f2200000)]
  0x000001929f56de90 JavaThread "Cache worker for file hash cache (C:\Users\User\Downloads\Compressed\spring-starter-REST-demo\demo\.gradle\6.9.1\fileHashes)" [_thread_blocked, id=17380, stack(0x00000032f3500000,0x00000032f3600000)]
  0x000001929f56bce0 JavaThread "jar transforms Thread 5" [_thread_blocked, id=10980, stack(0x00000032f3a00000,0x00000032f3b00000)]
  0x000001929f56c1b0 JavaThread "jar transforms Thread 6" [_thread_blocked, id=16492, stack(0x00000032f3b00000,0x00000032f3c00000)]
  0x000001929f56cb50 JavaThread "jar transforms Thread 7" [_thread_blocked, id=13688, stack(0x00000032f3c00000,0x00000032f3d00000)]
  0x000001929f56d4f0 JavaThread "jar transforms Thread 8" [_thread_blocked, id=7324, stack(0x00000032f3d00000,0x00000032f3e00000)]
  0x00000192a1419fc0 JavaThread "jar transforms Thread 9" [_thread_blocked, id=19380, stack(0x00000032f3e00000,0x00000032f3f00000)]
  0x00000192a141b300 JavaThread "jar transforms Thread 10" [_thread_blocked, id=5700, stack(0x00000032f3f00000,0x00000032f4000000)]
  0x00000192a1417e10 JavaThread "jar transforms Thread 11" [_thread_blocked, id=20928, stack(0x00000032f4000000,0x00000032f4100000)]
  0x00000192a141a490 JavaThread "jar transforms Thread 12" [_thread_blocked, id=8728, stack(0x00000032f4100000,0x00000032f4200000)]
  0x00000192a1416ad0 JavaThread "jar transforms Thread 13" [_thread_blocked, id=9344, stack(0x00000032f4200000,0x00000032f4300000)]
  0x00000192a1413f80 JavaThread "jar transforms Thread 14" [_thread_blocked, id=12584, stack(0x00000032f4300000,0x00000032f4400000)]
  0x00000192a14182e0 JavaThread "jar transforms Thread 15" [_thread_blocked, id=15560, stack(0x00000032f4400000,0x00000032f4500000)]
  0x00000192a1418c80 JavaThread "jar transforms Thread 16" [_thread_blocked, id=8660, stack(0x00000032f4500000,0x00000032f4600000)]
  0x00000192a141ae30 JavaThread "jar transforms Thread 17" [_thread_blocked, id=24876, stack(0x00000032f4600000,0x00000032f4700000)]
  0x00000192a1417940 JavaThread "jar transforms Thread 18" [_thread_blocked, id=27464, stack(0x00000032f4700000,0x00000032f4800000)]
  0x00000192a1416fa0 JavaThread "jar transforms Thread 19" [_thread_blocked, id=3168, stack(0x00000032f4800000,0x00000032f4900000)]
  0x00000192a141b7d0 JavaThread "jar transforms Thread 20" [_thread_blocked, id=21556, stack(0x00000032f4900000,0x00000032f4a00000)]
  0x00000192a14187b0 JavaThread "jar transforms Thread 21" [_thread_blocked, id=8632, stack(0x00000032f4a00000,0x00000032f4b00000)]
  0x00000192a1414920 JavaThread "Cache worker for checksums cache (C:\Users\User\Downloads\Compressed\spring-starter-REST-demo\demo\.gradle\checksums)" [_thread_blocked, id=26744, stack(0x00000032f4c00000,0x00000032f4d00000)]
  0x00000192a1419150 JavaThread "Cache worker for cache directory md-supplier (C:\Users\User\.gradle\caches\6.9.1\md-supplier)" [_thread_blocked, id=16856, stack(0x00000032f4d00000,0x00000032f4e00000)]
  0x00000192a1419af0 JavaThread "Cache worker for cache directory md-rule (C:\Users\User\.gradle\caches\6.9.1\md-rule)" [_thread_blocked, id=25340, stack(0x00000032f5100000,0x00000032f5200000)]
  0x00000192a141a960 JavaThread "Cache worker for execution history cache (C:\Users\User\.gradle\caches\6.9.1\executionHistory)" [_thread_blocked, id=20528, stack(0x00000032f5200000,0x00000032f5300000)]
  0x00000192a1414df0 JavaThread "Cache worker for file content cache (C:\Users\User\.gradle\caches\6.9.1\fileContent)" [_thread_blocked, id=23216, stack(0x00000032f4b00000,0x00000032f4c00000)]
  0x00000192a2c8fd80 JavaThread "Cache worker for Build Output Cleanup Cache (C:\Users\User\Downloads\Compressed\spring-starter-REST-demo\demo\.gradle\buildOutputCleanup)" [_thread_blocked, id=20172, stack(0x00000032f5300000,0x00000032f5400000)]
  0x00000192a2c90720 JavaThread "Build operations" [_thread_blocked, id=14092, stack(0x00000032f5700000,0x00000032f5800000)]
  0x00000192a2c90bf0 JavaThread "Build operations Thread 2" [_thread_blocked, id=9416, stack(0x00000032f5800000,0x00000032f5900000)]
  0x00000192a2c910c0 JavaThread "Build operations Thread 3" [_thread_blocked, id=14160, stack(0x00000032f5900000,0x00000032f5a00000)]
  0x00000192a2c91f30 JavaThread "Build operations Thread 4" [_thread_blocked, id=25856, stack(0x00000032f5a00000,0x00000032f5b00000)]
  0x00000192a11eaf30 JavaThread "Build operations Thread 5" [_thread_blocked, id=24932, stack(0x00000032f5c00000,0x00000032f5d00000)]
  0x00000192a11ea0c0 JavaThread "Build operations Thread 6" [_thread_blocked, id=9280, stack(0x00000032f5d00000,0x00000032f5e00000)]
  0x00000192a11ea590 JavaThread "Build operations Thread 7" [_thread_blocked, id=24680, stack(0x00000032f5e00000,0x00000032f5f00000)]
  0x00000192a11e9250 JavaThread "Build operations Thread 8" [_thread_blocked, id=18844, stack(0x00000032f5f00000,0x00000032f6000000)]
  0x00000192a11eaa60 JavaThread "Memory manager" [_thread_blocked, id=22484, stack(0x00000032f6000000,0x00000032f6100000)]
  0x000001929eaaec50 JavaThread "Cache worker for execution history cache (C:\Users\User\Downloads\Compressed\spring-starter-REST-demo\demo\.gradle\6.9.1\executionHistory)" [_thread_blocked, id=5692, stack(0x00000032f6800000,0x00000032f6900000)]

Other Threads:
  0x000001929d512730 VMThread "VM Thread" [stack: 0x00000032f1500000,0x00000032f1600000] [id=16624]
  0x000001929dfa3520 WatcherThread [stack: 0x00000032f2000000,0x00000032f2100000] [id=1476]
  0x00000192822b7d50 GCTaskThread "GC Thread#0" [stack: 0x00000032f1000000,0x00000032f1100000] [id=27736]
  0x000001929e28bf10 GCTaskThread "GC Thread#1" [stack: 0x00000032f2300000,0x00000032f2400000] [id=25700]
  0x000001929e28b250 GCTaskThread "GC Thread#2" [stack: 0x00000032f2400000,0x00000032f2500000] [id=16048]
  0x000001929e28c8a0 GCTaskThread "GC Thread#3" [stack: 0x00000032f2500000,0x00000032f2600000] [id=15920]
  0x000001929e2898d0 GCTaskThread "GC Thread#4" [stack: 0x00000032f2600000,0x00000032f2700000] [id=20176]
  0x000001929e28b580 GCTaskThread "GC Thread#5" [stack: 0x00000032f2700000,0x00000032f2800000] [id=15568]
  0x000001929e289c00 GCTaskThread "GC Thread#6" [stack: 0x00000032f4e00000,0x00000032f4f00000] [id=20128]
  0x000001929e289f30 GCTaskThread "GC Thread#7" [stack: 0x00000032f4f00000,0x00000032f5000000] [id=24500]
  0x00000192822beed0 ConcurrentGCThread "G1 Main Marker" [stack: 0x00000032f1100000,0x00000032f1200000] [id=18368]
  0x00000192822bf9d0 ConcurrentGCThread "G1 Conc#0" [stack: 0x00000032f1200000,0x00000032f1300000] [id=19896]
  0x000001929e28a260 ConcurrentGCThread "G1 Conc#1" [stack: 0x00000032f5000000,0x00000032f5100000] [id=21636]
  0x000001928236ce60 ConcurrentGCThread "G1 Refine#0" [stack: 0x00000032f1300000,0x00000032f1400000] [id=6400]
  0x000001929ed6ba40 ConcurrentGCThread "G1 Refine#1" [stack: 0x00000032f2800000,0x00000032f2900000] [id=1920]
  0x00000192a0601170 ConcurrentGCThread "G1 Refine#2" [stack: 0x00000032f3400000,0x00000032f3500000] [id=23984]
  0x000001928236d970 ConcurrentGCThread "G1 Young RemSet Sampling" [stack: 0x00000032f1400000,0x00000032f1500000] [id=24912]

Threads with active compile tasks:
C2 CompilerThread0    95162 9232       4       org.codehaus.groovy.reflection.ParameterTypes::getParameterTypes (16 bytes)

VM state: not at safepoint (normal execution)

VM Mutex/Monitor currently owned by a thread: None

Heap address: 0x00000000e0000000, size: 512 MB, Compressed Oops mode: 32-bit
CDS archive(s) mapped at: [0x0000000800000000-0x0000000800b50000-0x0000000800b50000), size 11862016, SharedBaseAddress: 0x0000000800000000, ArchiveRelocationMode: 0.
Compressed class space mapped at: 0x0000000800b50000-0x0000000810350000, size: 260046848
Narrow klass base: 0x0000000800000000, Narrow klass shift: 3, Narrow klass range: 0x100000000

GC Precious Log:
 CPUs: 8 total, 8 available
 Memory: 12014M
 Large Page Support: Disabled
 NUMA Support: Disabled
 Compressed Oops: Enabled (32-bit)
 Heap Region Size: 1M
 Heap Min Capacity: 256M
 Heap Initial Capacity: 256M
 Heap Max Capacity: 512M
 Pre-touch: Disabled
 Parallel Workers: 8
 Concurrent Workers: 2
 Concurrent Refinement Workers: 8
 Periodic GC: Disabled

Heap:
 garbage-first heap   total 270336K, used 160509K [0x00000000e0000000, 0x0000000100000000)
  region size 1024K, 73 young (74752K), 6 survivors (6144K)
 Metaspace       used 62645K, capacity 63799K, committed 64136K, reserved 311296K
  class space    used 7907K, capacity 8210K, committed 8320K, reserved 253952K

Heap Regions: E=young(eden), S=young(survivor), O=old, HS=humongous(starts), HC=humongous(continues), CS=collection set, F=free, OA=open archive, CA=closed archive, TAMS=top-at-mark-start (previous, next)
|   0|0x00000000e0000000, 0x00000000e0100000, 0x00000000e0100000|100%| O|  |TAMS 0x00000000e0100000, 0x00000000e0000000| Untracked 
|   1|0x00000000e0100000, 0x00000000e0200000, 0x00000000e0200000|100%| O|  |TAMS 0x00000000e0200000, 0x00000000e0100000| Untracked 
|   2|0x00000000e0200000, 0x00000000e0300000, 0x00000000e0300000|100%| O|  |TAMS 0x00000000e0300000, 0x00000000e0200000| Untracked 
|   3|0x00000000e0300000, 0x00000000e0400000, 0x00000000e0400000|100%|HS|  |TAMS 0x00000000e0400000, 0x00000000e0300000| Complete 
|   4|0x00000000e0400000, 0x00000000e0500000, 0x00000000e0500000|100%|HC|  |TAMS 0x00000000e0500000, 0x00000000e0400000| Complete 
|   5|0x00000000e0500000, 0x00000000e0600000, 0x00000000e0600000|100%|HC|  |TAMS 0x00000000e0600000, 0x00000000e0500000| Complete 
|   6|0x00000000e0600000, 0x00000000e0700000, 0x00000000e0700000|100%| O|  |TAMS 0x00000000e0700000, 0x00000000e0600000| Untracked 
|   7|0x00000000e0700000, 0x00000000e0800000, 0x00000000e0800000|100%| O|  |TAMS 0x00000000e0800000, 0x00000000e0700000| Untracked 
|   8|0x00000000e0800000, 0x00000000e0900000, 0x00000000e0900000|100%| O|  |TAMS 0x00000000e0900000, 0x00000000e0800000| Untracked 
|   9|0x00000000e0900000, 0x00000000e0a00000, 0x00000000e0a00000|100%|HS|  |TAMS 0x00000000e0a00000, 0x00000000e0900000| Complete 
|  10|0x00000000e0a00000, 0x00000000e0b00000, 0x00000000e0b00000|100%|HC|  |TAMS 0x00000000e0b00000, 0x00000000e0a00000| Complete 
|  11|0x00000000e0b00000, 0x00000000e0c00000, 0x00000000e0c00000|100%|HS|  |TAMS 0x00000000e0c00000, 0x00000000e0b00000| Complete 
|  12|0x00000000e0c00000, 0x00000000e0d00000, 0x00000000e0d00000|100%|HC|  |TAMS 0x00000000e0d00000, 0x00000000e0c00000| Complete 
|  13|0x00000000e0d00000, 0x00000000e0e00000, 0x00000000e0e00000|100%|HC|  |TAMS 0x00000000e0e00000, 0x00000000e0d00000| Complete 
|  14|0x00000000e0e00000, 0x00000000e0f00000, 0x00000000e0f00000|100%|HS|  |TAMS 0x00000000e0f00000, 0x00000000e0e00000| Complete 
|  15|0x00000000e0f00000, 0x00000000e1000000, 0x00000000e1000000|100%|HS|  |TAMS 0x00000000e1000000, 0x00000000e0f00000| Complete 
|  16|0x00000000e1000000, 0x00000000e1100000, 0x00000000e1100000|100%|HC|  |TAMS 0x00000000e1100000, 0x00000000e1000000| Complete 
|  17|0x00000000e1100000, 0x00000000e1200000, 0x00000000e1200000|100%|HC|  |TAMS 0x00000000e1200000, 0x00000000e1100000| Complete 
|  18|0x00000000e1200000, 0x00000000e1300000, 0x00000000e1300000|100%|HC|  |TAMS 0x00000000e1300000, 0x00000000e1200000| Complete 
|  19|0x00000000e1300000, 0x00000000e1400000, 0x00000000e1400000|100%|HS|  |TAMS 0x00000000e1400000, 0x00000000e1300000| Complete 
|  20|0x00000000e1400000, 0x00000000e1500000, 0x00000000e1500000|100%|HC|  |TAMS 0x00000000e1500000, 0x00000000e1400000| Complete 
|  21|0x00000000e1500000, 0x00000000e1600000, 0x00000000e1600000|100%|HC|  |TAMS 0x00000000e1600000, 0x00000000e1500000| Complete 
|  22|0x00000000e1600000, 0x00000000e1700000, 0x00000000e1700000|100%|HC|  |TAMS 0x00000000e1700000, 0x00000000e1600000| Complete 
|  23|0x00000000e1700000, 0x00000000e1800000, 0x00000000e1800000|100%| O|  |TAMS 0x00000000e1800000, 0x00000000e1700000| Untracked 
|  24|0x00000000e1800000, 0x00000000e1900000, 0x00000000e1900000|100%| O|  |TAMS 0x00000000e1900000, 0x00000000e1800000| Untracked 
|  25|0x00000000e1900000, 0x00000000e1a00000, 0x00000000e1a00000|100%| O|  |TAMS 0x00000000e1a00000, 0x00000000e1900000| Untracked 
|  26|0x00000000e1a00000, 0x00000000e1b00000, 0x00000000e1b00000|100%| O|  |TAMS 0x00000000e1b00000, 0x00000000e1a00000| Untracked 
|  27|0x00000000e1b00000, 0x00000000e1c00000, 0x00000000e1c00000|100%| O|  |TAMS 0x00000000e1c00000, 0x00000000e1b00000| Untracked 
|  28|0x00000000e1c00000, 0x00000000e1d00000, 0x00000000e1d00000|100%| O|  |TAMS 0x00000000e1d00000, 0x00000000e1c00000| Untracked 
|  29|0x00000000e1d00000, 0x00000000e1e00000, 0x00000000e1e00000|100%| O|  |TAMS 0x00000000e1e00000, 0x00000000e1d00000| Untracked 
|  30|0x00000000e1e00000, 0x00000000e1f00000, 0x00000000e1f00000|100%|HS|  |TAMS 0x00000000e1f00000, 0x00000000e1e00000| Complete 
|  31|0x00000000e1f00000, 0x00000000e2000000, 0x00000000e2000000|100%|HC|  |TAMS 0x00000000e2000000, 0x00000000e1f00000| Complete 
|  32|0x00000000e2000000, 0x00000000e2100000, 0x00000000e2100000|100%|HC|  |TAMS 0x00000000e2100000, 0x00000000e2000000| Complete 
|  33|0x00000000e2100000, 0x00000000e2200000, 0x00000000e2200000|100%|HC|  |TAMS 0x00000000e2200000, 0x00000000e2100000| Complete 
|  34|0x00000000e2200000, 0x00000000e2300000, 0x00000000e2300000|100%| O|  |TAMS 0x00000000e2300000, 0x00000000e2200000| Untracked 
|  35|0x00000000e2300000, 0x00000000e2400000, 0x00000000e2400000|100%| O|  |TAMS 0x00000000e2400000, 0x00000000e2300000| Untracked 
|  36|0x00000000e2400000, 0x00000000e2500000, 0x00000000e2500000|100%| O|  |TAMS 0x00000000e2500000, 0x00000000e2400000| Untracked 
|  37|0x00000000e2500000, 0x00000000e2600000, 0x00000000e2600000|100%| O|  |TAMS 0x00000000e2600000, 0x00000000e2500000| Untracked 
|  38|0x00000000e2600000, 0x00000000e2700000, 0x00000000e2700000|100%| O|  |TAMS 0x00000000e2700000, 0x00000000e2600000| Untracked 
|  39|0x00000000e2700000, 0x00000000e2800000, 0x00000000e2800000|100%| O|  |TAMS 0x00000000e2800000, 0x00000000e2700000| Untracked 
|  40|0x00000000e2800000, 0x00000000e2900000, 0x00000000e2900000|100%| O|  |TAMS 0x00000000e2900000, 0x00000000e2800000| Untracked 
|  41|0x00000000e2900000, 0x00000000e2a00000, 0x00000000e2a00000|100%| O|  |TAMS 0x00000000e2a00000, 0x00000000e2900000| Untracked 
|  42|0x00000000e2a00000, 0x00000000e2b00000, 0x00000000e2b00000|100%| O|  |TAMS 0x00000000e2b00000, 0x00000000e2a00000| Untracked 
|  43|0x00000000e2b00000, 0x00000000e2c00000, 0x00000000e2c00000|100%| O|  |TAMS 0x00000000e2c00000, 0x00000000e2b00000| Untracked 
|  44|0x00000000e2c00000, 0x00000000e2d00000, 0x00000000e2d00000|100%| O|  |TAMS 0x00000000e2d00000, 0x00000000e2c00000| Untracked 
|  45|0x00000000e2d00000, 0x00000000e2e00000, 0x00000000e2e00000|100%| O|  |TAMS 0x00000000e2e00000, 0x00000000e2d00000| Untracked 
|  46|0x00000000e2e00000, 0x00000000e2f00000, 0x00000000e2f00000|100%| O|  |TAMS 0x00000000e2f00000, 0x00000000e2e00000| Untracked 
|  47|0x00000000e2f00000, 0x00000000e3000000, 0x00000000e3000000|100%| O|  |TAMS 0x00000000e3000000, 0x00000000e2f00000| Untracked 
|  48|0x00000000e3000000, 0x00000000e3100000, 0x00000000e3100000|100%| O|  |TAMS 0x00000000e3100000, 0x00000000e3000000| Untracked 
|  49|0x00000000e3100000, 0x00000000e3200000, 0x00000000e3200000|100%| O|  |TAMS 0x00000000e3200000, 0x00000000e3100000| Untracked 
|  50|0x00000000e3200000, 0x00000000e3300000, 0x00000000e3300000|100%|HS|  |TAMS 0x00000000e3200000, 0x00000000e3200000| Complete 
|  51|0x00000000e3300000, 0x00000000e3400000, 0x00000000e3400000|100%| O|  |TAMS 0x00000000e3400000, 0x00000000e3300000| Untracked 
|  52|0x00000000e3400000, 0x00000000e3500000, 0x00000000e3500000|100%|HS|  |TAMS 0x00000000e3400000, 0x00000000e3400000| Complete 
|  53|0x00000000e3500000, 0x00000000e3600000, 0x00000000e3600000|100%|HC|  |TAMS 0x00000000e3500000, 0x00000000e3500000| Complete 
|  54|0x00000000e3600000, 0x00000000e3700000, 0x00000000e3700000|100%| O|  |TAMS 0x00000000e3700000, 0x00000000e3600000| Untracked 
|  55|0x00000000e3700000, 0x00000000e3800000, 0x00000000e3800000|100%|HS|  |TAMS 0x00000000e3800000, 0x00000000e3700000| Complete 
|  56|0x00000000e3800000, 0x00000000e3900000, 0x00000000e3900000|100%|HC|  |TAMS 0x00000000e3900000, 0x00000000e3800000| Complete 
|  57|0x00000000e3900000, 0x00000000e3a00000, 0x00000000e3a00000|100%|HC|  |TAMS 0x00000000e3a00000, 0x00000000e3900000| Complete 
|  58|0x00000000e3a00000, 0x00000000e3b00000, 0x00000000e3b00000|100%| O|  |TAMS 0x00000000e3b00000, 0x00000000e3a00000| Untracked 
|  59|0x00000000e3b00000, 0x00000000e3c00000, 0x00000000e3c00000|100%| O|  |TAMS 0x00000000e3c00000, 0x00000000e3b00000| Untracked 
|  60|0x00000000e3c00000, 0x00000000e3d00000, 0x00000000e3d00000|100%|HS|  |TAMS 0x00000000e3d00000, 0x00000000e3c00000| Complete 
|  61|0x00000000e3d00000, 0x00000000e3e00000, 0x00000000e3e00000|100%|HC|  |TAMS 0x00000000e3e00000, 0x00000000e3d00000| Complete 
|  62|0x00000000e3e00000, 0x00000000e3f00000, 0x00000000e3f00000|100%|HC|  |TAMS 0x00000000e3f00000, 0x00000000e3e00000| Complete 
|  63|0x00000000e3f00000, 0x00000000e4000000, 0x00000000e4000000|100%|HC|  |TAMS 0x00000000e4000000, 0x00000000e3f00000| Complete 
|  64|0x00000000e4000000, 0x00000000e4100000, 0x00000000e4100000|100%|HS|  |TAMS 0x00000000e4100000, 0x00000000e4000000| Complete 
|  65|0x00000000e4100000, 0x00000000e4100000, 0x00000000e4200000|  0%| F|  |TAMS 0x00000000e4100000, 0x00000000e4100000| Untracked 
|  66|0x00000000e4200000, 0x00000000e4300000, 0x00000000e4300000|100%| O|  |TAMS 0x00000000e4300000, 0x00000000e4200000| Untracked 
|  67|0x00000000e4300000, 0x00000000e4400000, 0x00000000e4400000|100%| O|  |TAMS 0x00000000e4400000, 0x00000000e4300000| Untracked 
|  68|0x00000000e4400000, 0x00000000e4500000, 0x00000000e4500000|100%| O|  |TAMS 0x00000000e4500000, 0x00000000e4400000| Untracked 
|  69|0x00000000e4500000, 0x00000000e4600000, 0x00000000e4600000|100%| O|  |TAMS 0x00000000e4600000, 0x00000000e4500000| Untracked 
|  70|0x00000000e4600000, 0x00000000e4700000, 0x00000000e4700000|100%| O|  |TAMS 0x00000000e4700000, 0x00000000e4600000| Untracked 
|  71|0x00000000e4700000, 0x00000000e4800000, 0x00000000e4800000|100%| O|  |TAMS 0x00000000e4800000, 0x00000000e4700000| Untracked 
|  72|0x00000000e4800000, 0x00000000e4900000, 0x00000000e4900000|100%| O|  |TAMS 0x00000000e4900000, 0x00000000e4800000| Untracked 
|  73|0x00000000e4900000, 0x00000000e4a00000, 0x00000000e4a00000|100%| O|  |TAMS 0x00000000e4a00000, 0x00000000e4900000| Untracked 
|  74|0x00000000e4a00000, 0x00000000e4b00000, 0x00000000e4b00000|100%| O|  |TAMS 0x00000000e4b00000, 0x00000000e4a00000| Untracked 
|  75|0x00000000e4b00000, 0x00000000e4bce400, 0x00000000e4c00000| 80%| O|  |TAMS 0x00000000e4bce400, 0x00000000e4b00000| Untracked 
|  76|0x00000000e4c00000, 0x00000000e4d00000, 0x00000000e4d00000|100%|HS|  |TAMS 0x00000000e4c00000, 0x00000000e4c00000| Complete 
|  77|0x00000000e4d00000, 0x00000000e4e00000, 0x00000000e4e00000|100%|HC|  |TAMS 0x00000000e4d00000, 0x00000000e4d00000| Complete 
|  78|0x00000000e4e00000, 0x00000000e4f00000, 0x00000000e4f00000|100%|HC|  |TAMS 0x00000000e4e00000, 0x00000000e4e00000| Complete 
|  79|0x00000000e4f00000, 0x00000000e5000000, 0x00000000e5000000|100%|HS|  |TAMS 0x00000000e4f00000, 0x00000000e4f00000| Complete 
|  80|0x00000000e5000000, 0x00000000e5100000, 0x00000000e5100000|100%|HC|  |TAMS 0x00000000e5000000, 0x00000000e5000000| Complete 
|  81|0x00000000e5100000, 0x00000000e5200000, 0x00000000e5200000|100%|HC|  |TAMS 0x00000000e5100000, 0x00000000e5100000| Complete 
|  82|0x00000000e5200000, 0x00000000e5300000, 0x00000000e5300000|100%|HC|  |TAMS 0x00000000e5200000, 0x00000000e5200000| Complete 
|  83|0x00000000e5300000, 0x00000000e5400000, 0x00000000e5400000|100%|HS|  |TAMS 0x00000000e5300000, 0x00000000e5300000| Complete 
|  84|0x00000000e5400000, 0x00000000e5500000, 0x00000000e5500000|100%|HC|  |TAMS 0x00000000e5400000, 0x00000000e5400000| Complete 
|  85|0x00000000e5500000, 0x00000000e5600000, 0x00000000e5600000|100%|HC|  |TAMS 0x00000000e5500000, 0x00000000e5500000| Complete 
|  86|0x00000000e5600000, 0x00000000e5700000, 0x00000000e5700000|100%|HC|  |TAMS 0x00000000e5600000, 0x00000000e5600000| Complete 
|  87|0x00000000e5700000, 0x00000000e5700000, 0x00000000e5800000|  0%| F|  |TAMS 0x00000000e5700000, 0x00000000e5700000| Untracked 
|  88|0x00000000e5800000, 0x00000000e5800000, 0x00000000e5900000|  0%| F|  |TAMS 0x00000000e5800000, 0x00000000e5800000| Untracked 
|  89|0x00000000e5900000, 0x00000000e5900000, 0x00000000e5a00000|  0%| F|  |TAMS 0x00000000e5900000, 0x00000000e5900000| Untracked 
|  90|0x00000000e5a00000, 0x00000000e5a00000, 0x00000000e5b00000|  0%| F|  |TAMS 0x00000000e5a00000, 0x00000000e5a00000| Untracked 
|  91|0x00000000e5b00000, 0x00000000e5b00000, 0x00000000e5c00000|  0%| F|  |TAMS 0x00000000e5b00000, 0x00000000e5b00000| Untracked 
|  92|0x00000000e5c00000, 0x00000000e5c00000, 0x00000000e5d00000|  0%| F|  |TAMS 0x00000000e5c00000, 0x00000000e5c00000| Untracked 
|  93|0x00000000e5d00000, 0x00000000e5d00000, 0x00000000e5e00000|  0%| F|  |TAMS 0x00000000e5d00000, 0x00000000e5d00000| Untracked 
|  94|0x00000000e5e00000, 0x00000000e5e00000, 0x00000000e5f00000|  0%| F|  |TAMS 0x00000000e5e00000, 0x00000000e5e00000| Untracked 
|  95|0x00000000e5f00000, 0x00000000e5f00000, 0x00000000e6000000|  0%| F|  |TAMS 0x00000000e5f00000, 0x00000000e5f00000| Untracked 
|  96|0x00000000e6000000, 0x00000000e6000000, 0x00000000e6100000|  0%| F|  |TAMS 0x00000000e6000000, 0x00000000e6000000| Untracked 
|  97|0x00000000e6100000, 0x00000000e6100000, 0x00000000e6200000|  0%| F|  |TAMS 0x00000000e6100000, 0x00000000e6100000| Untracked 
|  98|0x00000000e6200000, 0x00000000e6200000, 0x00000000e6300000|  0%| F|  |TAMS 0x00000000e6200000, 0x00000000e6200000| Untracked 
|  99|0x00000000e6300000, 0x00000000e6300000, 0x00000000e6400000|  0%| F|  |TAMS 0x00000000e6300000, 0x00000000e6300000| Untracked 
| 100|0x00000000e6400000, 0x00000000e6400000, 0x00000000e6500000|  0%| F|  |TAMS 0x00000000e6400000, 0x00000000e6400000| Untracked 
| 101|0x00000000e6500000, 0x00000000e6500000, 0x00000000e6600000|  0%| F|  |TAMS 0x00000000e6500000, 0x00000000e6500000| Untracked 
| 102|0x00000000e6600000, 0x00000000e6600000, 0x00000000e6700000|  0%| F|  |TAMS 0x00000000e6600000, 0x00000000e6600000| Untracked 
| 103|0x00000000e6700000, 0x00000000e6700000, 0x00000000e6800000|  0%| F|  |TAMS 0x00000000e6700000, 0x00000000e6700000| Untracked 
| 104|0x00000000e6800000, 0x00000000e6800000, 0x00000000e6900000|  0%| F|  |TAMS 0x00000000e6800000, 0x00000000e6800000| Untracked 
| 105|0x00000000e6900000, 0x00000000e6900000, 0x00000000e6a00000|  0%| F|  |TAMS 0x00000000e6900000, 0x00000000e6900000| Untracked 
| 106|0x00000000e6a00000, 0x00000000e6a00000, 0x00000000e6b00000|  0%| F|  |TAMS 0x00000000e6a00000, 0x00000000e6a00000| Untracked 
| 107|0x00000000e6b00000, 0x00000000e6b00000, 0x00000000e6c00000|  0%| F|  |TAMS 0x00000000e6b00000, 0x00000000e6b00000| Untracked 
| 108|0x00000000e6c00000, 0x00000000e6c00000, 0x00000000e6d00000|  0%| F|  |TAMS 0x00000000e6c00000, 0x00000000e6c00000| Untracked 
| 109|0x00000000e6d00000, 0x00000000e6d00000, 0x00000000e6e00000|  0%| F|  |TAMS 0x00000000e6d00000, 0x00000000e6d00000| Untracked 
| 110|0x00000000e6e00000, 0x00000000e6e00000, 0x00000000e6f00000|  0%| F|  |TAMS 0x00000000e6e00000, 0x00000000e6e00000| Untracked 
| 111|0x00000000e6f00000, 0x00000000e6f00000, 0x00000000e7000000|  0%| F|  |TAMS 0x00000000e6f00000, 0x00000000e6f00000| Untracked 
| 112|0x00000000e7000000, 0x00000000e7000000, 0x00000000e7100000|  0%| F|  |TAMS 0x00000000e7000000, 0x00000000e7000000| Untracked 
| 113|0x00000000e7100000, 0x00000000e7100000, 0x00000000e7200000|  0%| F|  |TAMS 0x00000000e7100000, 0x00000000e7100000| Untracked 
| 114|0x00000000e7200000, 0x00000000e7200000, 0x00000000e7300000|  0%| F|  |TAMS 0x00000000e7200000, 0x00000000e7200000| Untracked 
| 115|0x00000000e7300000, 0x00000000e7300000, 0x00000000e7400000|  0%| F|  |TAMS 0x00000000e7300000, 0x00000000e7300000| Untracked 
| 116|0x00000000e7400000, 0x00000000e7400000, 0x00000000e7500000|  0%| F|  |TAMS 0x00000000e7400000, 0x00000000e7400000| Untracked 
| 117|0x00000000e7500000, 0x00000000e75f1360, 0x00000000e7600000| 94%| S|CS|TAMS 0x00000000e7500000, 0x00000000e7500000| Complete 
| 118|0x00000000e7600000, 0x00000000e7700000, 0x00000000e7700000|100%| S|CS|TAMS 0x00000000e7600000, 0x00000000e7600000| Complete 
| 119|0x00000000e7700000, 0x00000000e7800000, 0x00000000e7800000|100%| S|CS|TAMS 0x00000000e7700000, 0x00000000e7700000| Complete 
| 120|0x00000000e7800000, 0x00000000e7800000, 0x00000000e7900000|  0%| F|  |TAMS 0x00000000e7800000, 0x00000000e7800000| Untracked 
| 121|0x00000000e7900000, 0x00000000e7900000, 0x00000000e7a00000|  0%| F|  |TAMS 0x00000000e7900000, 0x00000000e7900000| Untracked 
| 122|0x00000000e7a00000, 0x00000000e7b00000, 0x00000000e7b00000|100%| S|CS|TAMS 0x00000000e7a00000, 0x00000000e7a00000| Complete 
| 123|0x00000000e7b00000, 0x00000000e7c00000, 0x00000000e7c00000|100%| S|CS|TAMS 0x00000000e7b00000, 0x00000000e7b00000| Complete 
| 124|0x00000000e7c00000, 0x00000000e7d00000, 0x00000000e7d00000|100%| S|CS|TAMS 0x00000000e7c00000, 0x00000000e7c00000| Complete 
| 125|0x00000000e7d00000, 0x00000000e7d00000, 0x00000000e7e00000|  0%| F|  |TAMS 0x00000000e7d00000, 0x00000000e7d00000| Untracked 
| 126|0x00000000e7e00000, 0x00000000e7e00000, 0x00000000e7f00000|  0%| F|  |TAMS 0x00000000e7e00000, 0x00000000e7e00000| Untracked 
| 127|0x00000000e7f00000, 0x00000000e7f00000, 0x00000000e8000000|  0%| F|  |TAMS 0x00000000e7f00000, 0x00000000e7f00000| Untracked 
| 128|0x00000000e8000000, 0x00000000e8000000, 0x00000000e8100000|  0%| F|  |TAMS 0x00000000e8000000, 0x00000000e8000000| Untracked 
| 129|0x00000000e8100000, 0x00000000e8100000, 0x00000000e8200000|  0%| F|  |TAMS 0x00000000e8100000, 0x00000000e8100000| Untracked 
| 130|0x00000000e8200000, 0x00000000e8200000, 0x00000000e8300000|  0%| F|  |TAMS 0x00000000e8200000, 0x00000000e8200000| Untracked 
| 131|0x00000000e8300000, 0x00000000e8300000, 0x00000000e8400000|  0%| F|  |TAMS 0x00000000e8300000, 0x00000000e8300000| Untracked 
| 132|0x00000000e8400000, 0x00000000e8400000, 0x00000000e8500000|  0%| F|  |TAMS 0x00000000e8400000, 0x00000000e8400000| Untracked 
| 133|0x00000000e8500000, 0x00000000e8500000, 0x00000000e8600000|  0%| F|  |TAMS 0x00000000e8500000, 0x00000000e8500000| Untracked 
| 134|0x00000000e8600000, 0x00000000e8600000, 0x00000000e8700000|  0%| F|  |TAMS 0x00000000e8600000, 0x00000000e8600000| Untracked 
| 135|0x00000000e8700000, 0x00000000e8700000, 0x00000000e8800000|  0%| F|  |TAMS 0x00000000e8700000, 0x00000000e8700000| Untracked 
| 136|0x00000000e8800000, 0x00000000e8800000, 0x00000000e8900000|  0%| F|  |TAMS 0x00000000e8800000, 0x00000000e8800000| Untracked 
| 137|0x00000000e8900000, 0x00000000e8900000, 0x00000000e8a00000|  0%| F|  |TAMS 0x00000000e8900000, 0x00000000e8900000| Untracked 
| 138|0x00000000e8a00000, 0x00000000e8a00000, 0x00000000e8b00000|  0%| F|  |TAMS 0x00000000e8a00000, 0x00000000e8a00000| Untracked 
| 139|0x00000000e8b00000, 0x00000000e8b00000, 0x00000000e8c00000|  0%| F|  |TAMS 0x00000000e8b00000, 0x00000000e8b00000| Untracked 
| 140|0x00000000e8c00000, 0x00000000e8c00000, 0x00000000e8d00000|  0%| F|  |TAMS 0x00000000e8c00000, 0x00000000e8c00000| Untracked 
| 141|0x00000000e8d00000, 0x00000000e8d00000, 0x00000000e8e00000|  0%| F|  |TAMS 0x00000000e8d00000, 0x00000000e8d00000| Untracked 
| 142|0x00000000e8e00000, 0x00000000e8e00000, 0x00000000e8f00000|  0%| F|  |TAMS 0x00000000e8e00000, 0x00000000e8e00000| Untracked 
| 143|0x00000000e8f00000, 0x00000000e8f00000, 0x00000000e9000000|  0%| F|  |TAMS 0x00000000e8f00000, 0x00000000e8f00000| Untracked 
| 144|0x00000000e9000000, 0x00000000e9000000, 0x00000000e9100000|  0%| F|  |TAMS 0x00000000e9000000, 0x00000000e9000000| Untracked 
| 145|0x00000000e9100000, 0x00000000e9100000, 0x00000000e9200000|  0%| F|  |TAMS 0x00000000e9100000, 0x00000000e9100000| Untracked 
| 146|0x00000000e9200000, 0x00000000e9200000, 0x00000000e9300000|  0%| F|  |TAMS 0x00000000e9200000, 0x00000000e9200000| Untracked 
| 147|0x00000000e9300000, 0x00000000e9300000, 0x00000000e9400000|  0%| F|  |TAMS 0x00000000e9300000, 0x00000000e9300000| Untracked 
| 148|0x00000000e9400000, 0x00000000e9400000, 0x00000000e9500000|  0%| F|  |TAMS 0x00000000e9400000, 0x00000000e9400000| Untracked 
| 149|0x00000000e9500000, 0x00000000e9500000, 0x00000000e9600000|  0%| F|  |TAMS 0x00000000e9500000, 0x00000000e9500000| Untracked 
| 150|0x00000000e9600000, 0x00000000e9600000, 0x00000000e9700000|  0%| F|  |TAMS 0x00000000e9600000, 0x00000000e9600000| Untracked 
| 151|0x00000000e9700000, 0x00000000e9700000, 0x00000000e9800000|  0%| F|  |TAMS 0x00000000e9700000, 0x00000000e9700000| Untracked 
| 152|0x00000000e9800000, 0x00000000e9800000, 0x00000000e9900000|  0%| F|  |TAMS 0x00000000e9800000, 0x00000000e9800000| Untracked 
| 153|0x00000000e9900000, 0x00000000e9900000, 0x00000000e9a00000|  0%| F|  |TAMS 0x00000000e9900000, 0x00000000e9900000| Untracked 
| 154|0x00000000e9a00000, 0x00000000e9a00000, 0x00000000e9b00000|  0%| F|  |TAMS 0x00000000e9a00000, 0x00000000e9a00000| Untracked 
| 155|0x00000000e9b00000, 0x00000000e9b00000, 0x00000000e9c00000|  0%| F|  |TAMS 0x00000000e9b00000, 0x00000000e9b00000| Untracked 
| 156|0x00000000e9c00000, 0x00000000e9c00000, 0x00000000e9d00000|  0%| F|  |TAMS 0x00000000e9c00000, 0x00000000e9c00000| Untracked 
| 157|0x00000000e9d00000, 0x00000000e9d00000, 0x00000000e9e00000|  0%| F|  |TAMS 0x00000000e9d00000, 0x00000000e9d00000| Untracked 
| 158|0x00000000e9e00000, 0x00000000e9e00000, 0x00000000e9f00000|  0%| F|  |TAMS 0x00000000e9e00000, 0x00000000e9e00000| Untracked 
| 159|0x00000000e9f00000, 0x00000000e9f00000, 0x00000000ea000000|  0%| F|  |TAMS 0x00000000e9f00000, 0x00000000e9f00000| Untracked 
| 160|0x00000000ea000000, 0x00000000ea000000, 0x00000000ea100000|  0%| F|  |TAMS 0x00000000ea000000, 0x00000000ea000000| Untracked 
| 161|0x00000000ea100000, 0x00000000ea100000, 0x00000000ea200000|  0%| F|  |TAMS 0x00000000ea100000, 0x00000000ea100000| Untracked 
| 162|0x00000000ea200000, 0x00000000ea200000, 0x00000000ea300000|  0%| F|  |TAMS 0x00000000ea200000, 0x00000000ea200000| Untracked 
| 163|0x00000000ea300000, 0x00000000ea300000, 0x00000000ea400000|  0%| F|  |TAMS 0x00000000ea300000, 0x00000000ea300000| Untracked 
| 164|0x00000000ea400000, 0x00000000ea400000, 0x00000000ea500000|  0%| F|  |TAMS 0x00000000ea400000, 0x00000000ea400000| Untracked 
| 165|0x00000000ea500000, 0x00000000ea500000, 0x00000000ea600000|  0%| F|  |TAMS 0x00000000ea500000, 0x00000000ea500000| Untracked 
| 166|0x00000000ea600000, 0x00000000ea600000, 0x00000000ea700000|  0%| F|  |TAMS 0x00000000ea600000, 0x00000000ea600000| Untracked 
| 167|0x00000000ea700000, 0x00000000ea700000, 0x00000000ea800000|  0%| F|  |TAMS 0x00000000ea700000, 0x00000000ea700000| Untracked 
| 168|0x00000000ea800000, 0x00000000ea800000, 0x00000000ea900000|  0%| F|  |TAMS 0x00000000ea800000, 0x00000000ea800000| Untracked 
| 169|0x00000000ea900000, 0x00000000ea900000, 0x00000000eaa00000|  0%| F|  |TAMS 0x00000000ea900000, 0x00000000ea900000| Untracked 
| 170|0x00000000eaa00000, 0x00000000eaa00000, 0x00000000eab00000|  0%| F|  |TAMS 0x00000000eaa00000, 0x00000000eaa00000| Untracked 
| 171|0x00000000eab00000, 0x00000000eab00000, 0x00000000eac00000|  0%| F|  |TAMS 0x00000000eab00000, 0x00000000eab00000| Untracked 
| 172|0x00000000eac00000, 0x00000000eac00000, 0x00000000ead00000|  0%| F|  |TAMS 0x00000000eac00000, 0x00000000eac00000| Untracked 
| 173|0x00000000ead00000, 0x00000000ead00000, 0x00000000eae00000|  0%| F|  |TAMS 0x00000000ead00000, 0x00000000ead00000| Untracked 
| 174|0x00000000eae00000, 0x00000000eae00000, 0x00000000eaf00000|  0%| F|  |TAMS 0x00000000eae00000, 0x00000000eae00000| Untracked 
| 175|0x00000000eaf00000, 0x00000000eaf00000, 0x00000000eb000000|  0%| F|  |TAMS 0x00000000eaf00000, 0x00000000eaf00000| Untracked 
| 176|0x00000000eb000000, 0x00000000eb000000, 0x00000000eb100000|  0%| F|  |TAMS 0x00000000eb000000, 0x00000000eb000000| Untracked 
| 177|0x00000000eb100000, 0x00000000eb100000, 0x00000000eb200000|  0%| F|  |TAMS 0x00000000eb100000, 0x00000000eb100000| Untracked 
| 178|0x00000000eb200000, 0x00000000eb200000, 0x00000000eb300000|  0%| F|  |TAMS 0x00000000eb200000, 0x00000000eb200000| Untracked 
| 179|0x00000000eb300000, 0x00000000eb300000, 0x00000000eb400000|  0%| F|  |TAMS 0x00000000eb300000, 0x00000000eb300000| Untracked 
| 180|0x00000000eb400000, 0x00000000eb400000, 0x00000000eb500000|  0%| F|  |TAMS 0x00000000eb400000, 0x00000000eb400000| Untracked 
| 181|0x00000000eb500000, 0x00000000eb500000, 0x00000000eb600000|  0%| F|  |TAMS 0x00000000eb500000, 0x00000000eb500000| Untracked 
| 182|0x00000000eb600000, 0x00000000eb600000, 0x00000000eb700000|  0%| F|  |TAMS 0x00000000eb600000, 0x00000000eb600000| Untracked 
| 183|0x00000000eb700000, 0x00000000eb700000, 0x00000000eb800000|  0%| F|  |TAMS 0x00000000eb700000, 0x00000000eb700000| Untracked 
| 184|0x00000000eb800000, 0x00000000eb800000, 0x00000000eb900000|  0%| F|  |TAMS 0x00000000eb800000, 0x00000000eb800000| Untracked 
| 185|0x00000000eb900000, 0x00000000eb900000, 0x00000000eba00000|  0%| F|  |TAMS 0x00000000eb900000, 0x00000000eb900000| Untracked 
| 186|0x00000000eba00000, 0x00000000eba00000, 0x00000000ebb00000|  0%| F|  |TAMS 0x00000000eba00000, 0x00000000eba00000| Untracked 
| 187|0x00000000ebb00000, 0x00000000ebb00000, 0x00000000ebc00000|  0%| F|  |TAMS 0x00000000ebb00000, 0x00000000ebb00000| Untracked 
| 188|0x00000000ebc00000, 0x00000000ebc00000, 0x00000000ebd00000|  0%| F|  |TAMS 0x00000000ebc00000, 0x00000000ebc00000| Untracked 
| 189|0x00000000ebd00000, 0x00000000ebd00000, 0x00000000ebe00000|  0%| F|  |TAMS 0x00000000ebd00000, 0x00000000ebd00000| Untracked 
| 190|0x00000000ebe00000, 0x00000000ebe00000, 0x00000000ebf00000|  0%| F|  |TAMS 0x00000000ebe00000, 0x00000000ebe00000| Untracked 
| 191|0x00000000ebf00000, 0x00000000ebf00000, 0x00000000ec000000|  0%| F|  |TAMS 0x00000000ebf00000, 0x00000000ebf00000| Untracked 
| 192|0x00000000ec000000, 0x00000000ec000000, 0x00000000ec100000|  0%| F|  |TAMS 0x00000000ec000000, 0x00000000ec000000| Untracked 
| 193|0x00000000ec100000, 0x00000000ec100000, 0x00000000ec200000|  0%| F|  |TAMS 0x00000000ec100000, 0x00000000ec100000| Untracked 
| 194|0x00000000ec200000, 0x00000000ec200000, 0x00000000ec300000|  0%| F|  |TAMS 0x00000000ec200000, 0x00000000ec200000| Untracked 
| 195|0x00000000ec300000, 0x00000000ec300000, 0x00000000ec400000|  0%| F|  |TAMS 0x00000000ec300000, 0x00000000ec300000| Untracked 
| 196|0x00000000ec400000, 0x00000000ec400000, 0x00000000ec500000|  0%| F|  |TAMS 0x00000000ec400000, 0x00000000ec400000| Untracked 
| 197|0x00000000ec500000, 0x00000000ec581260, 0x00000000ec600000| 50%| E|  |TAMS 0x00000000ec500000, 0x00000000ec500000| Complete 
| 198|0x00000000ec600000, 0x00000000ec700000, 0x00000000ec700000|100%| E|CS|TAMS 0x00000000ec600000, 0x00000000ec600000| Complete 
| 199|0x00000000ec700000, 0x00000000ec800000, 0x00000000ec800000|100%| E|CS|TAMS 0x00000000ec700000, 0x00000000ec700000| Complete 
| 200|0x00000000ec800000, 0x00000000ec900000, 0x00000000ec900000|100%| E|CS|TAMS 0x00000000ec800000, 0x00000000ec800000| Complete 
| 201|0x00000000ec900000, 0x00000000eca00000, 0x00000000eca00000|100%| E|CS|TAMS 0x00000000ec900000, 0x00000000ec900000| Complete 
| 202|0x00000000eca00000, 0x00000000ecb00000, 0x00000000ecb00000|100%| E|CS|TAMS 0x00000000eca00000, 0x00000000eca00000| Complete 
| 203|0x00000000ecb00000, 0x00000000ecc00000, 0x00000000ecc00000|100%| E|CS|TAMS 0x00000000ecb00000, 0x00000000ecb00000| Complete 
| 204|0x00000000ecc00000, 0x00000000ecd00000, 0x00000000ecd00000|100%| E|CS|TAMS 0x00000000ecc00000, 0x00000000ecc00000| Complete 
| 205|0x00000000ecd00000, 0x00000000ece00000, 0x00000000ece00000|100%| E|CS|TAMS 0x00000000ecd00000, 0x00000000ecd00000| Complete 
| 206|0x00000000ece00000, 0x00000000ecf00000, 0x00000000ecf00000|100%| E|CS|TAMS 0x00000000ece00000, 0x00000000ece00000| Complete 
| 207|0x00000000ecf00000, 0x00000000ed000000, 0x00000000ed000000|100%| E|CS|TAMS 0x00000000ecf00000, 0x00000000ecf00000| Complete 
| 208|0x00000000ed000000, 0x00000000ed100000, 0x00000000ed100000|100%| E|CS|TAMS 0x00000000ed000000, 0x00000000ed000000| Complete 
| 209|0x00000000ed100000, 0x00000000ed200000, 0x00000000ed200000|100%| E|CS|TAMS 0x00000000ed100000, 0x00000000ed100000| Complete 
| 210|0x00000000ed200000, 0x00000000ed300000, 0x00000000ed300000|100%| E|CS|TAMS 0x00000000ed200000, 0x00000000ed200000| Complete 
| 211|0x00000000ed300000, 0x00000000ed400000, 0x00000000ed400000|100%| E|CS|TAMS 0x00000000ed300000, 0x00000000ed300000| Complete 
| 212|0x00000000ed400000, 0x00000000ed500000, 0x00000000ed500000|100%| E|CS|TAMS 0x00000000ed400000, 0x00000000ed400000| Complete 
| 213|0x00000000ed500000, 0x00000000ed600000, 0x00000000ed600000|100%| E|CS|TAMS 0x00000000ed500000, 0x00000000ed500000| Complete 
| 214|0x00000000ed600000, 0x00000000ed700000, 0x00000000ed700000|100%| E|CS|TAMS 0x00000000ed600000, 0x00000000ed600000| Complete 
| 215|0x00000000ed700000, 0x00000000ed800000, 0x00000000ed800000|100%| E|CS|TAMS 0x00000000ed700000, 0x00000000ed700000| Complete 
| 216|0x00000000ed800000, 0x00000000ed900000, 0x00000000ed900000|100%| E|CS|TAMS 0x00000000ed800000, 0x00000000ed800000| Complete 
| 217|0x00000000ed900000, 0x00000000eda00000, 0x00000000eda00000|100%| E|CS|TAMS 0x00000000ed900000, 0x00000000ed900000| Complete 
| 218|0x00000000eda00000, 0x00000000edb00000, 0x00000000edb00000|100%| E|CS|TAMS 0x00000000eda00000, 0x00000000eda00000| Complete 
| 219|0x00000000edb00000, 0x00000000edc00000, 0x00000000edc00000|100%| E|CS|TAMS 0x00000000edb00000, 0x00000000edb00000| Complete 
| 220|0x00000000edc00000, 0x00000000edd00000, 0x00000000edd00000|100%| E|CS|TAMS 0x00000000edc00000, 0x00000000edc00000| Complete 
| 221|0x00000000edd00000, 0x00000000ede00000, 0x00000000ede00000|100%| E|CS|TAMS 0x00000000edd00000, 0x00000000edd00000| Complete 
| 222|0x00000000ede00000, 0x00000000edf00000, 0x00000000edf00000|100%| E|CS|TAMS 0x00000000ede00000, 0x00000000ede00000| Complete 
| 223|0x00000000edf00000, 0x00000000ee000000, 0x00000000ee000000|100%| E|CS|TAMS 0x00000000edf00000, 0x00000000edf00000| Complete 
| 224|0x00000000ee000000, 0x00000000ee100000, 0x00000000ee100000|100%| E|CS|TAMS 0x00000000ee000000, 0x00000000ee000000| Complete 
| 225|0x00000000ee100000, 0x00000000ee200000, 0x00000000ee200000|100%| E|CS|TAMS 0x00000000ee100000, 0x00000000ee100000| Complete 
| 226|0x00000000ee200000, 0x00000000ee300000, 0x00000000ee300000|100%| E|CS|TAMS 0x00000000ee200000, 0x00000000ee200000| Complete 
| 227|0x00000000ee300000, 0x00000000ee400000, 0x00000000ee400000|100%| E|CS|TAMS 0x00000000ee300000, 0x00000000ee300000| Complete 
| 228|0x00000000ee400000, 0x00000000ee500000, 0x00000000ee500000|100%| E|CS|TAMS 0x00000000ee400000, 0x00000000ee400000| Complete 
| 229|0x00000000ee500000, 0x00000000ee600000, 0x00000000ee600000|100%| E|CS|TAMS 0x00000000ee500000, 0x00000000ee500000| Complete 
| 230|0x00000000ee600000, 0x00000000ee700000, 0x00000000ee700000|100%| E|CS|TAMS 0x00000000ee600000, 0x00000000ee600000| Complete 
| 231|0x00000000ee700000, 0x00000000ee800000, 0x00000000ee800000|100%| E|CS|TAMS 0x00000000ee700000, 0x00000000ee700000| Complete 
| 232|0x00000000ee800000, 0x00000000ee900000, 0x00000000ee900000|100%| E|CS|TAMS 0x00000000ee800000, 0x00000000ee800000| Complete 
| 233|0x00000000ee900000, 0x00000000eea00000, 0x00000000eea00000|100%| E|CS|TAMS 0x00000000ee900000, 0x00000000ee900000| Complete 
| 234|0x00000000eea00000, 0x00000000eeb00000, 0x00000000eeb00000|100%| E|CS|TAMS 0x00000000eea00000, 0x00000000eea00000| Complete 
| 235|0x00000000eeb00000, 0x00000000eec00000, 0x00000000eec00000|100%| E|CS|TAMS 0x00000000eeb00000, 0x00000000eeb00000| Complete 
| 236|0x00000000eec00000, 0x00000000eed00000, 0x00000000eed00000|100%| E|CS|TAMS 0x00000000eec00000, 0x00000000eec00000| Complete 
| 237|0x00000000eed00000, 0x00000000eee00000, 0x00000000eee00000|100%| E|CS|TAMS 0x00000000eed00000, 0x00000000eed00000| Complete 
| 238|0x00000000eee00000, 0x00000000eef00000, 0x00000000eef00000|100%| E|CS|TAMS 0x00000000eee00000, 0x00000000eee00000| Complete 
| 239|0x00000000eef00000, 0x00000000ef000000, 0x00000000ef000000|100%| E|CS|TAMS 0x00000000eef00000, 0x00000000eef00000| Complete 
| 240|0x00000000ef000000, 0x00000000ef100000, 0x00000000ef100000|100%| E|CS|TAMS 0x00000000ef000000, 0x00000000ef000000| Complete 
| 241|0x00000000ef100000, 0x00000000ef200000, 0x00000000ef200000|100%| E|CS|TAMS 0x00000000ef100000, 0x00000000ef100000| Complete 
| 242|0x00000000ef200000, 0x00000000ef300000, 0x00000000ef300000|100%| E|CS|TAMS 0x00000000ef200000, 0x00000000ef200000| Complete 
| 243|0x00000000ef300000, 0x00000000ef400000, 0x00000000ef400000|100%| E|CS|TAMS 0x00000000ef300000, 0x00000000ef300000| Complete 
| 244|0x00000000ef400000, 0x00000000ef500000, 0x00000000ef500000|100%| E|CS|TAMS 0x00000000ef400000, 0x00000000ef400000| Complete 
| 245|0x00000000ef500000, 0x00000000ef600000, 0x00000000ef600000|100%| E|CS|TAMS 0x00000000ef500000, 0x00000000ef500000| Complete 
| 246|0x00000000ef600000, 0x00000000ef700000, 0x00000000ef700000|100%| E|CS|TAMS 0x00000000ef600000, 0x00000000ef600000| Complete 
| 247|0x00000000ef700000, 0x00000000ef800000, 0x00000000ef800000|100%| E|CS|TAMS 0x00000000ef700000, 0x00000000ef700000| Complete 
| 248|0x00000000ef800000, 0x00000000ef900000, 0x00000000ef900000|100%| E|CS|TAMS 0x00000000ef800000, 0x00000000ef800000| Complete 
| 249|0x00000000ef900000, 0x00000000efa00000, 0x00000000efa00000|100%| E|CS|TAMS 0x00000000ef900000, 0x00000000ef900000| Complete 
| 250|0x00000000efa00000, 0x00000000efb00000, 0x00000000efb00000|100%| E|CS|TAMS 0x00000000efa00000, 0x00000000efa00000| Complete 
| 251|0x00000000efb00000, 0x00000000efc00000, 0x00000000efc00000|100%| E|CS|TAMS 0x00000000efb00000, 0x00000000efb00000| Complete 
| 252|0x00000000efc00000, 0x00000000efd00000, 0x00000000efd00000|100%| E|CS|TAMS 0x00000000efc00000, 0x00000000efc00000| Complete 
| 253|0x00000000efd00000, 0x00000000efe00000, 0x00000000efe00000|100%| E|CS|TAMS 0x00000000efd00000, 0x00000000efd00000| Complete 
| 254|0x00000000efe00000, 0x00000000eff00000, 0x00000000eff00000|100%| E|CS|TAMS 0x00000000efe00000, 0x00000000efe00000| Complete 
| 255|0x00000000eff00000, 0x00000000f0000000, 0x00000000f0000000|100%| E|CS|TAMS 0x00000000eff00000, 0x00000000eff00000| Complete 
| 256|0x00000000f0000000, 0x00000000f0100000, 0x00000000f0100000|100%| E|CS|TAMS 0x00000000f0000000, 0x00000000f0000000| Complete 
| 257|0x00000000f0100000, 0x00000000f0200000, 0x00000000f0200000|100%| E|CS|TAMS 0x00000000f0100000, 0x00000000f0100000| Complete 
| 258|0x00000000f0200000, 0x00000000f0300000, 0x00000000f0300000|100%| E|CS|TAMS 0x00000000f0200000, 0x00000000f0200000| Complete 
| 259|0x00000000f0300000, 0x00000000f0400000, 0x00000000f0400000|100%| E|CS|TAMS 0x00000000f0300000, 0x00000000f0300000| Complete 
| 260|0x00000000f0400000, 0x00000000f0500000, 0x00000000f0500000|100%| E|CS|TAMS 0x00000000f0400000, 0x00000000f0400000| Complete 
| 261|0x00000000f0500000, 0x00000000f0600000, 0x00000000f0600000|100%| E|  |TAMS 0x00000000f0500000, 0x00000000f0500000| Complete 
| 262|0x00000000f0600000, 0x00000000f0700000, 0x00000000f0700000|100%| E|CS|TAMS 0x00000000f0600000, 0x00000000f0600000| Complete 
| 267|0x00000000f0b00000, 0x00000000f0c00000, 0x00000000f0c00000|100%| E|CS|TAMS 0x00000000f0b00000, 0x00000000f0b00000| Complete 

Card table byte_map: [0x0000019299910000,0x0000019299a10000] _byte_map_base: 0x0000019299210000

Marking Bits (Prev, Next): (CMBitMap*) 0x00000192822b9520, (CMBitMap*) 0x00000192822b94e0
 Prev Bits: [0x000001929a310000, 0x000001929ab10000)
 Next Bits: [0x0000019299b10000, 0x000001929a310000)

Polling page: 0x0000019281a70000

Metaspace:

Usage:
  Non-class:     54.29 MB capacity,    53.46 MB ( 98%) used,   755.59 KB (  1%) free+waste,    95.19 KB ( <1%) overhead. 
      Class:      8.02 MB capacity,     7.72 MB ( 96%) used,   264.27 KB (  3%) free+waste,    38.62 KB ( <1%) overhead. 
       Both:     62.30 MB capacity,    61.18 MB ( 98%) used,  1019.87 KB (  2%) free+waste,   133.81 KB ( <1%) overhead. 

Virtual space:
  Non-class space:       56.00 MB reserved,      54.51 MB ( 97%) committed 
      Class space:      248.00 MB reserved,       8.12 MB (  3%) committed 
             Both:      304.00 MB reserved,      62.63 MB ( 21%) committed 

Chunk freelists:
   Non-Class:  35.00 KB
       Class:  14.00 KB
        Both:  49.00 KB

MaxMetaspaceSize: 256.00 MB
CompressedClassSpaceSize: 248.00 MB

CodeHeap 'non-profiled nmethods': size=120000Kb used=6045Kb max_used=6045Kb free=113954Kb
 bounds [0x0000019291fa0000, 0x0000019292590000, 0x00000192994d0000]
CodeHeap 'profiled nmethods': size=120000Kb used=16321Kb max_used=16321Kb free=103678Kb
 bounds [0x000001928aa70000, 0x000001928ba70000, 0x0000019291fa0000]
CodeHeap 'non-nmethods': size=5760Kb used=2404Kb max_used=2461Kb free=3355Kb
 bounds [0x000001928a4d0000, 0x000001928a750000, 0x000001928aa70000]
 total_blobs=8511 nmethods=7625 adapters=798
 compilation: enabled
              stopped_count=0, restarted_count=0
 full_count=0

Compilation events (20 events):
Event: 94.872 Thread 0x000001929d5371f0 nmethod 9215 0x000001929257ff10 code [0x00000192925802a0, 0x00000192925841b8]
Event: 94.872 Thread 0x000001929d5371f0 9232       4       org.codehaus.groovy.reflection.ParameterTypes::getParameterTypes (16 bytes)
Event: 94.873 Thread 0x000001929d5386c0 9274       1       java.lang.ClassLoader::findResource (2 bytes)
Event: 94.873 Thread 0x000001929d5386c0 nmethod 9274 0x0000019292585990 code [0x0000019292585b20, 0x0000019292585bd8]
Event: 94.873 Thread 0x000001929d5386c0 9275       3       org.gradle.api.internal.plugins.DefaultPluginRegistry$PluginIdLookupCacheKey::equals (63 bytes)
Event: 94.874 Thread 0x000001929d5386c0 nmethod 9275 0x000001928ba1ce90 code [0x000001928ba1d060, 0x000001928ba1d5f8]
Event: 94.874 Thread 0x000001929d5386c0 9276       3       org.gradle.internal.classloader.CachingClassLoader::equals (33 bytes)
Event: 94.874 Thread 0x000001929d5386c0 nmethod 9276 0x000001928ba1d790 code [0x000001928ba1d960, 0x000001928ba1dde8]
Event: 94.874 Thread 0x000001929d5386c0 9277       3       com.google.common.cache.LocalCache$LoadingValueReference::notifyNewValue (21 bytes)
Event: 94.874 Thread 0x000001929d5386c0 nmethod 9277 0x000001928ba1df10 code [0x000001928ba1e0e0, 0x000001928ba1e3e8]
Event: 94.874 Thread 0x000001929d5386c0 9278       3       org.gradle.plugin.use.internal.DefaultPluginId::getNamespace (29 bytes)
Event: 94.875 Thread 0x000001929d5386c0 nmethod 9278 0x000001928ba1e510 code [0x000001928ba1e720, 0x000001928ba1ec48]
Event: 94.875 Thread 0x000001929d5386c0 9279       3       org.gradle.api.internal.plugins.DefaultPluginRegistry::lookup (83 bytes)
Event: 94.876 Thread 0x000001929d5386c0 nmethod 9279 0x000001928ba1ee90 code [0x000001928ba1f200, 0x000001928ba20988]
Event: 94.885 Thread 0x000001929d5386c0 9281       3       org.gradle.internal.serialize.kryo.KryoBackedEncoder::writeSmallLong (11 bytes)
Event: 94.885 Thread 0x000001929d5386c0 nmethod 9281 0x000001928ba21290 code [0x000001928ba21440, 0x000001928ba215e8]
Event: 94.885 Thread 0x000001929d5386c0 9282   !   3       com.sun.beans.introspect.MethodInfo::get (143 bytes)
Event: 94.886 Thread 0x000001929d5386c0 nmethod 9282 0x000001928ba21710 code [0x000001928ba21a20, 0x000001928ba22f58]
Event: 94.887 Thread 0x000001929d5386c0 9283       3       com.sun.beans.WeakCache::get (42 bytes)
Event: 94.887 Thread 0x000001929d5386c0 nmethod 9283 0x000001928ba23690 code [0x000001928ba23860, 0x000001928ba23d88]

GC Heap History (20 events):
Event: 13.303 GC heap before
{Heap before GC invocations=35 (full 0):
 garbage-first heap   total 274432K, used 227743K [0x00000000e0000000, 0x0000000100000000)
  region size 1024K, 160 young (163840K), 12 survivors (12288K)
 Metaspace       used 36126K, capacity 36870K, committed 37072K, reserved 286720K
  class space    used 4698K, capacity 4945K, committed 4992K, reserved 253952K
}
Event: 13.307 GC heap after
{Heap after GC invocations=36 (full 0):
 garbage-first heap   total 274432K, used 66306K [0x00000000e0000000, 0x0000000100000000)
  region size 1024K, 6 young (6144K), 6 survivors (6144K)
 Metaspace       used 36126K, capacity 36870K, committed 37072K, reserved 286720K
  class space    used 4698K, capacity 4945K, committed 4992K, reserved 253952K
}
Event: 13.570 GC heap before
{Heap before GC invocations=36 (full 0):
 garbage-first heap   total 274432K, used 224002K [0x00000000e0000000, 0x0000000100000000)
  region size 1024K, 160 young (163840K), 6 survivors (6144K)
 Metaspace       used 36126K, capacity 36870K, committed 37072K, reserved 286720K
  class space    used 4698K, capacity 4945K, committed 4992K, reserved 253952K
}
Event: 13.574 GC heap after
{Heap after GC invocations=37 (full 0):
 garbage-first heap   total 274432K, used 67570K [0x00000000e0000000, 0x0000000100000000)
  region size 1024K, 7 young (7168K), 7 survivors (7168K)
 Metaspace       used 36126K, capacity 36870K, committed 37072K, reserved 286720K
  class space    used 4698K, capacity 4945K, committed 4992K, reserved 253952K
}
Event: 13.797 GC heap before
{Heap before GC invocations=37 (full 0):
 garbage-first heap   total 274432K, used 224242K [0x00000000e0000000, 0x0000000100000000)
  region size 1024K, 160 young (163840K), 7 survivors (7168K)
 Metaspace       used 36129K, capacity 36870K, committed 37072K, reserved 286720K
  class space    used 4698K, capacity 4945K, committed 4992K, reserved 253952K
}
Event: 13.801 GC heap after
{Heap after GC invocations=38 (full 0):
 garbage-first heap   total 274432K, used 69618K [0x00000000e0000000, 0x0000000100000000)
  region size 1024K, 9 young (9216K), 9 survivors (9216K)
 Metaspace       used 36129K, capacity 36870K, committed 37072K, reserved 286720K
  class space    used 4698K, capacity 4945K, committed 4992K, reserved 253952K
}
Event: 14.190 GC heap before
{Heap before GC invocations=38 (full 0):
 garbage-first heap   total 274432K, used 227314K [0x00000000e0000000, 0x0000000100000000)
  region size 1024K, 160 young (163840K), 9 survivors (9216K)
 Metaspace       used 36139K, capacity 36870K, committed 37072K, reserved 286720K
  class space    used 4698K, capacity 4945K, committed 4992K, reserved 253952K
}
Event: 14.192 GC heap after
{Heap after GC invocations=39 (full 0):
 garbage-first heap   total 274432K, used 63398K [0x00000000e0000000, 0x0000000100000000)
  region size 1024K, 4 young (4096K), 4 survivors (4096K)
 Metaspace       used 36139K, capacity 36870K, committed 37072K, reserved 286720K
  class space    used 4698K, capacity 4945K, committed 4992K, reserved 253952K
}
Event: 14.419 GC heap before
{Heap before GC invocations=39 (full 0):
 garbage-first heap   total 274432K, used 223142K [0x00000000e0000000, 0x0000000100000000)
  region size 1024K, 160 young (163840K), 4 survivors (4096K)
 Metaspace       used 36139K, capacity 36870K, committed 37072K, reserved 286720K
  class space    used 4698K, capacity 4945K, committed 4992K, reserved 253952K
}
Event: 14.423 GC heap after
{Heap after GC invocations=40 (full 0):
 garbage-first heap   total 274432K, used 65382K [0x00000000e0000000, 0x0000000100000000)
  region size 1024K, 6 young (6144K), 6 survivors (6144K)
 Metaspace       used 36139K, capacity 36870K, committed 37072K, reserved 286720K
  class space    used 4698K, capacity 4945K, committed 4992K, reserved 253952K
}
Event: 14.670 GC heap before
{Heap before GC invocations=40 (full 0):
 garbage-first heap   total 274432K, used 224102K [0x00000000e0000000, 0x0000000100000000)
  region size 1024K, 160 young (163840K), 6 survivors (6144K)
 Metaspace       used 36140K, capacity 36870K, committed 37072K, reserved 286720K
  class space    used 4698K, capacity 4945K, committed 4992K, reserved 253952K
}
Event: 14.672 GC heap after
{Heap after GC invocations=41 (full 0):
 garbage-first heap   total 274432K, used 61193K [0x00000000e0000000, 0x0000000100000000)
  region size 1024K, 4 young (4096K), 4 survivors (4096K)
 Metaspace       used 36140K, capacity 36870K, committed 37072K, reserved 286720K
  class space    used 4698K, capacity 4945K, committed 4992K, reserved 253952K
}
Event: 23.682 GC heap before
{Heap before GC invocations=41 (full 0):
 garbage-first heap   total 274432K, used 229129K [0x00000000e0000000, 0x0000000100000000)
  region size 1024K, 160 young (163840K), 4 survivors (4096K)
 Metaspace       used 51711K, capacity 52687K, committed 52944K, reserved 301056K
  class space    used 6551K, capacity 6782K, committed 6784K, reserved 253952K
}
Event: 23.692 GC heap after
{Heap after GC invocations=42 (full 0):
 garbage-first heap   total 274432K, used 77346K [0x00000000e0000000, 0x0000000100000000)
  region size 1024K, 12 young (12288K), 12 survivors (12288K)
 Metaspace       used 51711K, capacity 52687K, committed 52944K, reserved 301056K
  class space    used 6551K, capacity 6782K, committed 6784K, reserved 253952K
}
Event: 57.235 GC heap before
{Heap before GC invocations=42 (full 0):
 garbage-first heap   total 274432K, used 227874K [0x00000000e0000000, 0x0000000100000000)
  region size 1024K, 160 young (163840K), 12 survivors (12288K)
 Metaspace       used 53402K, capacity 54353K, committed 54608K, reserved 303104K
  class space    used 6631K, capacity 6882K, committed 6912K, reserved 253952K
}
Event: 57.242 GC heap after
{Heap after GC invocations=43 (full 0):
 garbage-first heap   total 274432K, used 80159K [0x00000000e0000000, 0x0000000100000000)
  region size 1024K, 14 young (14336K), 14 survivors (14336K)
 Metaspace       used 53402K, capacity 54353K, committed 54608K, reserved 303104K
  class space    used 6631K, capacity 6882K, committed 6912K, reserved 253952K
}
Event: 57.386 GC heap before
{Heap before GC invocations=43 (full 0):
 garbage-first heap   total 274432K, used 229663K [0x00000000e0000000, 0x0000000100000000)
  region size 1024K, 160 young (163840K), 14 survivors (14336K)
 Metaspace       used 53412K, capacity 54353K, committed 54608K, reserved 303104K
  class space    used 6633K, capacity 6882K, committed 6912K, reserved 253952K
}
Event: 57.391 GC heap after
{Heap after GC invocations=44 (full 0):
 garbage-first heap   total 274432K, used 78909K [0x00000000e0000000, 0x0000000100000000)
  region size 1024K, 3 young (3072K), 3 survivors (3072K)
 Metaspace       used 53412K, capacity 54353K, committed 54608K, reserved 303104K
  class space    used 6633K, capacity 6882K, committed 6912K, reserved 253952K
}
Event: 58.575 GC heap before
{Heap before GC invocations=44 (full 0):
 garbage-first heap   total 274432K, used 223293K [0x00000000e0000000, 0x0000000100000000)
  region size 1024K, 146 young (149504K), 3 survivors (3072K)
 Metaspace       used 59043K, capacity 60103K, committed 60296K, reserved 307200K
  class space    used 7429K, capacity 7734K, committed 7808K, reserved 253952K
}
Event: 58.581 GC heap after
{Heap after GC invocations=45 (full 0):
 garbage-first heap   total 274432K, used 82685K [0x00000000e0000000, 0x0000000100000000)
  region size 1024K, 6 young (6144K), 6 survivors (6144K)
 Metaspace       used 59043K, capacity 60103K, committed 60296K, reserved 307200K
  class space    used 7429K, capacity 7734K, committed 7808K, reserved 253952K
}

Deoptimization events (20 events):
Event: 70.169 Thread 0x00000192a0348a30 DEOPT PACKING pc=0x000001928b83de0c sp=0x00000032f2ef7bc0
Event: 70.169 Thread 0x00000192a0348a30 DEOPT UNPACKING pc=0x000001928a51f6cf sp=0x00000032f2ef7070 mode 0
Event: 94.764 Thread 0x00000192a0348a30 DEOPT PACKING pc=0x000001928b5630cb sp=0x00000032f2ef94e0
Event: 94.764 Thread 0x00000192a0348a30 DEOPT UNPACKING pc=0x000001928a51f6cf sp=0x00000032f2ef89f0 mode 0
Event: 94.778 Thread 0x00000192a0348a30 DEOPT PACKING pc=0x000001928b94f9df sp=0x00000032f2ef9b20
Event: 94.778 Thread 0x00000192a0348a30 DEOPT UNPACKING pc=0x000001928a51f6cf sp=0x00000032f2ef9068 mode 0
Event: 94.779 Thread 0x00000192a0348a30 DEOPT PACKING pc=0x000001928b94f9df sp=0x00000032f2ef9b20
Event: 94.779 Thread 0x00000192a0348a30 DEOPT UNPACKING pc=0x000001928a51f6cf sp=0x00000032f2ef9068 mode 0
Event: 94.805 Thread 0x00000192a0348a30 DEOPT PACKING pc=0x000001928b9f801b sp=0x00000032f2ef8740
Event: 94.805 Thread 0x00000192a0348a30 DEOPT UNPACKING pc=0x000001928a51f6cf sp=0x00000032f2ef7be8 mode 0
Event: 94.883 Thread 0x00000192a0348a30 DEOPT PACKING pc=0x000001928b9f801b sp=0x00000032f2ef9b00
Event: 94.883 Thread 0x00000192a0348a30 DEOPT UNPACKING pc=0x000001928a51f6cf sp=0x00000032f2ef8fa8 mode 0
Event: 94.885 Thread 0x00000192a0348a30 Uncommon trap: trap_request=0xffffffde fr.pc=0x000001929211954c relative=0x00000000000009ec
Event: 94.885 Thread 0x00000192a0348a30 Uncommon trap: reason=class_check action=maybe_recompile pc=0x000001929211954c method=java.util.WeakHashMap.eq(Ljava/lang/Object;Ljava/lang/Object;)Z @ 7 c2
Event: 94.885 Thread 0x00000192a0348a30 DEOPT PACKING pc=0x000001929211954c sp=0x00000032f2ef8f40
Event: 94.885 Thread 0x00000192a0348a30 DEOPT UNPACKING pc=0x000001928a4d852f sp=0x00000032f2ef8eb0 mode 2
Event: 94.887 Thread 0x00000192a0348a30 Uncommon trap: trap_request=0xffffffde fr.pc=0x000001929211954c relative=0x00000000000009ec
Event: 94.887 Thread 0x00000192a0348a30 Uncommon trap: reason=class_check action=maybe_recompile pc=0x000001929211954c method=java.util.WeakHashMap.eq(Ljava/lang/Object;Ljava/lang/Object;)Z @ 7 c2
Event: 94.887 Thread 0x00000192a0348a30 DEOPT PACKING pc=0x000001929211954c sp=0x00000032f2ef8e70
Event: 94.887 Thread 0x00000192a0348a30 DEOPT UNPACKING pc=0x000001928a4d852f sp=0x00000032f2ef8de0 mode 2

Classes unloaded (14 events):
Event: 58.616 Thread 0x000001929d512730 Unloading class 0x00000008010b8840 '_BuildScript_$_run_closure1'
Event: 58.616 Thread 0x000001929d512730 Unloading class 0x00000008010b8040 '_BuildScript_'
Event: 58.616 Thread 0x000001929d512730 Unloading class 0x000000080103f040 '_BuildScript_'
Event: 58.616 Thread 0x000001929d512730 Unloading class 0x0000000801026040 '_BuildScript_'
Event: 58.616 Thread 0x000001929d512730 Unloading class 0x0000000801026840 'RegistryProcessor'
Event: 58.616 Thread 0x000001929d512730 Unloading class 0x00000008010273f8 'JetGradlePlugin$_apply_closure1$_closure2$_closure3'
Event: 58.616 Thread 0x000001929d512730 Unloading class 0x0000000801027040 'JetGradlePlugin$_apply_closure1$_closure2'
Event: 58.616 Thread 0x000001929d512730 Unloading class 0x0000000801027ad8 'JetGradlePlugin$_apply_closure1'
Event: 58.616 Thread 0x000001929d512730 Unloading class 0x0000000801027840 'JetGradlePlugin'
Event: 58.616 Thread 0x000001929d512730 Unloading class 0x0000000801022bf8 '_BuildScript_$_run_closure1$_closure2'
Event: 58.616 Thread 0x000001929d512730 Unloading class 0x0000000801022840 '_BuildScript_$_run_closure1'
Event: 58.616 Thread 0x000001929d512730 Unloading class 0x0000000801022040 '_BuildScript_'
Event: 58.616 Thread 0x000001929d512730 Unloading class 0x0000000800f62840 '_BuildScript_$_run_closure1'
Event: 58.616 Thread 0x000001929d512730 Unloading class 0x0000000800f63040 '_BuildScript_'

Classes redefined (0 events):
No events

Internal exceptions (20 events):
Event: 94.794 Thread 0x00000192a0348a30 Exception <a 'java/lang/ClassNotFoundException'{0x00000000ed42c598}: org/gradle/internal/extensibility/ExtensionsStorage$ExtensionHolderBeanInfo> (0x00000000ed42c598) 
thrown [./open/src/hotspot/share/classfile/systemDictionary.cpp, line 295]
Event: 94.794 Thread 0x00000192a0348a30 Exception <a 'java/lang/ClassNotFoundException'{0x00000000ed434968}: org/gradle/internal/extensibility/ExtensionsStorage$ExtensionHolderCustomizer> (0x00000000ed434968) 
thrown [./open/src/hotspot/share/classfile/systemDictionary.cpp, line 295]
Event: 94.799 Thread 0x00000192a0348a30 Exception <a 'java/lang/ClassNotFoundException'{0x00000000ed48b180}: java/lang/IntegerBeanInfo> (0x00000000ed48b180) 
thrown [./open/src/hotspot/share/classfile/systemDictionary.cpp, line 295]
Event: 94.799 Thread 0x00000192a0348a30 Exception <a 'java/lang/ClassNotFoundException'{0x00000000ed48f968}: java/lang/NumberBeanInfo> (0x00000000ed48f968) 
thrown [./open/src/hotspot/share/classfile/systemDictionary.cpp, line 295]
Event: 94.799 Thread 0x00000192a0348a30 Exception <a 'java/lang/ClassNotFoundException'{0x00000000ed494150}: java/lang/NumberCustomizer> (0x00000000ed494150) 
thrown [./open/src/hotspot/share/classfile/systemDictionary.cpp, line 295]
Event: 94.799 Thread 0x00000192a0348a30 Exception <a 'java/lang/ClassNotFoundException'{0x00000000ed49b3d0}: java/lang/IntegerCustomizer> (0x00000000ed49b3d0) 
thrown [./open/src/hotspot/share/classfile/systemDictionary.cpp, line 295]
Event: 94.806 Thread 0x00000192a0348a30 Exception <a 'java/lang/ClassNotFoundException'{0x00000000ed383a10}: java/util/LinkedHashSetBeanInfo> (0x00000000ed383a10) 
thrown [./open/src/hotspot/share/classfile/systemDictionary.cpp, line 295]
Event: 94.806 Thread 0x00000192a0348a30 Exception <a 'java/lang/ClassNotFoundException'{0x00000000ed388cd0}: java/util/HashSetBeanInfo> (0x00000000ed388cd0) 
thrown [./open/src/hotspot/share/classfile/systemDictionary.cpp, line 295]
Event: 94.806 Thread 0x00000192a0348a30 Exception <a 'java/lang/ClassNotFoundException'{0x00000000ed38df98}: java/util/AbstractSetBeanInfo> (0x00000000ed38df98) 
thrown [./open/src/hotspot/share/classfile/systemDictionary.cpp, line 295]
Event: 94.806 Thread 0x00000192a0348a30 Exception <a 'java/lang/ClassNotFoundException'{0x00000000ed393258}: java/util/AbstractSetCustomizer> (0x00000000ed393258) 
thrown [./open/src/hotspot/share/classfile/systemDictionary.cpp, line 295]
Event: 94.807 Thread 0x00000192a0348a30 Exception <a 'java/lang/ClassNotFoundException'{0x00000000ed39c680}: java/util/HashSetCustomizer> (0x00000000ed39c680) 
thrown [./open/src/hotspot/share/classfile/systemDictionary.cpp, line 295]
Event: 94.807 Thread 0x00000192a0348a30 Exception <a 'java/lang/ClassNotFoundException'{0x00000000ed3ab438}: java/util/LinkedHashSetCustomizer> (0x00000000ed3ab438) 
thrown [./open/src/hotspot/share/classfile/systemDictionary.cpp, line 295]
Event: 94.827 Thread 0x00000192a0348a30 Exception <a 'java/lang/ClassNotFoundException'{0x00000000ed24a008}: org/codehaus/groovy/runtime/NullObjectBeanInfo> (0x00000000ed24a008) 
thrown [./open/src/hotspot/share/classfile/systemDictionary.cpp, line 295]
Event: 94.827 Thread 0x00000192a0348a30 Exception <a 'java/lang/ClassNotFoundException'{0x00000000ed2520e0}: org/codehaus/groovy/runtime/NullObjectCustomizer> (0x00000000ed2520e0) 
thrown [./open/src/hotspot/share/classfile/systemDictionary.cpp, line 295]
Event: 94.884 Thread 0x00000192a0348a30 Exception <a 'java/lang/ClassNotFoundException'{0x00000000ed0c1b90}: org/gradle/api/internal/plugins/DefaultPluginContainerBeanInfo> (0x00000000ed0c1b90) 
thrown [./open/src/hotspot/share/classfile/systemDictionary.cpp, line 295]
Event: 94.884 Thread 0x00000192a0348a30 Exception <a 'java/lang/ClassNotFoundException'{0x00000000ed0c9e00}: org/gradle/api/internal/plugins/DefaultPluginCollectionBeanInfo> (0x00000000ed0c9e00) 
thrown [./open/src/hotspot/share/classfile/systemDictionary.cpp, line 295]
Event: 94.884 Thread 0x00000192a0348a30 Exception <a 'java/lang/ClassNotFoundException'{0x00000000ed0d1f20}: org/gradle/api/internal/DefaultDomainObjectSetBeanInfo> (0x00000000ed0d1f20) 
thrown [./open/src/hotspot/share/classfile/systemDictionary.cpp, line 295]
Event: 94.885 Thread 0x00000192a0348a30 Exception <a 'java/lang/ClassNotFoundException'{0x00000000ed0da050}: org/gradle/api/internal/DefaultDomainObjectSetCustomizer> (0x00000000ed0da050) 
thrown [./open/src/hotspot/share/classfile/systemDictionary.cpp, line 295]
Event: 94.886 Thread 0x00000192a0348a30 Exception <a 'java/lang/ClassNotFoundException'{0x00000000ed0f00b0}: org/gradle/api/internal/plugins/DefaultPluginCollectionCustomizer> (0x00000000ed0f00b0) 
thrown [./open/src/hotspot/share/classfile/systemDictionary.cpp, line 295]
Event: 94.888 Thread 0x00000192a0348a30 Exception <a 'java/lang/ClassNotFoundException'{0x00000000ecf21d78}: org/gradle/api/internal/plugins/DefaultPluginContainerCustomizer> (0x00000000ecf21d78) 
thrown [./open/src/hotspot/share/classfile/systemDictionary.cpp, line 295]

Events (20 events):
Event: 94.806 loading class java/util/HashSetBeanInfo
Event: 94.806 loading class java/util/HashSetBeanInfo done
Event: 94.806 loading class java/util/HashSetBeanInfo
Event: 94.806 loading class java/util/HashSetBeanInfo done
Event: 94.806 loading class java/util/AbstractSetBeanInfo
Event: 94.806 loading class java/util/AbstractSetBeanInfo done
Event: 94.806 loading class java/util/AbstractSetBeanInfo
Event: 94.806 loading class java/util/AbstractSetBeanInfo done
Event: 94.806 loading class java/util/AbstractSetCustomizer
Event: 94.806 loading class java/util/AbstractSetCustomizer done
Event: 94.806 loading class java/util/AbstractSetCustomizer
Event: 94.806 loading class java/util/AbstractSetCustomizer done
Event: 94.806 loading class java/util/HashSetCustomizer
Event: 94.806 loading class java/util/HashSetCustomizer done
Event: 94.806 loading class java/util/HashSetCustomizer
Event: 94.806 loading class java/util/HashSetCustomizer done
Event: 94.807 loading class java/util/LinkedHashSetCustomizer
Event: 94.807 loading class java/util/LinkedHashSetCustomizer done
Event: 94.807 loading class java/util/LinkedHashSetCustomizer
Event: 94.807 loading class java/util/LinkedHashSetCustomizer done


Dynamic libraries:
0x00007ff62f3a0000 - 0x00007ff62f3af000 	C:\Program Files\Java\jdk-15.0.2\bin\java.exe
0x00007ffc17090000 - 0x00007ffc17285000 	C:\WINDOWS\SYSTEM32\ntdll.dll
0x00007ffc16a00000 - 0x00007ffc16abe000 	C:\WINDOWS\System32\KERNEL32.DLL
0x00007ffc149b0000 - 0x00007ffc14c79000 	C:\WINDOWS\System32\KERNELBASE.dll
0x00007ffc14e50000 - 0x00007ffc14f50000 	C:\WINDOWS\System32\ucrtbase.dll
0x00007ffbe22a0000 - 0x00007ffbe22b8000 	C:\Program Files\Java\jdk-15.0.2\bin\jli.dll
0x00007ffbe2190000 - 0x00007ffbe21a9000 	C:\Program Files\Java\jdk-15.0.2\bin\VCRUNTIME140.dll
0x00007ffc15160000 - 0x00007ffc1520c000 	C:\WINDOWS\System32\ADVAPI32.dll
0x00007ffc16960000 - 0x00007ffc169fe000 	C:\WINDOWS\System32\msvcrt.dll
0x00007ffc16b20000 - 0x00007ffc16bbb000 	C:\WINDOWS\System32\sechost.dll
0x00007ffc15ea0000 - 0x00007ffc15fca000 	C:\WINDOWS\System32\RPCRT4.dll
0x00007ffc15fe0000 - 0x00007ffc16181000 	C:\WINDOWS\System32\USER32.dll
0x00007ffc15060000 - 0x00007ffc15082000 	C:\WINDOWS\System32\win32u.dll
0x00007ffbfe540000 - 0x00007ffbfe7da000 	C:\WINDOWS\WinSxS\amd64_microsoft.windows.common-controls_6595b64144ccf1df_6.0.19041.1110_none_60b5254171f9507e\COMCTL32.dll
0x00007ffc16190000 - 0x00007ffc161bb000 	C:\WINDOWS\System32\GDI32.dll
0x00007ffc14c80000 - 0x00007ffc14d8b000 	C:\WINDOWS\System32\gdi32full.dll
0x00007ffc14910000 - 0x00007ffc149ad000 	C:\WINDOWS\System32\msvcp_win.dll
0x00007ffc05cc0000 - 0x00007ffc05cca000 	C:\WINDOWS\SYSTEM32\VERSION.dll
0x00007ffc15800000 - 0x00007ffc15830000 	C:\WINDOWS\System32\IMM32.DLL
0x00007ffbf71d0000 - 0x00007ffbf71dc000 	C:\Program Files\Java\jdk-15.0.2\bin\vcruntime140_1.dll
0x00007ffbc0dc0000 - 0x00007ffbc0e51000 	C:\Program Files\Java\jdk-15.0.2\bin\msvcp140.dll
0x00007ffb84430000 - 0x00007ffb84f8e000 	C:\Program Files\Java\jdk-15.0.2\bin\server\jvm.dll
0x00007ffc15fd0000 - 0x00007ffc15fd8000 	C:\WINDOWS\System32\PSAPI.DLL
0x00007ffbf58e0000 - 0x00007ffbf5907000 	C:\WINDOWS\SYSTEM32\WINMM.dll
0x00007ffc0a780000 - 0x00007ffc0a789000 	C:\WINDOWS\SYSTEM32\WSOCK32.dll
0x00007ffc15c70000 - 0x00007ffc15cdb000 	C:\WINDOWS\System32\WS2_32.dll
0x00007ffc12ff0000 - 0x00007ffc13002000 	C:\WINDOWS\SYSTEM32\kernel.appcore.dll
0x00007ffbf65a0000 - 0x00007ffbf65aa000 	C:\Program Files\Java\jdk-15.0.2\bin\jimage.dll
0x00007ffc123f0000 - 0x00007ffc125d4000 	C:\WINDOWS\SYSTEM32\DBGHELP.DLL
0x00007ffbf5230000 - 0x00007ffbf525c000 	C:\WINDOWS\SYSTEM32\dbgcore.DLL
0x00007ffc14dc0000 - 0x00007ffc14e43000 	C:\WINDOWS\System32\bcryptPrimitives.dll
0x00007ffbe2160000 - 0x00007ffbe2185000 	C:\Program Files\Java\jdk-15.0.2\bin\java.dll
0x00007ffc16220000 - 0x00007ffc1695f000 	C:\WINDOWS\System32\SHELL32.dll
0x00007ffc12850000 - 0x00007ffc12fe0000 	C:\WINDOWS\SYSTEM32\windows.storage.dll
0x00007ffc15830000 - 0x00007ffc15b85000 	C:\WINDOWS\System32\combase.dll
0x00007ffc14120000 - 0x00007ffc1414c000 	C:\WINDOWS\SYSTEM32\Wldp.dll
0x00007ffc15330000 - 0x00007ffc153dd000 	C:\WINDOWS\System32\SHCORE.dll
0x00007ffc16ac0000 - 0x00007ffc16b15000 	C:\WINDOWS\System32\shlwapi.dll
0x00007ffc146f0000 - 0x00007ffc1470f000 	C:\WINDOWS\SYSTEM32\profapi.dll
0x00007ffbe2090000 - 0x00007ffbe20a9000 	C:\Program Files\Java\jdk-15.0.2\bin\net.dll
0x00007ffc0ed70000 - 0x00007ffc0ee78000 	C:\WINDOWS\SYSTEM32\WINHTTP.dll
0x00007ffc13f00000 - 0x00007ffc13f6a000 	C:\WINDOWS\system32\mswsock.dll
0x00007ffbe2070000 - 0x00007ffbe2082000 	C:\Program Files\Java\jdk-15.0.2\bin\nio.dll
0x00007ffbe1cd0000 - 0x00007ffbe1ce8000 	C:\Program Files\Java\jdk-15.0.2\bin\zip.dll
0x00007ffbefec0000 - 0x00007ffbefed0000 	C:\Program Files\Java\jdk-15.0.2\bin\verify.dll
0x00007ffc10ed0000 - 0x00007ffc10ef7000 	C:\Users\User\.gradle\native\e1d6ef7f7dcc3fd88c89a11ec53ec762bb8ba0a96d01ffa2cd45eb1d1d8dd5c5\windows-amd64\native-platform.dll
0x00007ffbd4450000 - 0x00007ffbd4594000 	C:\Users\User\.gradle\native\5664cfc778a61ccfe75a443a1ab52a65af34e5dc3c78e0209fed803814484fcb\windows-amd64\native-platform-file-events.dll
0x00007ffbe8760000 - 0x00007ffbe8769000 	C:\Program Files\Java\jdk-15.0.2\bin\management.dll
0x00007ffbe5f70000 - 0x00007ffbe5f7b000 	C:\Program Files\Java\jdk-15.0.2\bin\management_ext.dll
0x00007ffc14160000 - 0x00007ffc14178000 	C:\WINDOWS\SYSTEM32\CRYPTSP.dll
0x00007ffc13830000 - 0x00007ffc13864000 	C:\WINDOWS\system32\rsaenh.dll
0x00007ffc14d90000 - 0x00007ffc14db7000 	C:\WINDOWS\System32\bcrypt.dll
0x00007ffc14670000 - 0x00007ffc1469e000 	C:\WINDOWS\SYSTEM32\USERENV.dll
0x00007ffc14090000 - 0x00007ffc1409c000 	C:\WINDOWS\SYSTEM32\CRYPTBASE.dll
0x00007ffc13bc0000 - 0x00007ffc13bfb000 	C:\WINDOWS\SYSTEM32\IPHLPAPI.DLL
0x00007ffc16bc0000 - 0x00007ffc16bc8000 	C:\WINDOWS\System32\NSI.dll
0x00007ffc09130000 - 0x00007ffc09147000 	C:\WINDOWS\SYSTEM32\dhcpcsvc6.DLL
0x00007ffc09110000 - 0x00007ffc0912d000 	C:\WINDOWS\SYSTEM32\dhcpcsvc.DLL
0x00007ffc13c10000 - 0x00007ffc13cdc000 	C:\WINDOWS\SYSTEM32\DNSAPI.dll
0x00007ffc0fcf0000 - 0x00007ffc0fcfd000 	C:\Program Files\Java\jdk-15.0.2\bin\sunmscapi.dll
0x00007ffc147b0000 - 0x00007ffc14906000 	C:\WINDOWS\System32\CRYPT32.dll
0x00007ffc14270000 - 0x00007ffc14297000 	C:\WINDOWS\SYSTEM32\ncrypt.dll
0x00007ffc14230000 - 0x00007ffc1426b000 	C:\WINDOWS\SYSTEM32\NTASN1.dll
0x00007ffc077e0000 - 0x00007ffc077ea000 	C:\Windows\System32\rasadhlp.dll
0x00007ffc05f80000 - 0x00007ffc05fff000 	C:\WINDOWS\System32\fwpuclnt.dll

dbghelp: loaded successfully - version: 4.0.5 - missing functions: none
symbol engine: initialized successfully - sym options: 0x614 - pdb path: .;C:\Program Files\Java\jdk-15.0.2\bin;C:\WINDOWS\SYSTEM32;C:\WINDOWS\WinSxS\amd64_microsoft.windows.common-controls_6595b64144ccf1df_6.0.19041.1110_none_60b5254171f9507e;C:\Program Files\Java\jdk-15.0.2\bin\server;C:\Users\User\.gradle\native\e1d6ef7f7dcc3fd88c89a11ec53ec762bb8ba0a96d01ffa2cd45eb1d1d8dd5c5\windows-amd64;C:\Users\User\.gradle\native\5664cfc778a61ccfe75a443a1ab52a65af34e5dc3c78e0209fed803814484fcb\windows-amd64

VM Arguments:
jvm_args: -XX:MaxMetaspaceSize=256m -XX:+HeapDumpOnOutOfMemoryError --add-opens=java.base/java.util=ALL-UNNAMED --add-opens=java.base/java.lang=ALL-UNNAMED --add-opens=java.base/java.lang.invoke=ALL-UNNAMED --add-opens=java.prefs/java.util.prefs=ALL-UNNAMED -Xms256m -Xmx512m -Dfile.encoding=windows-1252 -Duser.country=US -Duser.language=en -Duser.variant 
java_command: org.gradle.launcher.daemon.bootstrap.GradleDaemon 6.9.1
java_class_path (initial): C:\gradle-6.9.1\lib\gradle-launcher-6.9.1.jar
Launcher Type: SUN_STANDARD

[Global flags]
     intx CICompilerCount                          = 4                                         {product} {ergonomic}
   size_t CompressedClassSpaceSize                 = 260046848                                 {product} {ergonomic}
     uint ConcGCThreads                            = 2                                         {product} {ergonomic}
     uint G1ConcRefinementThreads                  = 8                                         {product} {ergonomic}
   size_t G1HeapRegionSize                         = 1048576                                   {product} {ergonomic}
    uintx GCDrainStackTargetSize                   = 64                                        {product} {ergonomic}
     bool HeapDumpOnOutOfMemoryError               = true                                   {manageable} {command line}
   size_t InitialHeapSize                          = 268435456                                 {product} {command line}
   size_t MarkStackSize                            = 4194304                                   {product} {ergonomic}
   size_t MaxHeapSize                              = 536870912                                 {product} {command line}
   size_t MaxMetaspaceSize                         = 268435456                                 {product} {command line}
   size_t MaxNewSize                               = 321912832                                 {product} {ergonomic}
   size_t MinHeapDeltaBytes                        = 1048576                                   {product} {ergonomic}
   size_t MinHeapSize                              = 268435456                                 {product} {command line}
    uintx NonNMethodCodeHeapSize                   = 5839372                                {pd product} {ergonomic}
    uintx NonProfiledCodeHeapSize                  = 122909434                              {pd product} {ergonomic}
    uintx ProfiledCodeHeapSize                     = 122909434                              {pd product} {ergonomic}
    uintx ReservedCodeCacheSize                    = 251658240                              {pd product} {ergonomic}
     bool SegmentedCodeCache                       = true                                      {product} {ergonomic}
   size_t SoftMaxHeapSize                          = 536870912                              {manageable} {ergonomic}
     bool UseCompressedClassPointers               = true                                 {lp64_product} {ergonomic}
     bool UseCompressedOops                        = true                                 {lp64_product} {ergonomic}
     bool UseG1GC                                  = true                                      {product} {ergonomic}
     bool UseLargePagesIndividualAllocation        = false                                  {pd product} {ergonomic}

Logging:
Log output configuration:
 #0: stdout all=warning uptime,level,tags
 #1: stderr all=off uptime,level,tags

Environment Variables:
JAVA_HOME=C:\Program Files\Java\jdk-15.0.2\
PATH=C:\Program Files\Java\jdk-15.0.2\\bin;C:\Program Files\Common Files\Oracle\Java\javapath;C:\Python39\Scripts\;C:\Python39\;C:\WINDOWS\system32;C:\WINDOWS;C:\WINDOWS\System32\Wbem;C:\WINDOWS\System32\WindowsPowerShell\v1.0\;C:\WINDOWS\System32\OpenSSH\;C:\Program Files\Git\cmd;C:\Program Files\nodejs\;C:\ProgramData\chocolatey\bin;C:\Program Files\Docker\Docker\resources\bin;C:\ProgramData\DockerDesktop\version-bin;C:\Program Files (x86)\sbt\bin;C:\Users\User\AppData\Local\Microsoft\WindowsApps;C:\Program Files\JetBrains\WebStorm 2021.2.2\bin;;C:\Users\User\AppData\Roaming\npm;C:\Program Files\JetBrains\IntelliJ IDEA 2021.2.2\bin;;C:\Program Files\JetBrains\DataGrip 2021.2.4\bin;;C:\Program Files\JetBrains\PyCharm 2021.2.3\bin;;C:\gradle-6.9.1\\bin;
USERNAME=User
OS=Windows_NT
PROCESSOR_IDENTIFIER=Intel64 Family 6 Model 140 Stepping 1, GenuineIntel



---------------  S Y S T E M  ---------------

OS:
 Windows 10 , 64 bit Build 19041 (10.0.19041.1202)
OS uptime: 8 days 1:26 hours
HyperV virtualization detected

CPU: total 8 (initial active 8) (4 cores per cpu, 2 threads per core) family 6 model 140 stepping 1 microcode 0x86, cmov, cx8, fxsr, mmx, sse, sse2, sse3, ssse3, sse4.1, sse4.2, popcnt, vzeroupper, avx, avx2, aes, clmul, erms, 3dnowpref, lzcnt, ht, tsc, tscinvbit, bmi1, bmi2, adx, avx512f, avx512dq, avx512cd, avx512bw, avx512vl, avx512_vpopcntdq, avx512_vpclmulqdq, avx512_vbmi, avx512_vbmi2, avx512_vaes, avx512_vnni, sha, fma, clflush, clflushopt, clwb

Memory: 4k page, system-wide physical 12014M (295M free)
TotalPageFile size 42459M (AvailPageFile size 0M)
current process WorkingSet (physical memory assigned to process): 474M, peak: 509M
current process commit charge ("private bytes"): 518M, peak: 549M

vm_info: Java HotSpot(TM) 64-Bit Server VM (15.0.2+7-27) for windows-amd64 JRE (15.0.2+7-27), built on Dec  7 2020 20:07:01 by "mach5one" with unknown MS VC++:1925

END.
