#
# There is insufficient memory for the Java Runtime Environment to continue.
# Native memory allocation (malloc) failed to allocate 2400064 bytes for Chunk::new
# Possible reasons:
#   The system is out of physical RAM or swap space
#   The process is running with CompressedOops enabled, and the Java Heap may be blocking the growth of the native heap
# Possible solutions:
#   Reduce memory load on the system
#   Increase physical memory or swap space
#   Check if swap backing store is full
#   Decrease Java heap size (-Xmx/-Xms)
#   Decrease number of Java threads
#   Decrease Java thread stack sizes (-Xss)
#   Set larger code cache with -XX:ReservedCodeCacheSize=
#   JVM is running with Unscaled Compressed Oops mode in which the Java heap is
#     placed in the first 4GB address space. The Java Heap base address is the
#     maximum limit for the native heap growth. Please use -XX:HeapBaseMinAddress
#     to set the Java Heap base and to place the Java Heap above 4GB virtual address.
# This output file may be truncated or incomplete.
#
#  Out of Memory Error (./open/src/hotspot/share/memory/arena.cpp:195), pid=22832, tid=22428
#
# JRE version: Java(TM) SE Runtime Environment (15.0.2+7) (build 15.0.2+7-27)
# Java VM: Java HotSpot(TM) 64-Bit Server VM (15.0.2+7-27, mixed mode, sharing, tiered, compressed oops, g1 gc, windows-amd64)
# No core dump will be written. Minidumps are not enabled by default on client versions of Windows
#

---------------  S U M M A R Y ------------

Command Line: -XX:MaxMetaspaceSize=256m -XX:+HeapDumpOnOutOfMemoryError --add-opens=java.base/java.util=ALL-UNNAMED --add-opens=java.base/java.lang=ALL-UNNAMED --add-opens=java.base/java.lang.invoke=ALL-UNNAMED --add-opens=java.prefs/java.util.prefs=ALL-UNNAMED -Xms256m -Xmx512m -Dfile.encoding=windows-1252 -Duser.country=US -Duser.language=en -Duser.variant org.gradle.launcher.daemon.bootstrap.GradleDaemon 6.9.1

Host: 11th Gen Intel(R) Core(TM) i5-1135G7 @ 2.40GHz, 8 cores, 11G,  Windows 10 , 64 bit Build 19041 (10.0.19041.1202)
Time: Tue Nov 23 11:13:33 2021 Greenwich Standard Time elapsed time: 6.181162 seconds (0d 0h 0m 6s)

---------------  T H R E A D  ---------------

Current thread (0x00000259e5e09090):  JavaThread "C2 CompilerThread0" daemon [_thread_in_native, id=22428, stack(0x000000eb27300000,0x000000eb27400000)]


Current CompileTask:
C2:   6181 4116       4       org.objectweb.asm.ClassReader::readStackMapFrame (535 bytes)

Stack: [0x000000eb27300000,0x000000eb27400000]
Native frames: (J=compiled Java code, j=interpreted, Vv=VM code, C=native code)
V  [jvm.dll+0x62ae9a]
V  [jvm.dll+0x7817a9]
V  [jvm.dll+0x782f03]
V  [jvm.dll+0x783563]
V  [jvm.dll+0x216325]
V  [jvm.dll+0x97f3a]
V  [jvm.dll+0x9861c]
V  [jvm.dll+0x32e305]
V  [jvm.dll+0x2f768a]
V  [jvm.dll+0x2f6a4a]
V  [jvm.dll+0x1ea705]
V  [jvm.dll+0x1e996e]
V  [jvm.dll+0x178567]
V  [jvm.dll+0x1f9225]
V  [jvm.dll+0x1f72cc]
V  [jvm.dll+0x74495d]
V  [jvm.dll+0x73d75a]
V  [jvm.dll+0x629c56]
C  [ucrtbase.dll+0x21bb2]
C  [KERNEL32.DLL+0x17034]
C  [ntdll.dll+0x52651]


---------------  P R O C E S S  ---------------

Threads class SMR info:
_java_thread_list=0x00000259ea134ab0, length=52, elements={
0x00000259c8c1f210, 0x00000259e5de9f80, 0x00000259e5deca70, 0x00000259e5e06010,
0x00000259e5e079e0, 0x00000259e5e083a0, 0x00000259e5e09090, 0x00000259e5e09b40,
0x00000259e5e0a540, 0x00000259e6851bc0, 0x00000259e687b280, 0x00000259e7ce5ed0,
0x00000259e7ce8550, 0x00000259e7ce6870, 0x00000259e7ce6d40, 0x00000259e7ce63a0,
0x00000259e7ce76e0, 0x00000259e7ce7210, 0x00000259e7ce7bb0, 0x00000259e7ce8a20,
0x00000259e7ce5a00, 0x00000259e7ce8080, 0x00000259e7ce5530, 0x00000259e7ce5060,
0x00000259e8df9fa0, 0x00000259e8df82c0, 0x00000259e8dfd960, 0x00000259e8dfae10,
0x00000259e8df65e0, 0x00000259e8dfc150, 0x00000259e8dfbc80, 0x00000259e8dfb2e0,
0x00000259e8dfc620, 0x00000259e8dfcaf0, 0x00000259e8dfb7b0, 0x00000259e8dfcfc0,
0x00000259e8dfde30, 0x00000259e8df6f80, 0x00000259e8dfd490, 0x00000259e8df6ab0,
0x00000259e8df7450, 0x00000259e8dfa470, 0x00000259e8df7920, 0x00000259e8dfa940,
0x00000259e8df7df0, 0x00000259e8df8790, 0x00000259e8df8c60, 0x00000259e8df9130,
0x00000259e8df9ad0, 0x00000259ea094d50, 0x00000259ea098710, 0x00000259ea263140
}

Java Threads: ( => current thread )
  0x00000259c8c1f210 JavaThread "main" [_thread_blocked, id=19980, stack(0x000000eb26700000,0x000000eb26800000)]
  0x00000259e5de9f80 JavaThread "Reference Handler" daemon [_thread_blocked, id=2356, stack(0x000000eb26e00000,0x000000eb26f00000)]
  0x00000259e5deca70 JavaThread "Finalizer" daemon [_thread_blocked, id=16380, stack(0x000000eb26f00000,0x000000eb27000000)]
  0x00000259e5e06010 JavaThread "Signal Dispatcher" daemon [_thread_blocked, id=16904, stack(0x000000eb27000000,0x000000eb27100000)]
  0x00000259e5e079e0 JavaThread "Attach Listener" daemon [_thread_blocked, id=5024, stack(0x000000eb27100000,0x000000eb27200000)]
  0x00000259e5e083a0 JavaThread "Service Thread" daemon [_thread_blocked, id=27112, stack(0x000000eb27200000,0x000000eb27300000)]
=>0x00000259e5e09090 JavaThread "C2 CompilerThread0" daemon [_thread_in_native, id=22428, stack(0x000000eb27300000,0x000000eb27400000)]
  0x00000259e5e09b40 JavaThread "C1 CompilerThread0" daemon [_thread_blocked, id=17988, stack(0x000000eb27400000,0x000000eb27500000)]
  0x00000259e5e0a540 JavaThread "Sweeper thread" daemon [_thread_blocked, id=540, stack(0x000000eb27500000,0x000000eb27600000)]
  0x00000259e6851bc0 JavaThread "Common-Cleaner" daemon [_thread_blocked, id=25036, stack(0x000000eb27600000,0x000000eb27700000)]
  0x00000259e687b280 JavaThread "Notification Thread" daemon [_thread_blocked, id=25896, stack(0x000000eb27700000,0x000000eb27800000)]
  0x00000259e7ce5ed0 JavaThread "Daemon health stats" [_thread_blocked, id=3952, stack(0x000000eb28000000,0x000000eb28100000)]
  0x00000259e7ce8550 JavaThread "Incoming local TCP Connector on port 63416" [_thread_in_native, id=6952, stack(0x000000eb28100000,0x000000eb28200000)]
  0x00000259e7ce6870 JavaThread "Daemon periodic checks" [_thread_blocked, id=28184, stack(0x000000eb28200000,0x000000eb28300000)]
  0x00000259e7ce6d40 JavaThread "Daemon" [_thread_blocked, id=18652, stack(0x000000eb28300000,0x000000eb28400000)]
  0x00000259e7ce63a0 JavaThread "Handler for socket connection from /127.0.0.1:63416 to /127.0.0.1:63417" [_thread_in_native, id=27376, stack(0x000000eb28400000,0x000000eb28500000)]
  0x00000259e7ce76e0 JavaThread "Cancel handler" [_thread_blocked, id=15724, stack(0x000000eb28500000,0x000000eb28600000)]
  0x00000259e7ce7210 JavaThread "Daemon worker" [_thread_blocked, id=4516, stack(0x000000eb28600000,0x000000eb28700000)]
  0x00000259e7ce7bb0 JavaThread "Asynchronous log dispatcher for DefaultDaemonConnection: socket connection from /127.0.0.1:63416 to /127.0.0.1:63417" [_thread_blocked, id=18592, stack(0x000000eb28700000,0x000000eb28800000)]
  0x00000259e7ce8a20 JavaThread "Stdin handler" [_thread_blocked, id=1036, stack(0x000000eb28800000,0x000000eb28900000)]
  0x00000259e7ce5a00 JavaThread "Daemon client event forwarder" [_thread_blocked, id=16880, stack(0x000000eb28900000,0x000000eb28a00000)]
  0x00000259e7ce8080 JavaThread "Cache worker for file hash cache (C:\Users\User\.gradle\caches\6.9.1\fileHashes)" [_thread_blocked, id=13580, stack(0x000000eb28a00000,0x000000eb28b00000)]
  0x00000259e7ce5530 JavaThread "File lock request listener" [_thread_in_native, id=26852, stack(0x000000eb28b00000,0x000000eb28c00000)]
  0x00000259e7ce5060 JavaThread "Cache worker for journal cache (C:\Users\User\.gradle\caches\journal-1)" [_thread_blocked, id=244, stack(0x000000eb28c00000,0x000000eb28d00000)]
  0x00000259e8df9fa0 JavaThread "Cache worker for file hash cache (C:\Users\User\Downloads\Compressed\spring-starter-REST-demo\demo\.gradle\6.9.1\fileHashes)" [_thread_blocked, id=23024, stack(0x000000eb28d00000,0x000000eb28e00000)]
  0x00000259e8df82c0 JavaThread "jar transforms" [_thread_blocked, id=19372, stack(0x000000eb28e00000,0x000000eb28f00000)]
  0x00000259e8dfd960 JavaThread "jar transforms Thread 2" [_thread_blocked, id=25400, stack(0x000000eb28f00000,0x000000eb29000000)]
  0x00000259e8dfae10 JavaThread "jar transforms Thread 3" [_thread_blocked, id=27420, stack(0x000000eb29000000,0x000000eb29100000)]
  0x00000259e8df65e0 JavaThread "jar transforms Thread 4" [_thread_blocked, id=17640, stack(0x000000eb29100000,0x000000eb29200000)]
  0x00000259e8dfc150 JavaThread "jar transforms Thread 5" [_thread_blocked, id=25352, stack(0x000000eb27900000,0x000000eb27a00000)]
  0x00000259e8dfbc80 JavaThread "jar transforms Thread 6" [_thread_blocked, id=8040, stack(0x000000eb29200000,0x000000eb29300000)]
  0x00000259e8dfb2e0 JavaThread "jar transforms Thread 7" [_thread_blocked, id=20556, stack(0x000000eb29300000,0x000000eb29400000)]
  0x00000259e8dfc620 JavaThread "jar transforms Thread 8" [_thread_blocked, id=19864, stack(0x000000eb29400000,0x000000eb29500000)]
  0x00000259e8dfcaf0 JavaThread "jar transforms Thread 9" [_thread_blocked, id=24580, stack(0x000000eb29500000,0x000000eb29600000)]
  0x00000259e8dfb7b0 JavaThread "jar transforms Thread 10" [_thread_blocked, id=3412, stack(0x000000eb29600000,0x000000eb29700000)]
  0x00000259e8dfcfc0 JavaThread "jar transforms Thread 11" [_thread_blocked, id=2320, stack(0x000000eb29700000,0x000000eb29800000)]
  0x00000259e8dfde30 JavaThread "jar transforms Thread 12" [_thread_blocked, id=1376, stack(0x000000eb29800000,0x000000eb29900000)]
  0x00000259e8df6f80 JavaThread "jar transforms Thread 13" [_thread_blocked, id=22852, stack(0x000000eb29900000,0x000000eb29a00000)]
  0x00000259e8dfd490 JavaThread "jar transforms Thread 14" [_thread_blocked, id=17216, stack(0x000000eb29a00000,0x000000eb29b00000)]
  0x00000259e8df6ab0 JavaThread "jar transforms Thread 15" [_thread_blocked, id=11156, stack(0x000000eb29b00000,0x000000eb29c00000)]
  0x00000259e8df7450 JavaThread "jar transforms Thread 16" [_thread_blocked, id=18956, stack(0x000000eb29c00000,0x000000eb29d00000)]
  0x00000259e8dfa470 JavaThread "jar transforms Thread 17" [_thread_blocked, id=15768, stack(0x000000eb29d00000,0x000000eb29e00000)]
  0x00000259e8df7920 JavaThread "jar transforms Thread 18" [_thread_blocked, id=26864, stack(0x000000eb29e00000,0x000000eb29f00000)]
  0x00000259e8dfa940 JavaThread "jar transforms Thread 19" [_thread_blocked, id=28272, stack(0x000000eb29f00000,0x000000eb2a000000)]
  0x00000259e8df7df0 JavaThread "jar transforms Thread 20" [_thread_blocked, id=21792, stack(0x000000eb2a000000,0x000000eb2a100000)]
  0x00000259e8df8790 JavaThread "jar transforms Thread 21" [_thread_in_Java, id=15888, stack(0x000000eb2a100000,0x000000eb2a200000)]
  0x00000259e8df8c60 JavaThread "Cache worker for checksums cache (C:\Users\User\Downloads\Compressed\spring-starter-REST-demo\demo\.gradle\checksums)" [_thread_blocked, id=9844, stack(0x000000eb2a200000,0x000000eb2a300000)]
  0x00000259e8df9130 JavaThread "Cache worker for cache directory md-supplier (C:\Users\User\.gradle\caches\6.9.1\md-supplier)" [_thread_blocked, id=20436, stack(0x000000eb2a300000,0x000000eb2a400000)]
  0x00000259e8df9ad0 JavaThread "Cache worker for cache directory md-rule (C:\Users\User\.gradle\caches\6.9.1\md-rule)" [_thread_blocked, id=15576, stack(0x000000eb2a700000,0x000000eb2a800000)]
  0x00000259ea094d50 JavaThread "Cache worker for execution history cache (C:\Users\User\.gradle\caches\6.9.1\executionHistory)" [_thread_blocked, id=10844, stack(0x000000eb2a800000,0x000000eb2a900000)]
  0x00000259ea098710 JavaThread "Cache worker for file content cache (C:\Users\User\.gradle\caches\6.9.1\fileContent)" [_thread_blocked, id=25308, stack(0x000000eb2a900000,0x000000eb2aa00000)]
  0x00000259ea263140 JavaThread "C2 CompilerThread1" daemon [_thread_in_native, id=11052, stack(0x000000eb2aa00000,0x000000eb2ab00000)]

Other Threads:
  0x00000259e5de27d0 VMThread "VM Thread" [stack: 0x000000eb26d00000,0x000000eb26e00000] [id=23376]
  0x00000259e68d33a0 WatcherThread [stack: 0x000000eb27800000,0x000000eb27900000] [id=18532]
  0x00000259c8c47de0 GCTaskThread "GC Thread#0" [stack: 0x000000eb26800000,0x000000eb26900000] [id=7104]
  0x00000259e7175aa0 GCTaskThread "GC Thread#1" [stack: 0x000000eb27a00000,0x000000eb27b00000] [id=20160]
  0x00000259e7174ab0 GCTaskThread "GC Thread#2" [stack: 0x000000eb27b00000,0x000000eb27c00000] [id=27000]
  0x00000259e7174de0 GCTaskThread "GC Thread#3" [stack: 0x000000eb27c00000,0x000000eb27d00000] [id=9172]
  0x00000259e7176100 GCTaskThread "GC Thread#4" [stack: 0x000000eb27d00000,0x000000eb27e00000] [id=7292]
  0x00000259e7176430 GCTaskThread "GC Thread#5" [stack: 0x000000eb27e00000,0x000000eb27f00000] [id=21824]
  0x00000259e7174120 GCTaskThread "GC Thread#6" [stack: 0x000000eb2a400000,0x000000eb2a500000] [id=9016]
  0x00000259e7174450 GCTaskThread "GC Thread#7" [stack: 0x000000eb2a500000,0x000000eb2a600000] [id=19396]
  0x00000259c8c4ee60 ConcurrentGCThread "G1 Main Marker" [stack: 0x000000eb26900000,0x000000eb26a00000] [id=148]
  0x00000259c8c4f960 ConcurrentGCThread "G1 Conc#0" [stack: 0x000000eb26a00000,0x000000eb26b00000] [id=19208]
  0x00000259e7174780 ConcurrentGCThread "G1 Conc#1" [stack: 0x000000eb2a600000,0x000000eb2a700000] [id=16628]
  0x00000259c8cfd660 ConcurrentGCThread "G1 Refine#0" [stack: 0x000000eb26b00000,0x000000eb26c00000] [id=3144]
  0x00000259e7130130 ConcurrentGCThread "G1 Refine#1" [stack: 0x000000eb27f00000,0x000000eb28000000] [id=26608]
  0x00000259c8cfe170 ConcurrentGCThread "G1 Young RemSet Sampling" [stack: 0x000000eb26c00000,0x000000eb26d00000] [id=9928]

Threads with active compile tasks:
C2 CompilerThread0     6208 4116       4       org.objectweb.asm.ClassReader::readStackMapFrame (535 bytes)
C2 CompilerThread1     6208 4106       4       org.objectweb.asm.MethodWriter::visitFrame (811 bytes)

VM state: not at safepoint (normal execution)

VM Mutex/Monitor currently owned by a thread: None

Heap address: 0x00000000e0000000, size: 512 MB, Compressed Oops mode: 32-bit
CDS archive(s) mapped at: [0x0000000800000000-0x0000000800b50000-0x0000000800b50000), size 11862016, SharedBaseAddress: 0x0000000800000000, ArchiveRelocationMode: 0.
Compressed class space mapped at: 0x0000000800b50000-0x0000000810350000, size: 260046848
Narrow klass base: 0x0000000800000000, Narrow klass shift: 3, Narrow klass range: 0x100000000

GC Precious Log:
 CPUs: 8 total, 8 available
 Memory: 12014M
 Large Page Support: Disabled
 NUMA Support: Disabled
 Compressed Oops: Enabled (32-bit)
 Heap Region Size: 1M
 Heap Min Capacity: 256M
 Heap Initial Capacity: 256M
 Heap Max Capacity: 512M
 Pre-touch: Disabled
 Parallel Workers: 8
 Concurrent Workers: 2
 Concurrent Refinement Workers: 8
 Periodic GC: Disabled

Heap:
 garbage-first heap   total 262144K, used 150964K [0x00000000e0000000, 0x0000000100000000)
  region size 1024K, 110 young (112640K), 9 survivors (9216K)
 Metaspace       used 35660K, capacity 36364K, committed 36560K, reserved 286720K
  class space    used 4657K, capacity 4869K, committed 4940K, reserved 253952K

Heap Regions: E=young(eden), S=young(survivor), O=old, HS=humongous(starts), HC=humongous(continues), CS=collection set, F=free, OA=open archive, CA=closed archive, TAMS=top-at-mark-start (previous, next)
|   0|0x00000000e0000000, 0x00000000e0100000, 0x00000000e0100000|100%| O|  |TAMS 0x00000000e0100000, 0x00000000e0000000| Untracked 
|   1|0x00000000e0100000, 0x00000000e0200000, 0x00000000e0200000|100%| O|  |TAMS 0x00000000e0200000, 0x00000000e0100000| Untracked 
|   2|0x00000000e0200000, 0x00000000e0300000, 0x00000000e0300000|100%| O|  |TAMS 0x00000000e0286c00, 0x00000000e0200000| Untracked 
|   3|0x00000000e0300000, 0x00000000e0400000, 0x00000000e0400000|100%|HS|  |TAMS 0x00000000e0400000, 0x00000000e0300000| Complete 
|   4|0x00000000e0400000, 0x00000000e0500000, 0x00000000e0500000|100%|HC|  |TAMS 0x00000000e0500000, 0x00000000e0400000| Complete 
|   5|0x00000000e0500000, 0x00000000e0600000, 0x00000000e0600000|100%|HC|  |TAMS 0x00000000e0600000, 0x00000000e0500000| Complete 
|   6|0x00000000e0600000, 0x00000000e0700000, 0x00000000e0700000|100%| O|  |TAMS 0x00000000e0700000, 0x00000000e0600000| Untracked 
|   7|0x00000000e0700000, 0x00000000e0800000, 0x00000000e0800000|100%| O|  |TAMS 0x00000000e0800000, 0x00000000e0700000| Untracked 
|   8|0x00000000e0800000, 0x00000000e0900000, 0x00000000e0900000|100%| O|  |TAMS 0x00000000e0900000, 0x00000000e0800000| Untracked 
|   9|0x00000000e0900000, 0x00000000e0a00000, 0x00000000e0a00000|100%|HS|  |TAMS 0x00000000e0a00000, 0x00000000e0900000| Complete 
|  10|0x00000000e0a00000, 0x00000000e0b00000, 0x00000000e0b00000|100%|HC|  |TAMS 0x00000000e0b00000, 0x00000000e0a00000| Complete 
|  11|0x00000000e0b00000, 0x00000000e0c00000, 0x00000000e0c00000|100%|HS|  |TAMS 0x00000000e0c00000, 0x00000000e0b00000| Complete 
|  12|0x00000000e0c00000, 0x00000000e0d00000, 0x00000000e0d00000|100%|HC|  |TAMS 0x00000000e0d00000, 0x00000000e0c00000| Complete 
|  13|0x00000000e0d00000, 0x00000000e0e00000, 0x00000000e0e00000|100%|HC|  |TAMS 0x00000000e0e00000, 0x00000000e0d00000| Complete 
|  14|0x00000000e0e00000, 0x00000000e0f00000, 0x00000000e0f00000|100%|HS|  |TAMS 0x00000000e0f00000, 0x00000000e0e00000| Complete 
|  15|0x00000000e0f00000, 0x00000000e1000000, 0x00000000e1000000|100%|HS|  |TAMS 0x00000000e1000000, 0x00000000e0f00000| Complete 
|  16|0x00000000e1000000, 0x00000000e1100000, 0x00000000e1100000|100%|HC|  |TAMS 0x00000000e1100000, 0x00000000e1000000| Complete 
|  17|0x00000000e1100000, 0x00000000e1200000, 0x00000000e1200000|100%|HC|  |TAMS 0x00000000e1200000, 0x00000000e1100000| Complete 
|  18|0x00000000e1200000, 0x00000000e1300000, 0x00000000e1300000|100%|HC|  |TAMS 0x00000000e1300000, 0x00000000e1200000| Complete 
|  19|0x00000000e1300000, 0x00000000e1400000, 0x00000000e1400000|100%|HS|  |TAMS 0x00000000e1400000, 0x00000000e1300000| Complete 
|  20|0x00000000e1400000, 0x00000000e1500000, 0x00000000e1500000|100%|HC|  |TAMS 0x00000000e1500000, 0x00000000e1400000| Complete 
|  21|0x00000000e1500000, 0x00000000e1600000, 0x00000000e1600000|100%|HC|  |TAMS 0x00000000e1600000, 0x00000000e1500000| Complete 
|  22|0x00000000e1600000, 0x00000000e1700000, 0x00000000e1700000|100%|HC|  |TAMS 0x00000000e1700000, 0x00000000e1600000| Complete 
|  23|0x00000000e1700000, 0x00000000e1700000, 0x00000000e1800000|  0%| F|  |TAMS 0x00000000e1700000, 0x00000000e1700000| Untracked 
|  24|0x00000000e1800000, 0x00000000e1800000, 0x00000000e1900000|  0%| F|  |TAMS 0x00000000e1800000, 0x00000000e1800000| Untracked 
|  25|0x00000000e1900000, 0x00000000e1a00000, 0x00000000e1a00000|100%| O|  |TAMS 0x00000000e1900000, 0x00000000e1900000| Untracked 
|  26|0x00000000e1a00000, 0x00000000e1a00000, 0x00000000e1b00000|  0%| F|  |TAMS 0x00000000e1a00000, 0x00000000e1a00000| Untracked 
|  27|0x00000000e1b00000, 0x00000000e1b00000, 0x00000000e1c00000|  0%| F|  |TAMS 0x00000000e1b00000, 0x00000000e1b00000| Untracked 
|  28|0x00000000e1c00000, 0x00000000e1c00000, 0x00000000e1d00000|  0%| F|  |TAMS 0x00000000e1c00000, 0x00000000e1c00000| Untracked 
|  29|0x00000000e1d00000, 0x00000000e1d00000, 0x00000000e1e00000|  0%| F|  |TAMS 0x00000000e1d00000, 0x00000000e1d00000| Untracked 
|  30|0x00000000e1e00000, 0x00000000e1f00000, 0x00000000e1f00000|100%| O|  |TAMS 0x00000000e1e00000, 0x00000000e1e00000| Untracked 
|  31|0x00000000e1f00000, 0x00000000e2000000, 0x00000000e2000000|100%| O|  |TAMS 0x00000000e1f00000, 0x00000000e1f00000| Untracked 
|  32|0x00000000e2000000, 0x00000000e2100000, 0x00000000e2100000|100%| O|  |TAMS 0x00000000e2000000, 0x00000000e2000000| Untracked 
|  33|0x00000000e2100000, 0x00000000e2200000, 0x00000000e2200000|100%| O|  |TAMS 0x00000000e2100000, 0x00000000e2100000| Untracked 
|  34|0x00000000e2200000, 0x00000000e2300000, 0x00000000e2300000|100%|HS|  |TAMS 0x00000000e2200000, 0x00000000e2200000| Complete 
|  35|0x00000000e2300000, 0x00000000e2400000, 0x00000000e2400000|100%|HC|  |TAMS 0x00000000e2300000, 0x00000000e2300000| Complete 
|  36|0x00000000e2400000, 0x00000000e2500000, 0x00000000e2500000|100%|HC|  |TAMS 0x00000000e2400000, 0x00000000e2400000| Complete 
|  37|0x00000000e2500000, 0x00000000e2600000, 0x00000000e2600000|100%|HC|  |TAMS 0x00000000e2500000, 0x00000000e2500000| Complete 
|  38|0x00000000e2600000, 0x00000000e2700000, 0x00000000e2700000|100%| O|  |TAMS 0x00000000e2600000, 0x00000000e2600000| Untracked 
|  39|0x00000000e2700000, 0x00000000e2800000, 0x00000000e2800000|100%| O|  |TAMS 0x00000000e2700000, 0x00000000e2700000| Untracked 
|  40|0x00000000e2800000, 0x00000000e2900000, 0x00000000e2900000|100%| O|  |TAMS 0x00000000e2800000, 0x00000000e2800000| Untracked 
|  41|0x00000000e2900000, 0x00000000e2a00000, 0x00000000e2a00000|100%| O|  |TAMS 0x00000000e2900000, 0x00000000e2900000| Untracked 
|  42|0x00000000e2a00000, 0x00000000e2b00000, 0x00000000e2b00000|100%| O|  |TAMS 0x00000000e2a00000, 0x00000000e2a00000| Untracked 
|  43|0x00000000e2b00000, 0x00000000e2c00000, 0x00000000e2c00000|100%| O|  |TAMS 0x00000000e2b00000, 0x00000000e2b00000| Untracked 
|  44|0x00000000e2c00000, 0x00000000e2ceec00, 0x00000000e2d00000| 93%| O|  |TAMS 0x00000000e2c00000, 0x00000000e2c00000| Untracked 
|  45|0x00000000e2d00000, 0x00000000e2d00000, 0x00000000e2e00000|  0%| F|  |TAMS 0x00000000e2d00000, 0x00000000e2d00000| Untracked 
|  46|0x00000000e2e00000, 0x00000000e2e00000, 0x00000000e2f00000|  0%| F|  |TAMS 0x00000000e2e00000, 0x00000000e2e00000| Untracked 
|  47|0x00000000e2f00000, 0x00000000e2f00000, 0x00000000e3000000|  0%| F|  |TAMS 0x00000000e2f00000, 0x00000000e2f00000| Untracked 
|  48|0x00000000e3000000, 0x00000000e3000000, 0x00000000e3100000|  0%| F|  |TAMS 0x00000000e3000000, 0x00000000e3000000| Untracked 
|  49|0x00000000e3100000, 0x00000000e3100000, 0x00000000e3200000|  0%| F|  |TAMS 0x00000000e3100000, 0x00000000e3100000| Untracked 
|  50|0x00000000e3200000, 0x00000000e3200000, 0x00000000e3300000|  0%| F|  |TAMS 0x00000000e3200000, 0x00000000e3200000| Untracked 
|  51|0x00000000e3300000, 0x00000000e3300000, 0x00000000e3400000|  0%| F|  |TAMS 0x00000000e3300000, 0x00000000e3300000| Untracked 
|  52|0x00000000e3400000, 0x00000000e3400000, 0x00000000e3500000|  0%| F|  |TAMS 0x00000000e3400000, 0x00000000e3400000| Untracked 
|  53|0x00000000e3500000, 0x00000000e3500000, 0x00000000e3600000|  0%| F|  |TAMS 0x00000000e3500000, 0x00000000e3500000| Untracked 
|  54|0x00000000e3600000, 0x00000000e3600000, 0x00000000e3700000|  0%| F|  |TAMS 0x00000000e3600000, 0x00000000e3600000| Untracked 
|  55|0x00000000e3700000, 0x00000000e3700000, 0x00000000e3800000|  0%| F|  |TAMS 0x00000000e3700000, 0x00000000e3700000| Untracked 
|  56|0x00000000e3800000, 0x00000000e3800000, 0x00000000e3900000|  0%| F|  |TAMS 0x00000000e3800000, 0x00000000e3800000| Untracked 
|  57|0x00000000e3900000, 0x00000000e3900000, 0x00000000e3a00000|  0%| F|  |TAMS 0x00000000e3900000, 0x00000000e3900000| Untracked 
|  58|0x00000000e3a00000, 0x00000000e3a00000, 0x00000000e3b00000|  0%| F|  |TAMS 0x00000000e3a00000, 0x00000000e3a00000| Untracked 
|  59|0x00000000e3b00000, 0x00000000e3b00000, 0x00000000e3c00000|  0%| F|  |TAMS 0x00000000e3b00000, 0x00000000e3b00000| Untracked 
|  60|0x00000000e3c00000, 0x00000000e3c00000, 0x00000000e3d00000|  0%| F|  |TAMS 0x00000000e3c00000, 0x00000000e3c00000| Untracked 
|  61|0x00000000e3d00000, 0x00000000e3d00000, 0x00000000e3e00000|  0%| F|  |TAMS 0x00000000e3d00000, 0x00000000e3d00000| Untracked 
|  62|0x00000000e3e00000, 0x00000000e3e00000, 0x00000000e3f00000|  0%| F|  |TAMS 0x00000000e3e00000, 0x00000000e3e00000| Untracked 
|  63|0x00000000e3f00000, 0x00000000e3f00000, 0x00000000e4000000|  0%| F|  |TAMS 0x00000000e3f00000, 0x00000000e3f00000| Untracked 
|  64|0x00000000e4000000, 0x00000000e4000000, 0x00000000e4100000|  0%| F|  |TAMS 0x00000000e4000000, 0x00000000e4000000| Untracked 
|  65|0x00000000e4100000, 0x00000000e4100000, 0x00000000e4200000|  0%| F|  |TAMS 0x00000000e4100000, 0x00000000e4100000| Untracked 
|  66|0x00000000e4200000, 0x00000000e4200000, 0x00000000e4300000|  0%| F|  |TAMS 0x00000000e4200000, 0x00000000e4200000| Untracked 
|  67|0x00000000e4300000, 0x00000000e4300000, 0x00000000e4400000|  0%| F|  |TAMS 0x00000000e4300000, 0x00000000e4300000| Untracked 
|  68|0x00000000e4400000, 0x00000000e4400000, 0x00000000e4500000|  0%| F|  |TAMS 0x00000000e4400000, 0x00000000e4400000| Untracked 
|  69|0x00000000e4500000, 0x00000000e4500000, 0x00000000e4600000|  0%| F|  |TAMS 0x00000000e4500000, 0x00000000e4500000| Untracked 
|  70|0x00000000e4600000, 0x00000000e4600000, 0x00000000e4700000|  0%| F|  |TAMS 0x00000000e4600000, 0x00000000e4600000| Untracked 
|  71|0x00000000e4700000, 0x00000000e4700000, 0x00000000e4800000|  0%| F|  |TAMS 0x00000000e4700000, 0x00000000e4700000| Untracked 
|  72|0x00000000e4800000, 0x00000000e4800000, 0x00000000e4900000|  0%| F|  |TAMS 0x00000000e4800000, 0x00000000e4800000| Untracked 
|  73|0x00000000e4900000, 0x00000000e4900000, 0x00000000e4a00000|  0%| F|  |TAMS 0x00000000e4900000, 0x00000000e4900000| Untracked 
|  74|0x00000000e4a00000, 0x00000000e4a00000, 0x00000000e4b00000|  0%| F|  |TAMS 0x00000000e4a00000, 0x00000000e4a00000| Untracked 
|  75|0x00000000e4b00000, 0x00000000e4b00000, 0x00000000e4c00000|  0%| F|  |TAMS 0x00000000e4b00000, 0x00000000e4b00000| Untracked 
|  76|0x00000000e4c00000, 0x00000000e4c00000, 0x00000000e4d00000|  0%| F|  |TAMS 0x00000000e4c00000, 0x00000000e4c00000| Untracked 
|  77|0x00000000e4d00000, 0x00000000e4d00000, 0x00000000e4e00000|  0%| F|  |TAMS 0x00000000e4d00000, 0x00000000e4d00000| Untracked 
|  78|0x00000000e4e00000, 0x00000000e4e00000, 0x00000000e4f00000|  0%| F|  |TAMS 0x00000000e4e00000, 0x00000000e4e00000| Untracked 
|  79|0x00000000e4f00000, 0x00000000e4f00000, 0x00000000e5000000|  0%| F|  |TAMS 0x00000000e4f00000, 0x00000000e4f00000| Untracked 
|  80|0x00000000e5000000, 0x00000000e5000000, 0x00000000e5100000|  0%| F|  |TAMS 0x00000000e5000000, 0x00000000e5000000| Untracked 
|  81|0x00000000e5100000, 0x00000000e5100000, 0x00000000e5200000|  0%| F|  |TAMS 0x00000000e5100000, 0x00000000e5100000| Untracked 
|  82|0x00000000e5200000, 0x00000000e5200000, 0x00000000e5300000|  0%| F|  |TAMS 0x00000000e5200000, 0x00000000e5200000| Untracked 
|  83|0x00000000e5300000, 0x00000000e5300000, 0x00000000e5400000|  0%| F|  |TAMS 0x00000000e5300000, 0x00000000e5300000| Untracked 
|  84|0x00000000e5400000, 0x00000000e5400000, 0x00000000e5500000|  0%| F|  |TAMS 0x00000000e5400000, 0x00000000e5400000| Untracked 
|  85|0x00000000e5500000, 0x00000000e5500000, 0x00000000e5600000|  0%| F|  |TAMS 0x00000000e5500000, 0x00000000e5500000| Untracked 
|  86|0x00000000e5600000, 0x00000000e5600000, 0x00000000e5700000|  0%| F|  |TAMS 0x00000000e5600000, 0x00000000e5600000| Untracked 
|  87|0x00000000e5700000, 0x00000000e5700000, 0x00000000e5800000|  0%| F|  |TAMS 0x00000000e5700000, 0x00000000e5700000| Untracked 
|  88|0x00000000e5800000, 0x00000000e5800000, 0x00000000e5900000|  0%| F|  |TAMS 0x00000000e5800000, 0x00000000e5800000| Untracked 
|  89|0x00000000e5900000, 0x00000000e5900000, 0x00000000e5a00000|  0%| F|  |TAMS 0x00000000e5900000, 0x00000000e5900000| Untracked 
|  90|0x00000000e5a00000, 0x00000000e5a00000, 0x00000000e5b00000|  0%| F|  |TAMS 0x00000000e5a00000, 0x00000000e5a00000| Untracked 
|  91|0x00000000e5b00000, 0x00000000e5b00000, 0x00000000e5c00000|  0%| F|  |TAMS 0x00000000e5b00000, 0x00000000e5b00000| Untracked 
|  92|0x00000000e5c00000, 0x00000000e5c00000, 0x00000000e5d00000|  0%| F|  |TAMS 0x00000000e5c00000, 0x00000000e5c00000| Untracked 
|  93|0x00000000e5d00000, 0x00000000e5d00000, 0x00000000e5e00000|  0%| F|  |TAMS 0x00000000e5d00000, 0x00000000e5d00000| Untracked 
|  94|0x00000000e5e00000, 0x00000000e5e7e750, 0x00000000e5f00000| 49%| S|CS|TAMS 0x00000000e5e00000, 0x00000000e5e00000| Complete 
|  95|0x00000000e5f00000, 0x00000000e6000000, 0x00000000e6000000|100%| S|CS|TAMS 0x00000000e5f00000, 0x00000000e5f00000| Complete 
|  96|0x00000000e6000000, 0x00000000e6100000, 0x00000000e6100000|100%| S|CS|TAMS 0x00000000e6000000, 0x00000000e6000000| Complete 
|  97|0x00000000e6100000, 0x00000000e6200000, 0x00000000e6200000|100%| S|CS|TAMS 0x00000000e6100000, 0x00000000e6100000| Complete 
|  98|0x00000000e6200000, 0x00000000e6300000, 0x00000000e6300000|100%| S|CS|TAMS 0x00000000e6200000, 0x00000000e6200000| Complete 
|  99|0x00000000e6300000, 0x00000000e6400000, 0x00000000e6400000|100%| S|CS|TAMS 0x00000000e6300000, 0x00000000e6300000| Complete 
| 100|0x00000000e6400000, 0x00000000e6500000, 0x00000000e6500000|100%| S|CS|TAMS 0x00000000e6400000, 0x00000000e6400000| Complete 
| 101|0x00000000e6500000, 0x00000000e6600000, 0x00000000e6600000|100%| S|CS|TAMS 0x00000000e6500000, 0x00000000e6500000| Complete 
| 102|0x00000000e6600000, 0x00000000e6700000, 0x00000000e6700000|100%| S|CS|TAMS 0x00000000e6600000, 0x00000000e6600000| Complete 
| 103|0x00000000e6700000, 0x00000000e6700000, 0x00000000e6800000|  0%| F|  |TAMS 0x00000000e6700000, 0x00000000e6700000| Untracked 
| 104|0x00000000e6800000, 0x00000000e6800000, 0x00000000e6900000|  0%| F|  |TAMS 0x00000000e6800000, 0x00000000e6800000| Untracked 
| 105|0x00000000e6900000, 0x00000000e6900000, 0x00000000e6a00000|  0%| F|  |TAMS 0x00000000e6900000, 0x00000000e6900000| Untracked 
| 106|0x00000000e6a00000, 0x00000000e6a00000, 0x00000000e6b00000|  0%| F|  |TAMS 0x00000000e6a00000, 0x00000000e6a00000| Untracked 
| 107|0x00000000e6b00000, 0x00000000e6b00000, 0x00000000e6c00000|  0%| F|  |TAMS 0x00000000e6b00000, 0x00000000e6b00000| Untracked 
| 108|0x00000000e6c00000, 0x00000000e6c00000, 0x00000000e6d00000|  0%| F|  |TAMS 0x00000000e6c00000, 0x00000000e6c00000| Untracked 
| 109|0x00000000e6d00000, 0x00000000e6d00000, 0x00000000e6e00000|  0%| F|  |TAMS 0x00000000e6d00000, 0x00000000e6d00000| Untracked 
| 110|0x00000000e6e00000, 0x00000000e6e00000, 0x00000000e6f00000|  0%| F|  |TAMS 0x00000000e6e00000, 0x00000000e6e00000| Untracked 
| 111|0x00000000e6f00000, 0x00000000e6f00000, 0x00000000e7000000|  0%| F|  |TAMS 0x00000000e6f00000, 0x00000000e6f00000| Untracked 
| 112|0x00000000e7000000, 0x00000000e7000000, 0x00000000e7100000|  0%| F|  |TAMS 0x00000000e7000000, 0x00000000e7000000| Untracked 
| 113|0x00000000e7100000, 0x00000000e7100000, 0x00000000e7200000|  0%| F|  |TAMS 0x00000000e7100000, 0x00000000e7100000| Untracked 
| 114|0x00000000e7200000, 0x00000000e7200000, 0x00000000e7300000|  0%| F|  |TAMS 0x00000000e7200000, 0x00000000e7200000| Untracked 
| 115|0x00000000e7300000, 0x00000000e7300000, 0x00000000e7400000|  0%| F|  |TAMS 0x00000000e7300000, 0x00000000e7300000| Untracked 
| 116|0x00000000e7400000, 0x00000000e7400000, 0x00000000e7500000|  0%| F|  |TAMS 0x00000000e7400000, 0x00000000e7400000| Untracked 
| 117|0x00000000e7500000, 0x00000000e7500000, 0x00000000e7600000|  0%| F|  |TAMS 0x00000000e7500000, 0x00000000e7500000| Untracked 
| 118|0x00000000e7600000, 0x00000000e7600000, 0x00000000e7700000|  0%| F|  |TAMS 0x00000000e7600000, 0x00000000e7600000| Untracked 
| 119|0x00000000e7700000, 0x00000000e7700000, 0x00000000e7800000|  0%| F|  |TAMS 0x00000000e7700000, 0x00000000e7700000| Untracked 
| 120|0x00000000e7800000, 0x00000000e7800000, 0x00000000e7900000|  0%| F|  |TAMS 0x00000000e7800000, 0x00000000e7800000| Untracked 
| 121|0x00000000e7900000, 0x00000000e7900000, 0x00000000e7a00000|  0%| F|  |TAMS 0x00000000e7900000, 0x00000000e7900000| Untracked 
| 122|0x00000000e7a00000, 0x00000000e7a00000, 0x00000000e7b00000|  0%| F|  |TAMS 0x00000000e7a00000, 0x00000000e7a00000| Untracked 
| 123|0x00000000e7b00000, 0x00000000e7b00000, 0x00000000e7c00000|  0%| F|  |TAMS 0x00000000e7b00000, 0x00000000e7b00000| Untracked 
| 124|0x00000000e7c00000, 0x00000000e7c00000, 0x00000000e7d00000|  0%| F|  |TAMS 0x00000000e7c00000, 0x00000000e7c00000| Untracked 
| 125|0x00000000e7d00000, 0x00000000e7d00000, 0x00000000e7e00000|  0%| F|  |TAMS 0x00000000e7d00000, 0x00000000e7d00000| Untracked 
| 126|0x00000000e7e00000, 0x00000000e7e00000, 0x00000000e7f00000|  0%| F|  |TAMS 0x00000000e7e00000, 0x00000000e7e00000| Untracked 
| 127|0x00000000e7f00000, 0x00000000e7f00000, 0x00000000e8000000|  0%| F|  |TAMS 0x00000000e7f00000, 0x00000000e7f00000| Untracked 
| 128|0x00000000e8000000, 0x00000000e8000000, 0x00000000e8100000|  0%| F|  |TAMS 0x00000000e8000000, 0x00000000e8000000| Untracked 
| 129|0x00000000e8100000, 0x00000000e8100000, 0x00000000e8200000|  0%| F|  |TAMS 0x00000000e8100000, 0x00000000e8100000| Untracked 
| 130|0x00000000e8200000, 0x00000000e8200000, 0x00000000e8300000|  0%| F|  |TAMS 0x00000000e8200000, 0x00000000e8200000| Untracked 
| 131|0x00000000e8300000, 0x00000000e8300000, 0x00000000e8400000|  0%| F|  |TAMS 0x00000000e8300000, 0x00000000e8300000| Untracked 
| 132|0x00000000e8400000, 0x00000000e8400000, 0x00000000e8500000|  0%| F|  |TAMS 0x00000000e8400000, 0x00000000e8400000| Untracked 
| 133|0x00000000e8500000, 0x00000000e8500000, 0x00000000e8600000|  0%| F|  |TAMS 0x00000000e8500000, 0x00000000e8500000| Untracked 
| 134|0x00000000e8600000, 0x00000000e8600000, 0x00000000e8700000|  0%| F|  |TAMS 0x00000000e8600000, 0x00000000e8600000| Untracked 
| 135|0x00000000e8700000, 0x00000000e8700000, 0x00000000e8800000|  0%| F|  |TAMS 0x00000000e8700000, 0x00000000e8700000| Untracked 
| 136|0x00000000e8800000, 0x00000000e8800000, 0x00000000e8900000|  0%| F|  |TAMS 0x00000000e8800000, 0x00000000e8800000| Untracked 
| 137|0x00000000e8900000, 0x00000000e8900000, 0x00000000e8a00000|  0%| F|  |TAMS 0x00000000e8900000, 0x00000000e8900000| Untracked 
| 138|0x00000000e8a00000, 0x00000000e8a00000, 0x00000000e8b00000|  0%| F|  |TAMS 0x00000000e8a00000, 0x00000000e8a00000| Untracked 
| 139|0x00000000e8b00000, 0x00000000e8b00000, 0x00000000e8c00000|  0%| F|  |TAMS 0x00000000e8b00000, 0x00000000e8b00000| Untracked 
| 140|0x00000000e8c00000, 0x00000000e8c00000, 0x00000000e8d00000|  0%| F|  |TAMS 0x00000000e8c00000, 0x00000000e8c00000| Untracked 
| 141|0x00000000e8d00000, 0x00000000e8d00000, 0x00000000e8e00000|  0%| F|  |TAMS 0x00000000e8d00000, 0x00000000e8d00000| Untracked 
| 142|0x00000000e8e00000, 0x00000000e8e00000, 0x00000000e8f00000|  0%| F|  |TAMS 0x00000000e8e00000, 0x00000000e8e00000| Untracked 
| 143|0x00000000e8f00000, 0x00000000e8f00000, 0x00000000e9000000|  0%| F|  |TAMS 0x00000000e8f00000, 0x00000000e8f00000| Untracked 
| 144|0x00000000e9000000, 0x00000000e9000000, 0x00000000e9100000|  0%| F|  |TAMS 0x00000000e9000000, 0x00000000e9000000| Untracked 
| 145|0x00000000e9100000, 0x00000000e9100000, 0x00000000e9200000|  0%| F|  |TAMS 0x00000000e9100000, 0x00000000e9100000| Untracked 
| 146|0x00000000e9200000, 0x00000000e9200000, 0x00000000e9300000|  0%| F|  |TAMS 0x00000000e9200000, 0x00000000e9200000| Untracked 
| 147|0x00000000e9300000, 0x00000000e9300000, 0x00000000e9400000|  0%| F|  |TAMS 0x00000000e9300000, 0x00000000e9300000| Untracked 
| 148|0x00000000e9400000, 0x00000000e9400000, 0x00000000e9500000|  0%| F|  |TAMS 0x00000000e9400000, 0x00000000e9400000| Untracked 
| 149|0x00000000e9500000, 0x00000000e9500000, 0x00000000e9600000|  0%| F|  |TAMS 0x00000000e9500000, 0x00000000e9500000| Untracked 
| 150|0x00000000e9600000, 0x00000000e9600000, 0x00000000e9700000|  0%| F|  |TAMS 0x00000000e9600000, 0x00000000e9600000| Untracked 
| 151|0x00000000e9700000, 0x00000000e9700000, 0x00000000e9800000|  0%| F|  |TAMS 0x00000000e9700000, 0x00000000e9700000| Untracked 
| 152|0x00000000e9800000, 0x00000000e9800000, 0x00000000e9900000|  0%| F|  |TAMS 0x00000000e9800000, 0x00000000e9800000| Untracked 
| 153|0x00000000e9900000, 0x00000000e9900000, 0x00000000e9a00000|  0%| F|  |TAMS 0x00000000e9900000, 0x00000000e9900000| Untracked 
| 154|0x00000000e9a00000, 0x00000000e9a80800, 0x00000000e9b00000| 50%| E|  |TAMS 0x00000000e9a00000, 0x00000000e9a00000| Complete 
| 155|0x00000000e9b00000, 0x00000000e9c00000, 0x00000000e9c00000|100%| E|CS|TAMS 0x00000000e9b00000, 0x00000000e9b00000| Complete 
| 156|0x00000000e9c00000, 0x00000000e9d00000, 0x00000000e9d00000|100%| E|CS|TAMS 0x00000000e9c00000, 0x00000000e9c00000| Complete 
| 157|0x00000000e9d00000, 0x00000000e9e00000, 0x00000000e9e00000|100%| E|CS|TAMS 0x00000000e9d00000, 0x00000000e9d00000| Complete 
| 158|0x00000000e9e00000, 0x00000000e9f00000, 0x00000000e9f00000|100%| E|CS|TAMS 0x00000000e9e00000, 0x00000000e9e00000| Complete 
| 159|0x00000000e9f00000, 0x00000000ea000000, 0x00000000ea000000|100%| E|CS|TAMS 0x00000000e9f00000, 0x00000000e9f00000| Complete 
| 160|0x00000000ea000000, 0x00000000ea100000, 0x00000000ea100000|100%| E|CS|TAMS 0x00000000ea000000, 0x00000000ea000000| Complete 
| 161|0x00000000ea100000, 0x00000000ea200000, 0x00000000ea200000|100%| E|CS|TAMS 0x00000000ea100000, 0x00000000ea100000| Complete 
| 162|0x00000000ea200000, 0x00000000ea300000, 0x00000000ea300000|100%| E|CS|TAMS 0x00000000ea200000, 0x00000000ea200000| Complete 
| 163|0x00000000ea300000, 0x00000000ea400000, 0x00000000ea400000|100%| E|CS|TAMS 0x00000000ea300000, 0x00000000ea300000| Complete 
| 164|0x00000000ea400000, 0x00000000ea500000, 0x00000000ea500000|100%| E|CS|TAMS 0x00000000ea400000, 0x00000000ea400000| Complete 
| 165|0x00000000ea500000, 0x00000000ea600000, 0x00000000ea600000|100%| E|CS|TAMS 0x00000000ea500000, 0x00000000ea500000| Complete 
| 166|0x00000000ea600000, 0x00000000ea700000, 0x00000000ea700000|100%| E|CS|TAMS 0x00000000ea600000, 0x00000000ea600000| Complete 
| 167|0x00000000ea700000, 0x00000000ea800000, 0x00000000ea800000|100%| E|CS|TAMS 0x00000000ea700000, 0x00000000ea700000| Complete 
| 168|0x00000000ea800000, 0x00000000ea900000, 0x00000000ea900000|100%| E|CS|TAMS 0x00000000ea800000, 0x00000000ea800000| Complete 
| 169|0x00000000ea900000, 0x00000000eaa00000, 0x00000000eaa00000|100%| E|CS|TAMS 0x00000000ea900000, 0x00000000ea900000| Complete 
| 170|0x00000000eaa00000, 0x00000000eab00000, 0x00000000eab00000|100%| E|CS|TAMS 0x00000000eaa00000, 0x00000000eaa00000| Complete 
| 171|0x00000000eab00000, 0x00000000eac00000, 0x00000000eac00000|100%| E|CS|TAMS 0x00000000eab00000, 0x00000000eab00000| Complete 
| 172|0x00000000eac00000, 0x00000000ead00000, 0x00000000ead00000|100%| E|CS|TAMS 0x00000000eac00000, 0x00000000eac00000| Complete 
| 173|0x00000000ead00000, 0x00000000eae00000, 0x00000000eae00000|100%| E|CS|TAMS 0x00000000ead00000, 0x00000000ead00000| Complete 
| 174|0x00000000eae00000, 0x00000000eaf00000, 0x00000000eaf00000|100%| E|CS|TAMS 0x00000000eae00000, 0x00000000eae00000| Complete 
| 175|0x00000000eaf00000, 0x00000000eb000000, 0x00000000eb000000|100%| E|CS|TAMS 0x00000000eaf00000, 0x00000000eaf00000| Complete 
| 176|0x00000000eb000000, 0x00000000eb100000, 0x00000000eb100000|100%| E|CS|TAMS 0x00000000eb000000, 0x00000000eb000000| Complete 
| 177|0x00000000eb100000, 0x00000000eb200000, 0x00000000eb200000|100%| E|CS|TAMS 0x00000000eb100000, 0x00000000eb100000| Complete 
| 178|0x00000000eb200000, 0x00000000eb300000, 0x00000000eb300000|100%| E|CS|TAMS 0x00000000eb200000, 0x00000000eb200000| Complete 
| 179|0x00000000eb300000, 0x00000000eb400000, 0x00000000eb400000|100%| E|CS|TAMS 0x00000000eb300000, 0x00000000eb300000| Complete 
| 180|0x00000000eb400000, 0x00000000eb500000, 0x00000000eb500000|100%| E|CS|TAMS 0x00000000eb400000, 0x00000000eb400000| Complete 
| 181|0x00000000eb500000, 0x00000000eb600000, 0x00000000eb600000|100%| E|CS|TAMS 0x00000000eb500000, 0x00000000eb500000| Complete 
| 182|0x00000000eb600000, 0x00000000eb700000, 0x00000000eb700000|100%| E|CS|TAMS 0x00000000eb600000, 0x00000000eb600000| Complete 
| 183|0x00000000eb700000, 0x00000000eb800000, 0x00000000eb800000|100%| E|CS|TAMS 0x00000000eb700000, 0x00000000eb700000| Complete 
| 184|0x00000000eb800000, 0x00000000eb900000, 0x00000000eb900000|100%| E|CS|TAMS 0x00000000eb800000, 0x00000000eb800000| Complete 
| 185|0x00000000eb900000, 0x00000000eba00000, 0x00000000eba00000|100%| E|CS|TAMS 0x00000000eb900000, 0x00000000eb900000| Complete 
| 186|0x00000000eba00000, 0x00000000ebb00000, 0x00000000ebb00000|100%| E|CS|TAMS 0x00000000eba00000, 0x00000000eba00000| Complete 
| 187|0x00000000ebb00000, 0x00000000ebc00000, 0x00000000ebc00000|100%| E|CS|TAMS 0x00000000ebb00000, 0x00000000ebb00000| Complete 
| 188|0x00000000ebc00000, 0x00000000ebd00000, 0x00000000ebd00000|100%| E|CS|TAMS 0x00000000ebc00000, 0x00000000ebc00000| Complete 
| 189|0x00000000ebd00000, 0x00000000ebe00000, 0x00000000ebe00000|100%| E|CS|TAMS 0x00000000ebd00000, 0x00000000ebd00000| Complete 
| 190|0x00000000ebe00000, 0x00000000ebf00000, 0x00000000ebf00000|100%| E|CS|TAMS 0x00000000ebe00000, 0x00000000ebe00000| Complete 
| 191|0x00000000ebf00000, 0x00000000ec000000, 0x00000000ec000000|100%| E|CS|TAMS 0x00000000ebf00000, 0x00000000ebf00000| Complete 
| 192|0x00000000ec000000, 0x00000000ec100000, 0x00000000ec100000|100%| E|CS|TAMS 0x00000000ec000000, 0x00000000ec000000| Complete 
| 193|0x00000000ec100000, 0x00000000ec200000, 0x00000000ec200000|100%| E|CS|TAMS 0x00000000ec100000, 0x00000000ec100000| Complete 
| 194|0x00000000ec200000, 0x00000000ec300000, 0x00000000ec300000|100%| E|CS|TAMS 0x00000000ec200000, 0x00000000ec200000| Complete 
| 195|0x00000000ec300000, 0x00000000ec400000, 0x00000000ec400000|100%| E|CS|TAMS 0x00000000ec300000, 0x00000000ec300000| Complete 
| 196|0x00000000ec400000, 0x00000000ec500000, 0x00000000ec500000|100%| E|CS|TAMS 0x00000000ec400000, 0x00000000ec400000| Complete 
| 197|0x00000000ec500000, 0x00000000ec600000, 0x00000000ec600000|100%| E|CS|TAMS 0x00000000ec500000, 0x00000000ec500000| Complete 
| 198|0x00000000ec600000, 0x00000000ec700000, 0x00000000ec700000|100%| E|CS|TAMS 0x00000000ec600000, 0x00000000ec600000| Complete 
| 199|0x00000000ec700000, 0x00000000ec800000, 0x00000000ec800000|100%| E|CS|TAMS 0x00000000ec700000, 0x00000000ec700000| Complete 
| 200|0x00000000ec800000, 0x00000000ec900000, 0x00000000ec900000|100%| E|CS|TAMS 0x00000000ec800000, 0x00000000ec800000| Complete 
| 201|0x00000000ec900000, 0x00000000eca00000, 0x00000000eca00000|100%| E|CS|TAMS 0x00000000ec900000, 0x00000000ec900000| Complete 
| 202|0x00000000eca00000, 0x00000000ecb00000, 0x00000000ecb00000|100%| E|CS|TAMS 0x00000000eca00000, 0x00000000eca00000| Complete 
| 203|0x00000000ecb00000, 0x00000000ecc00000, 0x00000000ecc00000|100%| E|CS|TAMS 0x00000000ecb00000, 0x00000000ecb00000| Complete 
| 204|0x00000000ecc00000, 0x00000000ecd00000, 0x00000000ecd00000|100%| E|CS|TAMS 0x00000000ecc00000, 0x00000000ecc00000| Complete 
| 205|0x00000000ecd00000, 0x00000000ece00000, 0x00000000ece00000|100%| E|CS|TAMS 0x00000000ecd00000, 0x00000000ecd00000| Complete 
| 206|0x00000000ece00000, 0x00000000ecf00000, 0x00000000ecf00000|100%| E|CS|TAMS 0x00000000ece00000, 0x00000000ece00000| Complete 
| 207|0x00000000ecf00000, 0x00000000ed000000, 0x00000000ed000000|100%| E|CS|TAMS 0x00000000ecf00000, 0x00000000ecf00000| Complete 
| 208|0x00000000ed000000, 0x00000000ed100000, 0x00000000ed100000|100%| E|CS|TAMS 0x00000000ed000000, 0x00000000ed000000| Complete 
| 209|0x00000000ed100000, 0x00000000ed200000, 0x00000000ed200000|100%| E|CS|TAMS 0x00000000ed100000, 0x00000000ed100000| Complete 
| 210|0x00000000ed200000, 0x00000000ed300000, 0x00000000ed300000|100%| E|CS|TAMS 0x00000000ed200000, 0x00000000ed200000| Complete 
| 211|0x00000000ed300000, 0x00000000ed400000, 0x00000000ed400000|100%| E|CS|TAMS 0x00000000ed300000, 0x00000000ed300000| Complete 
| 212|0x00000000ed400000, 0x00000000ed500000, 0x00000000ed500000|100%| E|CS|TAMS 0x00000000ed400000, 0x00000000ed400000| Complete 
| 213|0x00000000ed500000, 0x00000000ed600000, 0x00000000ed600000|100%| E|CS|TAMS 0x00000000ed500000, 0x00000000ed500000| Complete 
| 214|0x00000000ed600000, 0x00000000ed700000, 0x00000000ed700000|100%| E|CS|TAMS 0x00000000ed600000, 0x00000000ed600000| Complete 
| 215|0x00000000ed700000, 0x00000000ed800000, 0x00000000ed800000|100%| E|CS|TAMS 0x00000000ed700000, 0x00000000ed700000| Complete 
| 216|0x00000000ed800000, 0x00000000ed900000, 0x00000000ed900000|100%| E|CS|TAMS 0x00000000ed800000, 0x00000000ed800000| Complete 
| 217|0x00000000ed900000, 0x00000000eda00000, 0x00000000eda00000|100%| E|CS|TAMS 0x00000000ed900000, 0x00000000ed900000| Complete 
| 218|0x00000000eda00000, 0x00000000edb00000, 0x00000000edb00000|100%| E|CS|TAMS 0x00000000eda00000, 0x00000000eda00000| Complete 
| 219|0x00000000edb00000, 0x00000000edc00000, 0x00000000edc00000|100%| E|CS|TAMS 0x00000000edb00000, 0x00000000edb00000| Complete 
| 220|0x00000000edc00000, 0x00000000edd00000, 0x00000000edd00000|100%| E|CS|TAMS 0x00000000edc00000, 0x00000000edc00000| Complete 
| 221|0x00000000edd00000, 0x00000000ede00000, 0x00000000ede00000|100%| E|CS|TAMS 0x00000000edd00000, 0x00000000edd00000| Complete 
| 222|0x00000000ede00000, 0x00000000edf00000, 0x00000000edf00000|100%| E|CS|TAMS 0x00000000ede00000, 0x00000000ede00000| Complete 
| 223|0x00000000edf00000, 0x00000000ee000000, 0x00000000ee000000|100%| E|CS|TAMS 0x00000000edf00000, 0x00000000edf00000| Complete 
| 224|0x00000000ee000000, 0x00000000ee100000, 0x00000000ee100000|100%| E|CS|TAMS 0x00000000ee000000, 0x00000000ee000000| Complete 
| 225|0x00000000ee100000, 0x00000000ee200000, 0x00000000ee200000|100%| E|CS|TAMS 0x00000000ee100000, 0x00000000ee100000| Complete 
| 226|0x00000000ee200000, 0x00000000ee300000, 0x00000000ee300000|100%| E|CS|TAMS 0x00000000ee200000, 0x00000000ee200000| Complete 
| 227|0x00000000ee300000, 0x00000000ee400000, 0x00000000ee400000|100%| E|CS|TAMS 0x00000000ee300000, 0x00000000ee300000| Complete 
| 228|0x00000000ee400000, 0x00000000ee500000, 0x00000000ee500000|100%| E|CS|TAMS 0x00000000ee400000, 0x00000000ee400000| Complete 
| 229|0x00000000ee500000, 0x00000000ee600000, 0x00000000ee600000|100%| E|CS|TAMS 0x00000000ee500000, 0x00000000ee500000| Complete 
| 230|0x00000000ee600000, 0x00000000ee700000, 0x00000000ee700000|100%| E|CS|TAMS 0x00000000ee600000, 0x00000000ee600000| Complete 
| 231|0x00000000ee700000, 0x00000000ee800000, 0x00000000ee800000|100%| E|CS|TAMS 0x00000000ee700000, 0x00000000ee700000| Complete 
| 232|0x00000000ee800000, 0x00000000ee900000, 0x00000000ee900000|100%| E|CS|TAMS 0x00000000ee800000, 0x00000000ee800000| Complete 
| 233|0x00000000ee900000, 0x00000000eea00000, 0x00000000eea00000|100%| E|CS|TAMS 0x00000000ee900000, 0x00000000ee900000| Complete 
| 234|0x00000000eea00000, 0x00000000eeb00000, 0x00000000eeb00000|100%| E|CS|TAMS 0x00000000eea00000, 0x00000000eea00000| Complete 
| 235|0x00000000eeb00000, 0x00000000eec00000, 0x00000000eec00000|100%| E|CS|TAMS 0x00000000eeb00000, 0x00000000eeb00000| Complete 
| 236|0x00000000eec00000, 0x00000000eed00000, 0x00000000eed00000|100%| E|CS|TAMS 0x00000000eec00000, 0x00000000eec00000| Complete 
| 237|0x00000000eed00000, 0x00000000eee00000, 0x00000000eee00000|100%| E|CS|TAMS 0x00000000eed00000, 0x00000000eed00000| Complete 
| 238|0x00000000eee00000, 0x00000000eef00000, 0x00000000eef00000|100%| E|CS|TAMS 0x00000000eee00000, 0x00000000eee00000| Complete 
| 239|0x00000000eef00000, 0x00000000ef000000, 0x00000000ef000000|100%| E|CS|TAMS 0x00000000eef00000, 0x00000000eef00000| Complete 
| 240|0x00000000ef000000, 0x00000000ef100000, 0x00000000ef100000|100%| E|CS|TAMS 0x00000000ef000000, 0x00000000ef000000| Complete 
| 241|0x00000000ef100000, 0x00000000ef200000, 0x00000000ef200000|100%| E|CS|TAMS 0x00000000ef100000, 0x00000000ef100000| Complete 
| 242|0x00000000ef200000, 0x00000000ef300000, 0x00000000ef300000|100%| E|CS|TAMS 0x00000000ef200000, 0x00000000ef200000| Complete 
| 243|0x00000000ef300000, 0x00000000ef400000, 0x00000000ef400000|100%| E|CS|TAMS 0x00000000ef300000, 0x00000000ef300000| Complete 
| 244|0x00000000ef400000, 0x00000000ef500000, 0x00000000ef500000|100%| E|CS|TAMS 0x00000000ef400000, 0x00000000ef400000| Complete 
| 245|0x00000000ef500000, 0x00000000ef600000, 0x00000000ef600000|100%| E|CS|TAMS 0x00000000ef500000, 0x00000000ef500000| Complete 
| 246|0x00000000ef600000, 0x00000000ef700000, 0x00000000ef700000|100%| E|CS|TAMS 0x00000000ef600000, 0x00000000ef600000| Complete 
| 247|0x00000000ef700000, 0x00000000ef800000, 0x00000000ef800000|100%| E|CS|TAMS 0x00000000ef700000, 0x00000000ef700000| Complete 
| 248|0x00000000ef800000, 0x00000000ef900000, 0x00000000ef900000|100%| E|CS|TAMS 0x00000000ef800000, 0x00000000ef800000| Complete 
| 249|0x00000000ef900000, 0x00000000efa00000, 0x00000000efa00000|100%| E|CS|TAMS 0x00000000ef900000, 0x00000000ef900000| Complete 
| 250|0x00000000efa00000, 0x00000000efb00000, 0x00000000efb00000|100%| E|CS|TAMS 0x00000000efa00000, 0x00000000efa00000| Complete 
| 251|0x00000000efb00000, 0x00000000efc00000, 0x00000000efc00000|100%| E|CS|TAMS 0x00000000efb00000, 0x00000000efb00000| Complete 
| 252|0x00000000efc00000, 0x00000000efd00000, 0x00000000efd00000|100%| E|CS|TAMS 0x00000000efc00000, 0x00000000efc00000| Complete 
| 253|0x00000000efd00000, 0x00000000efe00000, 0x00000000efe00000|100%| E|CS|TAMS 0x00000000efd00000, 0x00000000efd00000| Complete 
| 254|0x00000000efe00000, 0x00000000eff00000, 0x00000000eff00000|100%| E|CS|TAMS 0x00000000efe00000, 0x00000000efe00000| Complete 
| 255|0x00000000eff00000, 0x00000000f0000000, 0x00000000f0000000|100%| E|CS|TAMS 0x00000000eff00000, 0x00000000eff00000| Complete 

Card table byte_map: [0x00000259e21b0000,0x00000259e22b0000] _byte_map_base: 0x00000259e1ab0000

Marking Bits (Prev, Next): (CMBitMap*) 0x00000259c8c4a500, (CMBitMap*) 0x00000259c8c4a540
 Prev Bits: [0x00000259e23b0000, 0x00000259e2bb0000)
 Next Bits: [0x00000259e2bb0000, 0x00000259e33b0000)

Polling page: 0x00000259c8d00000

Metaspace:

Usage:
  Non-class:     30.76 MB capacity,    30.28 MB ( 98%) used,   440.41 KB (  1%) free+waste,    52.00 KB ( <1%) overhead. 
      Class:      4.75 MB capacity,     4.55 MB ( 96%) used,   189.20 KB (  4%) free+waste,    22.25 KB ( <1%) overhead. 
       Both:     35.51 MB capacity,    34.82 MB ( 98%) used,   629.61 KB (  2%) free+waste,    74.25 KB ( <1%) overhead. 

Virtual space:
  Non-class space:       32.00 MB reserved,      30.88 MB ( 96%) committed 
      Class space:      248.00 MB reserved,       4.82 MB (  2%) committed 
             Both:      280.00 MB reserved,      35.70 MB ( 13%) committed 

Chunk freelists:
   Non-Class:  41.00 KB
       Class:  27.00 KB
        Both:  68.00 KB

MaxMetaspaceSize: 256.00 MB
CompressedClassSpaceSize: 248.00 MB

CodeHeap 'non-profiled nmethods': size=120000Kb used=2285Kb max_used=2285Kb free=117715Kb
 bounds [0x00000259da120000, 0x00000259da390000, 0x00000259e1650000]
CodeHeap 'profiled nmethods': size=120000Kb used=8451Kb max_used=8451Kb free=111548Kb
 bounds [0x00000259d2bf0000, 0x00000259d3440000, 0x00000259da120000]
CodeHeap 'non-nmethods': size=5760Kb used=2320Kb max_used=2397Kb free=3439Kb
 bounds [0x00000259d2650000, 0x00000259d28c0000, 0x00000259d2bf0000]
 total_blobs=4830 nmethods=4049 adapters=693
 compilation: enabled
              stopped_count=0, restarted_count=0
 full_count=0

Compilation events (20 events):
Event: 6.012 Thread 0x00000259ea263140 nmethod 4071 0x00000259da330f90 code [0x00000259da3315e0, 0x00000259da33aec8]
Event: 6.012 Thread 0x00000259ea263140 4106       4       org.objectweb.asm.MethodWriter::visitFrame (811 bytes)
Event: 6.036 Thread 0x00000259e5e09b40 4118       2       java.util.concurrent.locks.AbstractQueuedSynchronizer$Node::setStatusRelaxed (12 bytes)
Event: 6.036 Thread 0x00000259e5e09b40 nmethod 4118 0x00000259d342bf90 code [0x00000259d342c120, 0x00000259d342c218]
Event: 6.039 Thread 0x00000259e5e09b40 4119 %     3       org.objectweb.asm.SymbolTable::addConstantUtf8Reference @ 13 (101 bytes)
Event: 6.040 Thread 0x00000259e5e09b40 nmethod 4119% 0x00000259d342c290 code [0x00000259d342c4c0, 0x00000259d342cbb8]
Event: 6.043 Thread 0x00000259e5e09b40 4120       3       java.util.Arrays::binarySearch0 (74 bytes)
Event: 6.043 Thread 0x00000259e5e09b40 nmethod 4120 0x00000259d342cf10 code [0x00000259d342d0c0, 0x00000259d342d358]
Event: 6.043 Thread 0x00000259e5e09b40 4121       3       org.apache.tools.zip.ZipOutputStream::flushDeflater (40 bytes)
Event: 6.043 Thread 0x00000259e5e09b40 nmethod 4121 0x00000259d342d490 code [0x00000259d342d660, 0x00000259d342db68]
Event: 6.044 Thread 0x00000259e5e09b40 4122       3       org.objectweb.asm.SymbolTable::addConstantUtf8Reference (101 bytes)
Event: 6.044 Thread 0x00000259e5e09b40 nmethod 4122 0x00000259d342dd90 code [0x00000259d342dfa0, 0x00000259d342e578]
Event: 6.067 Thread 0x00000259e5e09090 nmethod 3807% 0x00000259da33fe90 code [0x00000259da340540, 0x00000259da350260]
Event: 6.067 Thread 0x00000259e5e09090 4104 %     4       org.objectweb.asm.ClassReader::<init> @ 110 (371 bytes)
Event: 6.091 Thread 0x00000259e5e09090 nmethod 4104% 0x00000259da358b90 code [0x00000259da358dc0, 0x00000259da35a608]
Event: 6.091 Thread 0x00000259e5e09090 4116       4       org.objectweb.asm.ClassReader::readStackMapFrame (535 bytes)
Event: 6.092 Thread 0x00000259e5e09b40 4125       3       org.gradle.internal.file.FilePathUtil::getPathSegments (54 bytes)
Event: 6.093 Thread 0x00000259e5e09b40 nmethod 4125 0x00000259d342e890 code [0x00000259d342eb00, 0x00000259d342f688]
Event: 6.093 Thread 0x00000259e5e09b40 4126       3       org.gradle.api.file.RelativePath::getPathString (68 bytes)
Event: 6.093 Thread 0x00000259e5e09b40 nmethod 4126 0x00000259d342fb10 code [0x00000259d342fd40, 0x00000259d3430428]

GC Heap History (10 events):
Event: 0.472 GC heap before
{Heap before GC invocations=0 (full 0):
 garbage-first heap   total 262144K, used 28672K [0x00000000e0000000, 0x0000000100000000)
  region size 1024K, 23 young (23552K), 0 survivors (0K)
 Metaspace       used 3924K, capacity 6533K, committed 6656K, reserved 262144K
  class space    used 479K, capacity 727K, committed 768K, reserved 253952K
}
Event: 0.475 GC heap after
{Heap after GC invocations=1 (full 0):
 garbage-first heap   total 262144K, used 8635K [0x00000000e0000000, 0x0000000100000000)
  region size 1024K, 3 young (3072K), 3 survivors (3072K)
 Metaspace       used 3924K, capacity 6533K, committed 6656K, reserved 262144K
  class space    used 479K, capacity 727K, committed 768K, reserved 253952K
}
Event: 0.695 GC heap before
{Heap before GC invocations=1 (full 0):
 garbage-first heap   total 262144K, used 35259K [0x00000000e0000000, 0x0000000100000000)
  region size 1024K, 30 young (30720K), 3 survivors (3072K)
 Metaspace       used 4407K, capacity 6909K, committed 7040K, reserved 262144K
  class space    used 562K, capacity 831K, committed 896K, reserved 253952K
}
Event: 0.698 GC heap after
{Heap after GC invocations=2 (full 0):
 garbage-first heap   total 262144K, used 12827K [0x00000000e0000000, 0x0000000100000000)
  region size 1024K, 4 young (4096K), 4 survivors (4096K)
 Metaspace       used 4407K, capacity 6909K, committed 7040K, reserved 262144K
  class space    used 562K, capacity 831K, committed 896K, reserved 253952K
}
Event: 4.085 GC heap before
{Heap before GC invocations=2 (full 0):
 garbage-first heap   total 262144K, used 119323K [0x00000000e0000000, 0x0000000100000000)
  region size 1024K, 95 young (97280K), 4 survivors (4096K)
 Metaspace       used 20648K, capacity 21181K, committed 21296K, reserved 272384K
  class space    used 2998K, capacity 3188K, committed 3200K, reserved 253952K
}
Event: 4.094 GC heap after
{Heap after GC invocations=3 (full 0):
 garbage-first heap   total 262144K, used 35845K [0x00000000e0000000, 0x0000000100000000)
  region size 1024K, 13 young (13312K), 13 survivors (13312K)
 Metaspace       used 20648K, capacity 21181K, committed 21296K, reserved 272384K
  class space    used 2998K, capacity 3188K, committed 3200K, reserved 253952K
}
Event: 5.459 GC heap before
{Heap before GC invocations=4 (full 0):
 garbage-first heap   total 262144K, used 117765K [0x00000000e0000000, 0x0000000100000000)
  region size 1024K, 88 young (90112K), 13 survivors (13312K)
 Metaspace       used 35288K, capacity 35916K, committed 36048K, reserved 286720K
  class space    used 4650K, capacity 4869K, committed 4940K, reserved 253952K
}
Event: 5.467 GC heap after
{Heap after GC invocations=5 (full 0):
 garbage-first heap   total 262144K, used 46641K [0x00000000e0000000, 0x0000000100000000)
  region size 1024K, 15 young (15360K), 15 survivors (15360K)
 Metaspace       used 35288K, capacity 35916K, committed 36048K, reserved 286720K
  class space    used 4650K, capacity 4869K, committed 4940K, reserved 253952K
}
Event: 5.881 GC heap before
{Heap before GC invocations=6 (full 0):
 garbage-first heap   total 262144K, used 193073K [0x00000000e0000000, 0x0000000100000000)
  region size 1024K, 153 young (156672K), 15 survivors (15360K)
 Metaspace       used 35659K, capacity 36364K, committed 36560K, reserved 286720K
  class space    used 4657K, capacity 4869K, committed 4940K, reserved 253952K
}
Event: 5.890 GC heap after
{Heap after GC invocations=7 (full 0):
 garbage-first heap   total 262144K, used 48564K [0x00000000e0000000, 0x0000000100000000)
  region size 1024K, 9 young (9216K), 9 survivors (9216K)
 Metaspace       used 35659K, capacity 36364K, committed 36560K, reserved 286720K
  class space    used 4657K, capacity 4869K, committed 4940K, reserved 253952K
}

Deoptimization events (20 events):
Event: 6.147 Thread 0x00000259e8df8790 DEOPT PACKING pc=0x00000259d33bc860 sp=0x000000eb2a1fe9c0
Event: 6.147 Thread 0x00000259e8df8790 DEOPT UNPACKING pc=0x00000259d269f6cf sp=0x000000eb2a1fdea0 mode 0
Event: 6.154 Thread 0x00000259e8df8790 DEOPT PACKING pc=0x00000259d33f0634 sp=0x000000eb2a1fe730
Event: 6.154 Thread 0x00000259e8df8790 DEOPT UNPACKING pc=0x00000259d269f6cf sp=0x000000eb2a1fdbf0 mode 0
Event: 6.156 Thread 0x00000259e8df8790 DEOPT PACKING pc=0x00000259d3344f1d sp=0x000000eb2a1fe1b0
Event: 6.156 Thread 0x00000259e8df8790 DEOPT UNPACKING pc=0x00000259d269f6cf sp=0x000000eb2a1fd8c0 mode 0
Event: 6.156 Thread 0x00000259e8df8790 DEOPT PACKING pc=0x00000259d33bc860 sp=0x000000eb2a1fe9c0
Event: 6.156 Thread 0x00000259e8df8790 DEOPT UNPACKING pc=0x00000259d269f6cf sp=0x000000eb2a1fdea0 mode 0
Event: 6.163 Thread 0x00000259e8df8790 DEOPT PACKING pc=0x00000259d33bc860 sp=0x000000eb2a1fe9c0
Event: 6.163 Thread 0x00000259e8df8790 DEOPT UNPACKING pc=0x00000259d269f6cf sp=0x000000eb2a1fdea0 mode 0
Event: 6.170 Thread 0x00000259e8df8790 DEOPT PACKING pc=0x00000259d33ee1f9 sp=0x000000eb2a1fe750
Event: 6.170 Thread 0x00000259e8df8790 DEOPT UNPACKING pc=0x00000259d269f6cf sp=0x000000eb2a1fdbd8 mode 0
Event: 6.173 Thread 0x00000259e8df8790 DEOPT PACKING pc=0x00000259d33bc860 sp=0x000000eb2a1fe9c0
Event: 6.173 Thread 0x00000259e8df8790 DEOPT UNPACKING pc=0x00000259d269f6cf sp=0x000000eb2a1fdea0 mode 0
Event: 6.174 Thread 0x00000259e8df8790 DEOPT PACKING pc=0x00000259d3344f1d sp=0x000000eb2a1fe1b0
Event: 6.174 Thread 0x00000259e8df8790 DEOPT UNPACKING pc=0x00000259d269f6cf sp=0x000000eb2a1fd8c0 mode 0
Event: 6.175 Thread 0x00000259e8df8790 DEOPT PACKING pc=0x00000259d34074c2 sp=0x000000eb2a1fe760
Event: 6.175 Thread 0x00000259e8df8790 DEOPT UNPACKING pc=0x00000259d269f6cf sp=0x000000eb2a1fdc00 mode 0
Event: 6.176 Thread 0x00000259e8df8790 DEOPT PACKING pc=0x00000259d3344f1d sp=0x000000eb2a1fe1b0
Event: 6.176 Thread 0x00000259e8df8790 DEOPT UNPACKING pc=0x00000259d269f6cf sp=0x000000eb2a1fd8c0 mode 0

Classes unloaded (0 events):
No events

Classes redefined (0 events):
No events

Internal exceptions (20 events):
Event: 5.238 Thread 0x00000259e7ce7210 Exception <a 'java/lang/ClassNotFoundException'{0x00000000ec7d1df8}: org/gradle/internal/metaobject/ConfigureDelegateCustomizer> (0x00000000ec7d1df8) 
thrown [./open/src/hotspot/share/classfile/systemDictionary.cpp, line 295]
Event: 5.240 Thread 0x00000259e7ce7210 Exception <a 'java/lang/ClassNotFoundException'{0x00000000ec60bbb0}: org/gradle/api/internal/initialization/DefaultScriptHandlerBeanInfo> (0x00000000ec60bbb0) 
thrown [./open/src/hotspot/share/classfile/systemDictionary.cpp, line 295]
Event: 5.240 Thread 0x00000259e7ce7210 Exception <a 'java/lang/ClassNotFoundException'{0x00000000ec6194e0}: org/gradle/api/internal/initialization/DefaultScriptHandlerCustomizer> (0x00000000ec6194e0) 
thrown [./open/src/hotspot/share/classfile/systemDictionary.cpp, line 295]
Event: 5.296 Thread 0x00000259e7ce7210 Exception <a 'java/lang/ClassNotFoundException'{0x00000000ec16f1b0}: org/gradle/api/internal/artifacts/dsl/dependencies/DefaultDependencyHandler_DecoratedBeanInfo> (0x00000000ec16f1b0) 
thrown [./open/src/hotspot/share/classfile/systemDictionary.cpp, line 295]
Event: 5.296 Thread 0x00000259e7ce7210 Exception <a 'java/lang/ClassNotFoundException'{0x00000000ec1810b8}: org/gradle/api/internal/artifacts/dsl/dependencies/DefaultDependencyHandlerBeanInfo> (0x00000000ec1810b8) 
thrown [./open/src/hotspot/share/classfile/systemDictionary.cpp, line 295]
Event: 5.296 Thread 0x00000259e7ce7210 Exception <a 'java/lang/ClassNotFoundException'{0x00000000ec192d30}: org/gradle/api/internal/artifacts/dsl/dependencies/DefaultDependencyHandlerCustomizer> (0x00000000ec192d30) 
thrown [./open/src/hotspot/share/classfile/systemDictionary.cpp, line 295]
Event: 5.298 Thread 0x00000259e7ce7210 Exception <a 'java/lang/ClassNotFoundException'{0x00000000ec1cc8b0}: org/gradle/api/internal/artifacts/dsl/dependencies/DefaultDependencyHandler_DecoratedCustomizer> (0x00000000ec1cc8b0) 
thrown [./open/src/hotspot/share/classfile/systemDictionary.cpp, line 295]
Event: 5.299 Thread 0x00000259e7ce7210 Exception <a 'java/lang/ClassNotFoundException'{0x00000000ec008e48}: sync_studio_tooling4_tnn7xgnvrhv04w9jz3oy7181$_run_closure1BeanInfo> (0x00000000ec008e48) 
thrown [./open/src/hotspot/share/classfile/systemDictionary.cpp, line 295]
Event: 5.300 Thread 0x00000259e7ce7210 Exception <a 'java/lang/ClassNotFoundException'{0x00000000ec00f0e0}: sync_studio_tooling4_tnn7xgnvrhv04w9jz3oy7181$_run_closure1Customizer> (0x00000000ec00f0e0) 
thrown [./open/src/hotspot/share/classfile/systemDictionary.cpp, line 295]
Event: 5.310 Thread 0x00000259e7ce7210 Exception <a 'java/lang/NoSuchMethodError'{0x00000000ec0c8268}: 'java.lang.Object java.lang.invoke.DirectMethodHandle$Holder.newInvokeSpecial(java.lang.Object, java.lang.Object, int, java.lang.Object)'> (0x00000000ec0c8268) 
thrown [./open/src/hotspot/share/interpreter/linkResolver.cpp, line 782]
Event: 5.310 Thread 0x00000259e7ce7210 Exception <a 'java/lang/NoSuchMethodError'{0x00000000ec0cc998}: 'java.lang.Object java.lang.invoke.DirectMethodHandle$Holder.invokeSpecial(java.lang.Object, java.lang.Object, java.lang.Object, int, java.lang.Object)'> (0x00000000ec0cc998) 
thrown [./open/src/hotspot/share/interpreter/linkResolver.cpp, line 782]
Event: 5.341 Thread 0x00000259e7ce7210 Exception <a 'java/lang/NoSuchMethodError'{0x00000000ebd5b000}: 'java.lang.Object java.lang.invoke.DirectMethodHandle$Holder.newInvokeSpecial(java.lang.Object, int, java.lang.Object)'> (0x00000000ebd5b000) 
thrown [./open/src/hotspot/share/interpreter/linkResolver.cpp, line 782]
Event: 5.393 Thread 0x00000259e7ce7210 Exception <a 'java/lang/NoSuchMethodError'{0x00000000eb97d018}: 'int java.lang.invoke.DirectMethodHandle$Holder.invokeInterface(java.lang.Object, java.lang.Object)'> (0x00000000eb97d018) 
thrown [./open/src/hotspot/share/interpreter/linkResolver.cpp, line 782]
Event: 5.393 Thread 0x00000259e7ce7210 Exception <a 'java/lang/IncompatibleClassChangeError'{0x00000000eb981218}: Found class java.lang.Object, but interface was expected> (0x00000000eb981218) 
thrown [./open/src/hotspot/share/interpreter/linkResolver.cpp, line 848]
Event: 5.394 Thread 0x00000259e7ce7210 Exception <a 'java/lang/NoSuchMethodError'{0x00000000eb989428}: 'int java.lang.invoke.DirectMethodHandle$Holder.invokeSpecialIFC(java.lang.Object, java.lang.Object, java.lang.Object, java.lang.Object, java.lang.Object)'> (0x00000000eb989428) 
thrown [./open/src/hotspot/share/interpreter/linkResolver.cpp, line 782]
Event: 5.409 Thread 0x00000259e7ce7210 Exception <a 'java/lang/NoSuchMethodError'{0x00000000eb8684d8}: 'java.lang.Object java.lang.invoke.DirectMethodHandle$Holder.newInvokeSpecial(java.lang.Object, java.lang.Object, int)'> (0x00000000eb8684d8) 
thrown [./open/src/hotspot/share/interpreter/linkResolver.cpp, line 782]
Event: 5.433 Thread 0x00000259e7ce7210 Exception <a 'java/lang/NoSuchMethodError'{0x00000000eb63ea48}: 'int java.lang.invoke.DirectMethodHandle$Holder.invokeStatic(java.lang.Object)'> (0x00000000eb63ea48) 
thrown [./open/src/hotspot/share/interpreter/linkResolver.cpp, line 782]
Event: 5.433 Thread 0x00000259e7ce7210 Exception <a 'java/lang/NoSuchMethodError'{0x00000000eb642d90}: 'int java.lang.invoke.DirectMethodHandle$Holder.invokeStaticInit(java.lang.Object)'> (0x00000000eb642d90) 
thrown [./open/src/hotspot/share/interpreter/linkResolver.cpp, line 782]
Event: 5.777 Thread 0x00000259e8df7df0 Exception <a 'sun/nio/fs/WindowsException'{0x00000000e82b51a0}> (0x00000000e82b51a0) 
thrown [./open/src/hotspot/share/prims/jni.cpp, line 578]
Event: 5.778 Thread 0x00000259e8df7df0 Exception <a 'sun/nio/fs/WindowsException'{0x00000000e82b5348}> (0x00000000e82b5348) 
thrown [./open/src/hotspot/share/prims/jni.cpp, line 578]

Events (20 events):
Event: 5.320 loading class java/io/DeleteOnExitHook$1 done
Event: 5.392 loading class java/util/Collections$ReverseComparator
Event: 5.392 loading class java/util/Collections$ReverseComparator done
Event: 5.392 loading class java/util/Comparators$NaturalOrderComparator
Event: 5.393 loading class java/util/Comparators$NaturalOrderComparator done
Event: 5.393 loading class java/util/Collections$ReverseComparator2
Event: 5.393 loading class java/util/Collections$ReverseComparator2 done
Event: 5.430 Executing VM operation: ICBufferFull
Event: 5.430 Executing VM operation: ICBufferFull done
Event: 5.443 Executing VM operation: CollectForMetadataAllocation
Event: 5.467 Executing VM operation: CollectForMetadataAllocation done
Event: 5.468 loading class java/util/zip/ZipFile$ZipEntryIterator
Event: 5.469 loading class java/util/zip/ZipFile$ZipEntryIterator done
Event: 5.476 Executing VM operation: G1Concurrent
Event: 5.478 Executing VM operation: G1Concurrent done
Event: 5.479 Executing VM operation: G1Concurrent
Event: 5.480 Executing VM operation: G1Concurrent done
Event: 5.617 Loaded shared library C:\Program Files\Java\jdk-15.0.2\bin\zip.dll
Event: 5.881 Executing VM operation: G1CollectForAllocation
Event: 5.891 Executing VM operation: G1CollectForAllocation done


Dynamic libraries:
0x00007ff62f3a0000 - 0x00007ff62f3af000 	C:\Program Files\Java\jdk-15.0.2\bin\java.exe
0x00007ffc17090000 - 0x00007ffc17285000 	C:\WINDOWS\SYSTEM32\ntdll.dll
0x00007ffc16a00000 - 0x00007ffc16abe000 	C:\WINDOWS\System32\KERNEL32.DLL
0x00007ffc149b0000 - 0x00007ffc14c79000 	C:\WINDOWS\System32\KERNELBASE.dll
0x00007ffc14e50000 - 0x00007ffc14f50000 	C:\WINDOWS\System32\ucrtbase.dll
0x00007ffbe2190000 - 0x00007ffbe21a9000 	C:\Program Files\Java\jdk-15.0.2\bin\VCRUNTIME140.dll
0x00007ffbe22a0000 - 0x00007ffbe22b8000 	C:\Program Files\Java\jdk-15.0.2\bin\jli.dll
0x00007ffc15160000 - 0x00007ffc1520c000 	C:\WINDOWS\System32\ADVAPI32.dll
0x00007ffc16960000 - 0x00007ffc169fe000 	C:\WINDOWS\System32\msvcrt.dll
0x00007ffc16b20000 - 0x00007ffc16bbb000 	C:\WINDOWS\System32\sechost.dll
0x00007ffc15ea0000 - 0x00007ffc15fca000 	C:\WINDOWS\System32\RPCRT4.dll
0x00007ffc15fe0000 - 0x00007ffc16181000 	C:\WINDOWS\System32\USER32.dll
0x00007ffbfe540000 - 0x00007ffbfe7da000 	C:\WINDOWS\WinSxS\amd64_microsoft.windows.common-controls_6595b64144ccf1df_6.0.19041.1110_none_60b5254171f9507e\COMCTL32.dll
0x00007ffc15060000 - 0x00007ffc15082000 	C:\WINDOWS\System32\win32u.dll
0x00007ffc16190000 - 0x00007ffc161bb000 	C:\WINDOWS\System32\GDI32.dll
0x00007ffc14c80000 - 0x00007ffc14d8b000 	C:\WINDOWS\System32\gdi32full.dll
0x00007ffc14910000 - 0x00007ffc149ad000 	C:\WINDOWS\System32\msvcp_win.dll
0x00007ffc05cc0000 - 0x00007ffc05cca000 	C:\WINDOWS\SYSTEM32\VERSION.dll
0x00007ffc15800000 - 0x00007ffc15830000 	C:\WINDOWS\System32\IMM32.DLL
0x00007ffbf71d0000 - 0x00007ffbf71dc000 	C:\Program Files\Java\jdk-15.0.2\bin\vcruntime140_1.dll
0x00007ffbc0dc0000 - 0x00007ffbc0e51000 	C:\Program Files\Java\jdk-15.0.2\bin\msvcp140.dll
0x00007ffb84430000 - 0x00007ffb84f8e000 	C:\Program Files\Java\jdk-15.0.2\bin\server\jvm.dll
0x00007ffc15fd0000 - 0x00007ffc15fd8000 	C:\WINDOWS\System32\PSAPI.DLL
0x00007ffc0a780000 - 0x00007ffc0a789000 	C:\WINDOWS\SYSTEM32\WSOCK32.dll
0x00007ffbf58e0000 - 0x00007ffbf5907000 	C:\WINDOWS\SYSTEM32\WINMM.dll
0x00007ffc15c70000 - 0x00007ffc15cdb000 	C:\WINDOWS\System32\WS2_32.dll
0x00007ffc12ff0000 - 0x00007ffc13002000 	C:\WINDOWS\SYSTEM32\kernel.appcore.dll
0x00007ffbf65a0000 - 0x00007ffbf65aa000 	C:\Program Files\Java\jdk-15.0.2\bin\jimage.dll
0x00007ffc123f0000 - 0x00007ffc125d4000 	C:\WINDOWS\SYSTEM32\DBGHELP.DLL
0x00007ffbf5230000 - 0x00007ffbf525c000 	C:\WINDOWS\SYSTEM32\dbgcore.DLL
0x00007ffc14dc0000 - 0x00007ffc14e43000 	C:\WINDOWS\System32\bcryptPrimitives.dll
0x00007ffbe2160000 - 0x00007ffbe2185000 	C:\Program Files\Java\jdk-15.0.2\bin\java.dll
0x00007ffc16220000 - 0x00007ffc1695f000 	C:\WINDOWS\System32\SHELL32.dll
0x00007ffc12850000 - 0x00007ffc12fe0000 	C:\WINDOWS\SYSTEM32\windows.storage.dll
0x00007ffc15830000 - 0x00007ffc15b85000 	C:\WINDOWS\System32\combase.dll
0x00007ffc14120000 - 0x00007ffc1414c000 	C:\WINDOWS\SYSTEM32\Wldp.dll
0x00007ffc15330000 - 0x00007ffc153dd000 	C:\WINDOWS\System32\SHCORE.dll
0x00007ffc16ac0000 - 0x00007ffc16b15000 	C:\WINDOWS\System32\shlwapi.dll
0x00007ffc146f0000 - 0x00007ffc1470f000 	C:\WINDOWS\SYSTEM32\profapi.dll
0x00007ffbe2090000 - 0x00007ffbe20a9000 	C:\Program Files\Java\jdk-15.0.2\bin\net.dll
0x00007ffc0ed70000 - 0x00007ffc0ee78000 	C:\WINDOWS\SYSTEM32\WINHTTP.dll
0x00007ffc13f00000 - 0x00007ffc13f6a000 	C:\WINDOWS\system32\mswsock.dll
0x00007ffbe2070000 - 0x00007ffbe2082000 	C:\Program Files\Java\jdk-15.0.2\bin\nio.dll
0x00007ffbe1cd0000 - 0x00007ffbe1ce8000 	C:\Program Files\Java\jdk-15.0.2\bin\zip.dll
0x00007ffbefec0000 - 0x00007ffbefed0000 	C:\Program Files\Java\jdk-15.0.2\bin\verify.dll
0x00007ffc10ed0000 - 0x00007ffc10ef7000 	C:\Users\User\.gradle\native\e1d6ef7f7dcc3fd88c89a11ec53ec762bb8ba0a96d01ffa2cd45eb1d1d8dd5c5\windows-amd64\native-platform.dll
0x00007ffbd4450000 - 0x00007ffbd4594000 	C:\Users\User\.gradle\native\5664cfc778a61ccfe75a443a1ab52a65af34e5dc3c78e0209fed803814484fcb\windows-amd64\native-platform-file-events.dll
0x00007ffbe8760000 - 0x00007ffbe8769000 	C:\Program Files\Java\jdk-15.0.2\bin\management.dll
0x00007ffbe5f70000 - 0x00007ffbe5f7b000 	C:\Program Files\Java\jdk-15.0.2\bin\management_ext.dll
0x00007ffc14160000 - 0x00007ffc14178000 	C:\WINDOWS\SYSTEM32\CRYPTSP.dll
0x00007ffc13830000 - 0x00007ffc13864000 	C:\WINDOWS\system32\rsaenh.dll
0x00007ffc14d90000 - 0x00007ffc14db7000 	C:\WINDOWS\System32\bcrypt.dll
0x00007ffc14670000 - 0x00007ffc1469e000 	C:\WINDOWS\SYSTEM32\USERENV.dll
0x00007ffc14090000 - 0x00007ffc1409c000 	C:\WINDOWS\SYSTEM32\CRYPTBASE.dll
0x00007ffc13bc0000 - 0x00007ffc13bfb000 	C:\WINDOWS\SYSTEM32\IPHLPAPI.DLL
0x00007ffc16bc0000 - 0x00007ffc16bc8000 	C:\WINDOWS\System32\NSI.dll
0x00007ffc09130000 - 0x00007ffc09147000 	C:\WINDOWS\SYSTEM32\dhcpcsvc6.DLL
0x00007ffc09110000 - 0x00007ffc0912d000 	C:\WINDOWS\SYSTEM32\dhcpcsvc.DLL
0x00007ffc13c10000 - 0x00007ffc13cdc000 	C:\WINDOWS\SYSTEM32\DNSAPI.dll

dbghelp: loaded successfully - version: 4.0.5 - missing functions: none
symbol engine: initialized successfully - sym options: 0x614 - pdb path: .;C:\Program Files\Java\jdk-15.0.2\bin;C:\WINDOWS\SYSTEM32;C:\WINDOWS\WinSxS\amd64_microsoft.windows.common-controls_6595b64144ccf1df_6.0.19041.1110_none_60b5254171f9507e;C:\Program Files\Java\jdk-15.0.2\bin\server;C:\Users\User\.gradle\native\e1d6ef7f7dcc3fd88c89a11ec53ec762bb8ba0a96d01ffa2cd45eb1d1d8dd5c5\windows-amd64;C:\Users\User\.gradle\native\5664cfc778a61ccfe75a443a1ab52a65af34e5dc3c78e0209fed803814484fcb\windows-amd64

VM Arguments:
jvm_args: -XX:MaxMetaspaceSize=256m -XX:+HeapDumpOnOutOfMemoryError --add-opens=java.base/java.util=ALL-UNNAMED --add-opens=java.base/java.lang=ALL-UNNAMED --add-opens=java.base/java.lang.invoke=ALL-UNNAMED --add-opens=java.prefs/java.util.prefs=ALL-UNNAMED -Xms256m -Xmx512m -Dfile.encoding=windows-1252 -Duser.country=US -Duser.language=en -Duser.variant 
java_command: org.gradle.launcher.daemon.bootstrap.GradleDaemon 6.9.1
java_class_path (initial): C:\gradle-6.9.1\lib\gradle-launcher-6.9.1.jar
Launcher Type: SUN_STANDARD

[Global flags]
     intx CICompilerCount                          = 4                                         {product} {ergonomic}
   size_t CompressedClassSpaceSize                 = 260046848                                 {product} {ergonomic}
     uint ConcGCThreads                            = 2                                         {product} {ergonomic}
     uint G1ConcRefinementThreads                  = 8                                         {product} {ergonomic}
   size_t G1HeapRegionSize                         = 1048576                                   {product} {ergonomic}
    uintx GCDrainStackTargetSize                   = 64                                        {product} {ergonomic}
     bool HeapDumpOnOutOfMemoryError               = true                                   {manageable} {command line}
   size_t InitialHeapSize                          = 268435456                                 {product} {command line}
   size_t MarkStackSize                            = 4194304                                   {product} {ergonomic}
   size_t MaxHeapSize                              = 536870912                                 {product} {command line}
   size_t MaxMetaspaceSize                         = 268435456                                 {product} {command line}
   size_t MaxNewSize                               = 321912832                                 {product} {ergonomic}
   size_t MinHeapDeltaBytes                        = 1048576                                   {product} {ergonomic}
   size_t MinHeapSize                              = 268435456                                 {product} {command line}
    uintx NonNMethodCodeHeapSize                   = 5839372                                {pd product} {ergonomic}
    uintx NonProfiledCodeHeapSize                  = 122909434                              {pd product} {ergonomic}
    uintx ProfiledCodeHeapSize                     = 122909434                              {pd product} {ergonomic}
    uintx ReservedCodeCacheSize                    = 251658240                              {pd product} {ergonomic}
     bool SegmentedCodeCache                       = true                                      {product} {ergonomic}
   size_t SoftMaxHeapSize                          = 536870912                              {manageable} {ergonomic}
     bool UseCompressedClassPointers               = true                                 {lp64_product} {ergonomic}
     bool UseCompressedOops                        = true                                 {lp64_product} {ergonomic}
     bool UseG1GC                                  = true                                      {product} {ergonomic}
     bool UseLargePagesIndividualAllocation        = false                                  {pd product} {ergonomic}

Logging:
Log output configuration:
 #0: stdout all=warning uptime,level,tags
 #1: stderr all=off uptime,level,tags

Environment Variables:
JAVA_HOME=C:\Program Files\Java\jdk-15.0.2\
PATH=C:\Program Files\Java\jdk-15.0.2\\bin;C:\Program Files\Common Files\Oracle\Java\javapath;C:\Python39\Scripts\;C:\Python39\;C:\WINDOWS\system32;C:\WINDOWS;C:\WINDOWS\System32\Wbem;C:\WINDOWS\System32\WindowsPowerShell\v1.0\;C:\WINDOWS\System32\OpenSSH\;C:\Program Files\Git\cmd;C:\Program Files\nodejs\;C:\ProgramData\chocolatey\bin;C:\Program Files\Docker\Docker\resources\bin;C:\ProgramData\DockerDesktop\version-bin;C:\Program Files (x86)\sbt\bin;C:\Users\User\AppData\Local\Microsoft\WindowsApps;C:\Program Files\JetBrains\WebStorm 2021.2.2\bin;;C:\Users\User\AppData\Roaming\npm;C:\Program Files\JetBrains\IntelliJ IDEA 2021.2.2\bin;;C:\Program Files\JetBrains\DataGrip 2021.2.4\bin;;C:\Program Files\JetBrains\PyCharm 2021.2.3\bin;;C:\gradle-6.9.1\\bin;
USERNAME=User
OS=Windows_NT
PROCESSOR_IDENTIFIER=Intel64 Family 6 Model 140 Stepping 1, GenuineIntel



---------------  S Y S T E M  ---------------

OS:
 Windows 10 , 64 bit Build 19041 (10.0.19041.1202)
OS uptime: 8 days 1:15 hours
HyperV virtualization detected

CPU: total 8 (initial active 8) (4 cores per cpu, 2 threads per core) family 6 model 140 stepping 1 microcode 0x86, cmov, cx8, fxsr, mmx, sse, sse2, sse3, ssse3, sse4.1, sse4.2, popcnt, vzeroupper, avx, avx2, aes, clmul, erms, 3dnowpref, lzcnt, ht, tsc, tscinvbit, bmi1, bmi2, adx, avx512f, avx512dq, avx512cd, avx512bw, avx512vl, avx512_vpopcntdq, avx512_vpclmulqdq, avx512_vbmi, avx512_vbmi2, avx512_vaes, avx512_vnni, sha, fma, clflush, clflushopt, clwb

Memory: 4k page, system-wide physical 12014M (258M free)
TotalPageFile size 42459M (AvailPageFile size 6M)
current process WorkingSet (physical memory assigned to process): 377M, peak: 382M
current process commit charge ("private bytes"): 478M, peak: 480M

vm_info: Java HotSpot(TM) 64-Bit Server VM (15.0.2+7-27) for windows-amd64 JRE (15.0.2+7-27), built on Dec  7 2020 20:07:01 by "mach5one" with unknown MS VC++:1925

END.
